Warning: no access to tty (Bad file descriptor).
Thus no job control in this shell.
mcr210
LCRM job id = 1744
Running with these driver parameters:
  solver ID    = 0

Reading the mesh....................done.

 Levels 1-3
============

 Levels 4-6
============

 Levels 7-9
============

 Levels 10-10
============
Creating the ParFESpace.............done.
Assembling the matrix...............done.
Assembling the rhs..................done.
Finalizing the matrix...............done.
Creating the HypreParMatrix.........done.
Creating the RHS HypreParVector.....done.
=============================================
aFEM problem generation times:
=============================================
aFEM problem generation:
  wall clock time = 46.190000 seconds
  wall MFLOPS     = 0.000000
  cpu clock time  = 45.970000 seconds
  cpu MFLOPS      = 0.000000

=============================================
IJ Matrix Setup:
=============================================
Spatial operator:
  wall clock time = 1.110000 seconds
  wall MFLOPS     = 0.000000
  cpu clock time  = 1.100000 seconds
  cpu MFLOPS      = 0.000000

  RHS vector is 0
  Initial guess has unit components
=============================================
IJ Vector Setup:
=============================================
RHS and Initial Guess:
  wall clock time = 0.120000 seconds
  wall MFLOPS     = 0.000000
  cpu clock time  = 0.120000 seconds
  cpu MFLOPS      = 0.000000

Solver:  AMG
Out of memory trying to allocate 521261752 bytes
