Warning: no access to tty (Bad file descriptor).
Thus no job control in this shell.
mcr141
LCRM job id = 1652
Running with these driver parameters:
  solver ID    = 0

Reading the mesh....................done.
Creating the ParFESpace.............done.
Assembling the matrix...............done.
Assembling the rhs..................done.
Finalizing the matrix...............done.
Creating the HypreParMatrix.........done.
Creating the RHS HypreParVector.....done.
=============================================
aFEM problem generation times:
=============================================
aFEM problem generation:
  wall clock time = 38.740000 seconds
  wall MFLOPS     = 0.000000
  cpu clock time  = 38.650000 seconds
  cpu MFLOPS      = 0.000000

=============================================
IJ Matrix Setup:
=============================================
Spatial operator:
  wall clock time = 2.330000 seconds
  wall MFLOPS     = 0.000000
  cpu clock time  = 2.310000 seconds
  cpu MFLOPS      = 0.000000

  RHS vector is 0
  Initial guess has unit components
=============================================
IJ Vector Setup:
=============================================
RHS and Initial Guess:
  wall clock time = 0.340000 seconds
  wall MFLOPS     = 0.000000
  cpu clock time  = 0.340000 seconds
  cpu MFLOPS      = 0.000000

Solver:  AMG

BoomerAMG SETUP PARAMETERS:

 Max levels = 25
 Num levels = 21

 Strength Threshold = 0.250000
 Interpolation Truncation Factor = 0.000000
 Maximum Row Sum Threshold for Dependency Weakening = 1.000000

 Coarsening Type = Falgout-CLJP 
 Hybrid Coarsening (switch to CLJP when coarsening slows)
 measures are determined locally


Operator Matrix Information:

            nonzero         entries per row        row sums
lev   rows  entries  sparse  min  max   avg       min         max
===================================================================
 0 67125249 335462409  0.000     1    5   5.0  -4.662e-16   2.000e+00
 1 33546254 234774680  0.000     3    9   7.0  -7.103e-16   1.000e+00
 2 16773167 150892901  0.000     4   11   9.0  -9.765e-16   1.000e+00
 3 8387288 83563020  0.000     4   13  10.0  -1.455e-15   1.000e+00
 4 4195325 42792089  0.000     4   14  10.2  -2.395e-15   1.001e+00
 5 2101221 21425897  0.000     4   14  10.2  -4.277e-15   1.002e+00
 6 1056011 10748073  0.000     4   14  10.2  -8.127e-15   1.004e+00
 7  539165 10719049  0.000     4   28  19.9  -1.609e-14   1.008e+00
 8  205130  4891478  0.000     7   37  23.8  -5.316e-14   1.011e+00
 9   79457  2095011  0.000     6   47  26.4  -1.801e-13   1.013e+00
10   30021   889009  0.001     8   60  29.6  -5.630e-13   1.011e+00
11   11990   393206  0.003     7   64  32.8  -1.180e-12   2.146e-01
12    4708   149386  0.007     7   55  31.7   4.148e-10   5.899e-02
13    1792    46250  0.014    10   43  25.8   8.721e-05   2.964e-02
14     650    10990  0.026     6   27  16.9   1.049e-03   2.801e-02
15     205     1793  0.043     5   14   8.7   5.093e-03   3.439e-02
16      86      504  0.068     3    9   5.9   9.942e-03   3.923e-02
17      43      207  0.112     3    8   4.8   1.271e-02   3.904e-02
18      23       85  0.161     2    6   3.7   1.272e-02   3.461e-02
19      11       35  0.289     2    4   3.2   1.799e-02   3.547e-02
20       5       13  0.520     2    3   2.6   1.814e-02   3.801e-02


Interpolation Matrix Information:

                 entries/row    min     max         row sums
lev  rows cols    min max     weight   weight     min       max 
=================================================================
 0 67125249 x 33546254   0   2   5.000e-01 5.000e-01 0.000e+00 1.000e+00
 1 33546254 x 16773167   1   2   3.333e-01 6.667e-01 3.333e-01 1.000e+00
 2 16773167 x 8387288   1   2   1.999e-01 1.000e+00 1.999e-01 1.000e+00
 3 8387288 x 4195325   1   2   1.109e-01 1.000e+00 1.109e-01 1.000e+00
 4 4195325 x 2101221   1   2   5.832e-02 1.000e+00 5.832e-02 1.000e+00
 5 2101221 x 1056011   1   2   2.925e-02 1.000e+00 2.925e-02 1.000e+00
 6 1056011 x 539165   1   4   1.329e-02 1.000e+00 1.329e-02 1.000e+00
 7 539165 x 205130   1   8   4.890e-03 1.000e+00 9.495e-03 1.000e+00
 8 205130 x 79457   1   7   6.817e-04 1.000e+00 4.435e-03 1.000e+00
 9 79457 x 30021   1   9   9.934e-04 1.000e+00 1.339e-03 1.000e+00
10 30021 x 11990   1  10   1.299e-03 1.000e+00 2.066e-03 1.000e+00
11 11990 x 4708    1  10   5.483e-04 1.000e+00 3.245e-03 1.000e+00
12  4708 x 1792    1   9   9.661e-03 1.000e-00 2.216e-02 1.000e+00
13  1792 x 650     1   8   4.597e-03 9.942e-01 3.704e-02 1.000e+00
14   650 x 205     1   4   2.040e-02 9.635e-01 7.478e-02 1.000e+00
15   205 x 86      1   4   1.019e-02 7.157e-01 5.189e-02 1.000e+00
16    86 x 43      1   3   9.565e-04 3.817e-01 1.702e-03 1.000e+00
17    43 x 23      1   2   1.436e-06 1.734e-01 1.436e-06 1.000e+00
18    23 x 11      1   2   2.749e-08 2.524e-01 2.749e-08 1.000e+00
19    11 x 5       1   1   4.790e-19 9.423e-02 4.790e-19 1.000e+00


     Complexity:    grid = 1.997129
                operator = 2.679454




BoomerAMG SOLVER PARAMETERS:

  Maximum number of cycles:         100 
  Stopping Tolerance:               1.000000e-100 
  Cycle type (1 = V, 2 = W, etc.):  1

  Relaxation Parameters:
   Visiting Grid:                     fine  down   up  coarse
            Number of partial sweeps:   2     2    2     1 
   Type 0=Jac, 1=GS, 3=Hybrid 9=GE:     3     3    3     9 
   Point types, partial sweeps (1=C, -1=F):
                               Finest grid:   1  -1
                  Pre-CG relaxation (down):   1  -1
                   Post-CG relaxation (up):  -1   1
                             Coarsest grid:   0

=============================================
Setup phase times:
=============================================
BoomerAMG Setup:
  wall clock time = 23.420000 seconds
  wall MFLOPS     = 0.000000
  cpu clock time  = 23.410000 seconds
  cpu MFLOPS      = 0.000000



BoomerAMG SOLVER PARAMETERS:

  Maximum number of cycles:         100 
  Stopping Tolerance:               1.000000e-100 
  Cycle type (1 = V, 2 = W, etc.):  1

  Relaxation Parameters:
   Visiting Grid:                     fine  down   up  coarse
            Number of partial sweeps:   2     2    2     1 
   Type 0=Jac, 1=GS, 3=Hybrid 9=GE:     3     3    3     9 
   Point types, partial sweeps (1=C, -1=F):
                               Finest grid:   1  -1
                  Pre-CG relaxation (down):   1  -1
                   Post-CG relaxation (up):  -1   1
                             Coarsest grid:   0

 Output flag (print_level): 3 


AMG SOLUTION INFO:
                                            relative
               residual        factor       residual
               --------        ------       --------
    Initial    2.218671e+02                 2.218671e+02
    Cycle  1   2.429445e-03    0.000011     2.429445e-03 
    Cycle  2   1.355646e-04    0.055801     1.355646e-04 
    Cycle  3   2.073149e-05    0.152927     2.073149e-05 
    Cycle  4   3.978092e-06    0.191886     3.978092e-06 
    Cycle  5   8.118727e-07    0.204086     8.118727e-07 
    Cycle  6   1.694036e-07    0.208658     1.694036e-07 
    Cycle  7   3.584920e-08    0.211620     3.584920e-08 
    Cycle  8   7.690012e-09    0.214510     7.690012e-09 
    Cycle  9   1.673314e-09    0.217596     1.673314e-09 
    Cycle 10   3.694098e-10    0.220765     3.694098e-10 
    Cycle 11   8.267961e-11    0.223815     8.267961e-11 
    Cycle 12   1.873244e-11    0.226567     1.873244e-11 
    Cycle 13   4.288031e-12    0.228909     4.288031e-12 
    Cycle 14   9.897155e-13    0.230809     9.897155e-13 
    Cycle 15   2.298973e-13    0.232286     2.298973e-13 
    Cycle 16   5.365696e-14    0.233395     5.365696e-14 
    Cycle 17   1.256657e-14    0.234202     1.256657e-14 
    Cycle 18   2.950261e-15    0.234771     2.950261e-15 
    Cycle 19   6.937766e-16    0.235158     6.937766e-16 
    Cycle 20   1.633218e-16    0.235410     1.633218e-16 
    Cycle 21   3.847258e-17    0.235563     3.847258e-17 
    Cycle 22   9.065897e-18    0.235646     9.065897e-18 
    Cycle 23   2.136635e-18    0.235678     2.136635e-18 
    Cycle 24   5.035544e-19    0.235676     5.035544e-19 
    Cycle 25   1.186632e-19    0.235651     1.186632e-19 
    Cycle 26   2.795834e-20    0.235611     2.795834e-20 
    Cycle 27   6.585907e-21    0.235561     6.585907e-21 
    Cycle 28   1.551026e-21    0.235507     1.551026e-21 
    Cycle 29   3.651894e-22    0.235450     3.651894e-22 
    Cycle 30   8.596319e-23    0.235393     8.596319e-23 
    Cycle 31   2.023040e-23    0.235338     2.023040e-23 
    Cycle 32   4.759902e-24    0.235285     4.759902e-24 
    Cycle 33   1.119691e-24    0.235234     1.119691e-24 
    Cycle 34   2.633364e-25    0.235187     2.633364e-25 
    Cycle 35   6.192153e-26    0.235142     6.192153e-26 
    Cycle 36   1.455784e-26    0.235101     1.455784e-26 
    Cycle 37   3.422016e-27    0.235064     3.422016e-27 
    Cycle 38   8.042722e-28    0.235029     8.042722e-28 
    Cycle 39   1.890015e-28    0.234997     1.890015e-28 
    Cycle 40   4.440926e-29    0.234968     4.440926e-29 
    Cycle 41   1.043357e-29    0.234941     1.043357e-29 
    Cycle 42   2.451025e-30    0.234917     2.451025e-30 
    Cycle 43   5.757340e-31    0.234895     5.757340e-31 
    Cycle 44   1.352257e-31    0.234875     1.352257e-31 
    Cycle 45   3.175875e-32    0.234857     3.175875e-32 
    Cycle 46   7.458255e-33    0.234841     7.458255e-33 
    Cycle 47   1.751394e-33    0.234826     1.751394e-33 
    Cycle 48   4.112498e-34    0.234813     4.112498e-34 
    Cycle 49   9.656178e-35    0.234801     9.656178e-35 
    Cycle 50   2.267173e-35    0.234790     2.267173e-35 
    Cycle 51   5.322872e-36    0.234780     5.322872e-36 
    Cycle 52   1.249657e-36    0.234771     1.249657e-36 
    Cycle 53   2.933736e-37    0.234763     2.933736e-37 
    Cycle 54   6.887122e-38    0.234756     6.887122e-38 
    Cycle 55   1.616749e-38    0.234750     1.616749e-38 
    Cycle 56   3.795216e-39    0.234744     3.795216e-39 
    Cycle 57   8.908831e-40    0.234738     8.908831e-40 
    Cycle 58   2.091203e-40    0.234734     2.091203e-40 
    Cycle 59   4.908670e-41    0.234729     4.908670e-41 
    Cycle 60   1.152191e-41    0.234726     1.152191e-41 
    Cycle 61   2.704447e-42    0.234722     2.704447e-42 
    Cycle 62   6.347852e-43    0.234719     6.347852e-43 
    Cycle 63   1.489944e-43    0.234716     1.489944e-43 
    Cycle 64   3.497104e-44    0.234714     3.497104e-44 
    Cycle 65   8.208105e-45    0.234712     8.208105e-45 
    Cycle 66   1.926520e-45    0.234709     1.926520e-45 
    Cycle 67   4.521690e-46    0.234708     4.521690e-46 
    Cycle 68   1.061268e-46    0.234706     1.061268e-46 
    Cycle 69   2.490844e-47    0.234705     2.490844e-47 
    Cycle 70   5.846090e-48    0.234703     5.846090e-48 
    Cycle 71   1.372089e-48    0.234702     1.372089e-48 
    Cycle 72   3.220306e-49    0.234701     3.220306e-49 
    Cycle 73   7.558059e-50    0.234700     7.558059e-50 
    Cycle 74   1.773870e-50    0.234699     1.773870e-50 
    Cycle 75   4.163243e-51    0.234698     4.163243e-51 
    Cycle 76   9.771034e-52    0.234698     9.771034e-52 
    Cycle 77   2.293233e-52    0.234697     2.293233e-52 
    Cycle 78   5.382136e-53    0.234696     5.382136e-53 
    Cycle 79   1.263166e-53    0.234696     1.263166e-53 
    Cycle 80   2.964593e-54    0.234696     2.964593e-54 
    Cycle 81   6.957754e-55    0.234695     6.957754e-55 
    Cycle 82   1.632948e-55    0.234695     1.632948e-55 
    Cycle 83   3.832438e-56    0.234694     3.832438e-56 
    Cycle 84   8.994506e-57    0.234694     8.994506e-57 
    Cycle 85   2.110955e-57    0.234694     2.110955e-57 
    Cycle 86   4.954277e-58    0.234694     4.954277e-58 
    Cycle 87   1.162736e-58    0.234693     1.162736e-58 
    Cycle 88   2.728862e-59    0.234693     2.728862e-59 
    Cycle 89   6.404450e-60    0.234693     6.404450e-60 
    Cycle 90   1.503079e-60    0.234693     1.503079e-60 
    Cycle 91   3.527617e-61    0.234693     3.527617e-61 
    Cycle 92   8.279055e-62    0.234693     8.279055e-62 
    Cycle 93   1.943032e-62    0.234692     1.943032e-62 
    Cycle 94   4.560149e-63    0.234692     4.560149e-63 
    Cycle 95   1.070232e-63    0.234692     1.070232e-63 
    Cycle 96   2.511751e-64    0.234692     2.511751e-64 
    Cycle 97   5.894882e-65    0.234692     5.894882e-65 
    Cycle 98   1.383482e-65    0.234692     1.383482e-65 
    Cycle 99   3.246922e-66    0.234692     3.246922e-66 
    Cycle 100   7.620266e-67    0.234692     7.620266e-67 


==============================================
 NOTE: Convergence tolerance was not achieved
      within the allowed 100 V-cycles
==============================================

 Average Convergence Factor = 0.206709

     Complexity:    grid = 1.997129
                operator = 2.679454
                   cycle = 5.358908



=============================================
Solve phase times:
=============================================
BoomerAMG Solve:
  wall clock time = 302.070000 seconds
  wall MFLOPS     = 0.000000
  cpu clock time  = 302.060000 seconds
  cpu MFLOPS      = 0.000000

Running with these driver parameters:
  solver ID    = 0

Reading the mesh....................done.
Creating the ParFESpace.............done.
Assembling the matrix...............done.
Assembling the rhs..................done.
Finalizing the matrix...............done.
Creating the HypreParMatrix.........done.
Creating the RHS HypreParVector.....done.
=============================================
aFEM problem generation times:
=============================================
aFEM problem generation:
  wall clock time = 39.530000 seconds
  wall MFLOPS     = 0.000000
  cpu clock time  = 39.470000 seconds
  cpu MFLOPS      = 0.000000

=============================================
IJ Matrix Setup:
=============================================
Spatial operator:
  wall clock time = 2.220000 seconds
  wall MFLOPS     = 0.000000
  cpu clock time  = 2.230000 seconds
  cpu MFLOPS      = 0.000000

  RHS vector is 0
  Initial guess has unit components
=============================================
IJ Vector Setup:
=============================================
RHS and Initial Guess:
  wall clock time = 0.300000 seconds
  wall MFLOPS     = 0.000000
  cpu clock time  = 0.290000 seconds
  cpu MFLOPS      = 0.000000

Solver:  AMG

BoomerAMG SETUP PARAMETERS:

 Max levels = 25
 Num levels = 23

 Strength Threshold = 0.250000
 Interpolation Truncation Factor = 0.000000
 Maximum Row Sum Threshold for Dependency Weakening = 1.000000

 Coarsening Type = Cleary-Luby-Jones-Plassman

Operator Matrix Information:

            nonzero         entries per row        row sums
lev   rows  entries  sparse  min  max   avg       min         max
===================================================================
 0 67125249 335462409  0.000     1    5   5.0  -4.662e-16   2.000e+00
 1 38083377 289146577  0.000     3    9   7.6  -7.103e-16   1.000e+00
 2 21615563 195907445  0.000     4   13   9.1  -8.878e-16   1.000e+00
 3 12376083 122197525  0.000     4   16   9.9  -1.173e-15   1.001e+00
 4 7122514 73579858  0.000     4   17  10.3  -2.228e-15   1.001e+00
 5 4120973 43614287  0.000     3   18  10.6  -3.692e-15   1.002e+00
 6 2389390 25611492  0.000     4   19  10.7  -6.518e-15   1.002e+00
 7 1382123 14895343  0.000     4   18  10.8  -8.913e-15   5.044e-01
 8  806023  9638683  0.000     4   29  12.0  -1.653e-14   2.555e-01
 9  443054  9170038  0.000     4   42  20.7  -4.674e-10   1.322e-01
10  230106  6505394  0.000     6   58  28.3  -6.783e-14   9.310e-02
11  113059  3844003  0.000     8   66  34.0  -1.541e-13   5.100e-02
12   51441  1934391  0.001    10   72  37.6  -4.325e-09   5.202e-02
13   21563   816149  0.002    10   75  37.8  -5.873e-13   3.070e-02
14    8384   293120  0.004    11   67  35.0   1.954e-11   2.851e-02
15    3024    87016  0.010    11   47  28.8   6.798e-06   3.055e-02
16    1021    19541  0.019     6   29  19.1   7.732e-04   2.856e-02
17     319     3377  0.033     5   15  10.6   4.571e-03   4.316e-02
18     109      653  0.055     2    8   6.0   1.281e-02   5.399e-02
19      54      252  0.086     3    6   4.7   1.919e-02   5.504e-02
20      24       84  0.146     2    5   3.5   2.428e-02   5.627e-02
21      12       38  0.264     2    4   3.2   2.429e-02   5.627e-02
22       5       13  0.520     2    3   2.6   3.698e-02   4.427e-02


Interpolation Matrix Information:

                 entries/row    min     max         row sums
lev  rows cols    min max     weight   weight     min       max 
=================================================================
 0 67125249 x 38083377   0   2   5.000e-01 5.000e-01 0.000e+00 1.000e+00
 1 38083377 x 21615563   1   2   3.333e-01 6.667e-01 3.333e-01 1.000e+00
 2 21615563 x 12376083   1   2   1.999e-01 1.000e+00 1.999e-01 1.000e+00
 3 12376083 x 7122514   1   2   1.109e-01 1.000e+00 1.109e-01 1.000e+00
 4 7122514 x 4120973   1   2   5.831e-02 1.000e+00 5.831e-02 1.000e+00
 5 4120973 x 2389390   1   2   3.357e-02 1.000e+00 3.357e-02 1.000e+00
 6 2389390 x 1382123   1   2   1.977e-02 1.000e+00 1.977e-02 1.000e+00
 7 1382123 x 806023   1   6   6.227e-03 1.000e+00 1.861e-02 1.000e+00
 8 806023 x 443054   1   9   1.407e-02 1.000e+00 3.527e-02 1.000e+00
 9 443054 x 230106   1  10   9.802e-03 1.000e+00 5.304e-02 1.000e+00
10 230106 x 113059   1  10   4.932e-03 1.000e+00 5.076e-02 1.000e+00
11 113059 x 51441   1  11   1.377e-02 1.000e+00 7.395e-02 1.000e+00
12 51441 x 21563   1   9   1.048e-02 1.000e+00 5.545e-02 1.000e+00
13 21563 x 8384    1   8   2.147e-02 1.000e+00 6.819e-02 1.000e+00
14  8384 x 3024    1   8   1.762e-02 1.000e-00 3.545e-02 1.000e+00
15  3024 x 1021    1   8   2.109e-02 1.000e-00 9.257e-02 1.000e+00
16  1021 x 319     1   5   2.768e-02 9.641e-01 8.949e-02 1.000e+00
17   319 x 109     1   3   3.308e-02 8.162e-01 1.332e-01 1.000e+00
18   109 x 54      1   2   3.986e-03 4.140e-01 1.429e-02 1.000e+00
19    54 x 24      1   2   2.542e-04 1.093e-01 2.542e-04 1.000e+00
20    24 x 12      1   2   3.004e-11 5.923e-04 3.004e-11 1.000e+00
21    12 x 5       1   1   4.799e-16 2.248e-01 4.799e-16 1.000e+00


     Complexity:    grid = 2.322427
                operator = 3.376616




BoomerAMG SOLVER PARAMETERS:

  Maximum number of cycles:         100 
  Stopping Tolerance:               1.000000e-100 
  Cycle type (1 = V, 2 = W, etc.):  1

  Relaxation Parameters:
   Visiting Grid:                     fine  down   up  coarse
            Number of partial sweeps:   2     2    2     1 
   Type 0=Jac, 1=GS, 3=Hybrid 9=GE:     3     3    3     9 
   Point types, partial sweeps (1=C, -1=F):
                               Finest grid:   1  -1
                  Pre-CG relaxation (down):   1  -1
                   Post-CG relaxation (up):  -1   1
                             Coarsest grid:   0

=============================================
Setup phase times:
=============================================
BoomerAMG Setup:
  wall clock time = 30.500000 seconds
  wall MFLOPS     = 0.000000
  cpu clock time  = 30.510000 seconds
  cpu MFLOPS      = 0.000000



BoomerAMG SOLVER PARAMETERS:

  Maximum number of cycles:         100 
  Stopping Tolerance:               1.000000e-100 
  Cycle type (1 = V, 2 = W, etc.):  1

  Relaxation Parameters:
   Visiting Grid:                     fine  down   up  coarse
            Number of partial sweeps:   2     2    2     1 
   Type 0=Jac, 1=GS, 3=Hybrid 9=GE:     3     3    3     9 
   Point types, partial sweeps (1=C, -1=F):
                               Finest grid:   1  -1
                  Pre-CG relaxation (down):   1  -1
                   Post-CG relaxation (up):  -1   1
                             Coarsest grid:   0

 Output flag (print_level): 3 


AMG SOLUTION INFO:
                                            relative
               residual        factor       residual
               --------        ------       --------
    Initial    2.218671e+02                 2.218671e+02
    Cycle  1   3.604051e-02    0.000162     3.604051e-02 
    Cycle  2   5.649999e-03    0.156768     5.649999e-03 
    Cycle  3   1.233953e-03    0.218399     1.233953e-03 
    Cycle  4   3.198742e-04    0.259227     3.198742e-04 
    Cycle  5   9.280801e-05    0.290139     9.280801e-05 
    Cycle  6   2.889505e-05    0.311342     2.889505e-05 
    Cycle  7   9.433988e-06    0.326492     9.433988e-06 
    Cycle  8   3.197789e-06    0.338965     3.197789e-06 
    Cycle  9   1.121426e-06    0.350688     1.121426e-06 
    Cycle 10   4.064625e-07    0.362451     4.064625e-07 
    Cycle 11   1.521154e-07    0.374242     1.521154e-07 
    Cycle 12   5.864752e-08    0.385546     5.864752e-08 
    Cycle 13   2.320740e-08    0.395710     2.320740e-08 
    Cycle 14   9.381946e-09    0.404265     9.381946e-09 
    Cycle 15   3.856678e-09    0.411074     3.856678e-09 
    Cycle 16   1.605451e-09    0.416278     1.605451e-09 
    Cycle 17   6.745525e-10    0.420164     6.745525e-10 
    Cycle 18   2.853664e-10    0.423045     2.853664e-10 
    Cycle 19   1.213380e-10    0.425201     1.213380e-10 
    Cycle 20   5.179281e-11    0.426847     5.179281e-11 
    Cycle 21   2.217492e-11    0.428147     2.217492e-11 
    Cycle 22   9.517747e-12    0.429212     9.517747e-12 
    Cycle 23   4.093807e-12    0.430124     4.093807e-12 
    Cycle 24   1.764163e-12    0.430935     1.764163e-12 
    Cycle 25   7.615579e-13    0.431682     7.615579e-13 
    Cycle 26   3.292913e-13    0.432392     3.292913e-13 
    Cycle 27   1.426093e-13    0.433079     1.426093e-13 
    Cycle 28   6.185769e-14    0.433756     6.185769e-14 
    Cycle 29   2.687281e-14    0.434430     2.687281e-14 
    Cycle 30   1.169245e-14    0.435103     1.169245e-14 
    Cycle 31   5.095330e-15    0.435780     5.095330e-15 
    Cycle 32   2.223903e-15    0.436459     2.223903e-15 
    Cycle 33   9.721611e-16    0.437142     9.721611e-16 
    Cycle 34   4.256376e-16    0.437826     4.256376e-16 
    Cycle 35   1.866468e-16    0.438511     1.866468e-16 
    Cycle 36   8.197417e-17    0.439194     8.197417e-17 
    Cycle 37   3.605826e-17    0.439873     3.605826e-17 
    Cycle 38   1.588534e-17    0.440547     1.588534e-17 
    Cycle 39   7.008794e-18    0.441211     7.008794e-18 
    Cycle 40   3.096946e-18    0.441866     3.096946e-18 
    Cycle 41   1.370422e-18    0.442508     1.370422e-18 
    Cycle 42   6.072824e-19    0.443135     6.072824e-19 
    Cycle 43   2.694798e-19    0.443747     2.694798e-19 
    Cycle 44   1.197411e-19    0.444342     1.197411e-19 
    Cycle 45   5.327502e-20    0.444918     5.327502e-20 
    Cycle 46   2.373274e-20    0.445476     2.373274e-20 
    Cycle 47   1.058514e-20    0.446014     1.058514e-20 
    Cycle 48   4.726615e-21    0.446533     4.726615e-21 
    Cycle 49   2.112948e-21    0.447032     2.112948e-21 
    Cycle 50   9.455686e-22    0.447512     9.455686e-22 
    Cycle 51   4.235881e-22    0.447972     4.235881e-22 
    Cycle 52   1.899426e-22    0.448414     1.899426e-22 
    Cycle 53   8.525330e-23    0.448837     8.525330e-23 
    Cycle 54   3.829946e-23    0.449243     3.829946e-23 
    Cycle 55   1.722069e-23    0.449633     1.722069e-23 
    Cycle 56   7.749417e-24    0.450006     7.749417e-24 
    Cycle 57   3.490063e-24    0.450365     3.490063e-24 
    Cycle 58   1.573002e-24    0.450709     1.573002e-24 
    Cycle 59   7.094855e-25    0.451039     7.094855e-25 
    Cycle 60   3.202313e-25    0.451357     3.202313e-25 
    Cycle 61   1.446366e-25    0.451663     1.446366e-25 
    Cycle 62   6.536960e-26    0.451957     6.536960e-26 
    Cycle 63   2.956284e-26    0.452241     2.956284e-26 
    Cycle 64   1.337764e-26    0.452515     1.337764e-26 
    Cycle 65   6.057127e-27    0.452780     6.057127e-27 
    Cycle 66   2.744095e-27    0.453036     2.744095e-27 
    Cycle 67   1.243851e-27    0.453283     1.243851e-27 
    Cycle 68   5.641143e-28    0.453522     5.641143e-28 
    Cycle 69   2.559692e-28    0.453754     2.559692e-28 
    Cycle 70   1.162046e-28    0.453979     1.162046e-28 
    Cycle 71   5.277977e-29    0.454197     5.277977e-29 
    Cycle 72   2.398356e-29    0.454408     2.398356e-29 
    Cycle 73   1.090324e-29    0.454613     1.090324e-29 
    Cycle 74   4.958928e-30    0.454812     4.958928e-30 
    Cycle 75   2.256340e-30    0.455006     2.256340e-30 
    Cycle 76   1.027070e-30    0.455193     1.027070e-30 
    Cycle 77   4.677026e-31    0.455375     4.677026e-31 
    Cycle 78   2.130629e-31    0.455552     2.130629e-31 
    Cycle 79   9.709787e-32    0.455724     9.709787e-32 
    Cycle 80   4.426601e-32    0.455891     4.426601e-32 
    Cycle 81   2.018762e-32    0.456052     2.018762e-32 
    Cycle 82   9.209780e-33    0.456209     9.209780e-33 
    Cycle 83   4.202990e-33    0.456362     4.202990e-33 
    Cycle 84   1.918704e-33    0.456509     1.918704e-33 
    Cycle 85   8.761807e-34    0.456652     8.761807e-34 
    Cycle 86   4.002316e-34    0.456791     4.002316e-34 
    Cycle 87   1.828760e-34    0.456925     1.828760e-34 
    Cycle 88   8.358450e-35    0.457056     8.358450e-35 
    Cycle 89   3.821329e-35    0.457182     3.821329e-35 
    Cycle 90   1.747507e-35    0.457303     1.747507e-35 
    Cycle 91   7.993470e-36    0.457421     7.993470e-36 
    Cycle 92   3.657294e-36    0.457535     3.657294e-36 
    Cycle 93   1.673744e-36    0.457645     1.673744e-36 
    Cycle 94   7.661591e-37    0.457752     7.661591e-37 
    Cycle 95   3.507894e-37    0.457854     3.507894e-37 
    Cycle 96   1.606453e-37    0.457954     1.606453e-37 
    Cycle 97   7.358345e-38    0.458049     7.358345e-38 
    Cycle 98   3.371163e-38    0.458142     3.371163e-38 
    Cycle 99   1.544770e-38    0.458230     1.544770e-38 
    Cycle 100   7.079929e-39    0.458316     7.079929e-39 


==============================================
 NOTE: Convergence tolerance was not achieved
      within the allowed 100 V-cycles
==============================================

 Average Convergence Factor = 0.393586

     Complexity:    grid = 2.322427
                operator = 3.376616
                   cycle = 6.753232



=============================================
Solve phase times:
=============================================
BoomerAMG Solve:
  wall clock time = 492.290000 seconds
  wall MFLOPS     = 0.000000
  cpu clock time  = 492.050000 seconds
  cpu MFLOPS      = 0.000000

Running with these driver parameters:
  solver ID    = 0

Reading the mesh....................done.
Creating the ParFESpace.............done.
Assembling the matrix...............done.
Assembling the rhs..................done.
Finalizing the matrix...............done.
Creating the HypreParMatrix.........done.
Creating the RHS HypreParVector.....done.
=============================================
aFEM problem generation times:
=============================================
aFEM problem generation:
  wall clock time = 37.960000 seconds
  wall MFLOPS     = 0.000000
  cpu clock time  = 37.890000 seconds
  cpu MFLOPS      = 0.000000

=============================================
IJ Matrix Setup:
=============================================
Spatial operator:
  wall clock time = 2.150000 seconds
  wall MFLOPS     = 0.000000
  cpu clock time  = 2.150000 seconds
  cpu MFLOPS      = 0.000000

  RHS vector is 0
  Initial guess has unit components
=============================================
IJ Vector Setup:
=============================================
RHS and Initial Guess:
  wall clock time = 0.280000 seconds
  wall MFLOPS     = 0.000000
  cpu clock time  = 0.290000 seconds
  cpu MFLOPS      = 0.000000

Solver:  AMG

BoomerAMG SETUP PARAMETERS:

 Max levels = 25
 Num levels = 20

 Strength Threshold = 0.250000
 Interpolation Truncation Factor = 0.000000
 Maximum Row Sum Threshold for Dependency Weakening = 1.000000

 Coarsening Type = CLJP-c 
 Hybrid Coarsening (switch to CLJP when coarsening slows)
 measures are determined locally


Operator Matrix Information:

            nonzero         entries per row        row sums
lev   rows  entries  sparse  min  max   avg       min         max
===================================================================
 0 67125249 335462409  0.000     1    5   5.0  -4.662e-16   2.000e+00
 1 33546245 234774569  0.000     3    8   7.0  -7.103e-16   1.000e+00
 2 16773130 150892632  0.000     4   10   9.0  -9.765e-16   1.000e+00
 3 8386584 83790062  0.000     4   12  10.0  -1.455e-15   5.002e-01
 4 4193324 42907088  0.000     4   13  10.2  -2.395e-15   3.344e-01
 5 2096730 21419456  0.000     4   13  10.2  -4.277e-15   3.351e-01
 6 1048518 10676558  0.000     4   14  10.2  -8.069e-15   3.366e-01
 7  527544 10705854  0.000     7   28  20.3  -1.598e-14   3.394e-01
 8  191701  4531335  0.000     8   36  23.6  -5.929e-14   3.431e-01
 9   71354  1822088  0.000     8   43  25.5  -1.750e-13   3.463e-01
10   24739   673803  0.001     9   50  27.2  -5.886e-13   2.137e-01
11    9218   270674  0.003    10   54  29.4  -1.218e-12   2.146e-01
12    3456    97076  0.008    11   48  28.1   4.062e-07   2.369e-02
13    1255    27113  0.017     8   34  21.6   4.180e-04   2.585e-02
14     427     5583  0.031     7   21  13.1   1.777e-03   3.765e-02
15     143     1045  0.051     3   14   7.3   4.957e-03   4.539e-02
16      64      332  0.081     3    7   5.2   1.392e-02   3.910e-02
17      31      119  0.124     2    6   3.8   1.782e-02   3.922e-02
18      15       49  0.218     2    5   3.3   1.959e-02   3.922e-02
19       7       21  0.429     2    4   3.0   2.236e-02   3.922e-02


Interpolation Matrix Information:

                 entries/row    min     max         row sums
lev  rows cols    min max     weight   weight     min       max 
=================================================================
 0 67125249 x 33546245   0   2   5.000e-01 5.000e-01 0.000e+00 1.000e+00
 1 33546245 x 16773130   1   2   3.333e-01 6.667e-01 3.333e-01 1.000e+00
 2 16773130 x 8386584   1   2   1.999e-01 1.000e+00 1.999e-01 1.000e+00
 3 8386584 x 4193324   1   2   1.996e-01 7.502e-01 1.996e-01 1.000e+00
 4 4193324 x 2096730   1   2   1.566e-01 7.508e-01 1.566e-01 1.000e+00
 5 2096730 x 1048518   1   2   8.289e-02 1.000e+00 8.289e-02 1.000e+00
 6 1048518 x 527544   1   4   3.872e-02 1.000e+00 3.872e-02 1.000e+00
 7 527544 x 191701   1   6   8.048e-03 1.000e+00 2.711e-02 1.000e+00
 8 191701 x 71354   1   7   1.756e-03 1.000e+00 1.153e-02 1.000e+00
 9 71354 x 24739   1   9   2.084e-03 1.000e+00 7.680e-03 1.000e+00
10 24739 x 9218    1   9   2.934e-03 1.000e+00 5.790e-03 1.000e+00
11  9218 x 3456    1   9   1.606e-03 1.000e+00 4.858e-03 1.000e+00
12  3456 x 1255    1   8   2.294e-02 9.998e-01 6.035e-02 1.000e+00
13  1255 x 427     1   6   1.620e-02 9.689e-01 7.398e-02 1.000e+00
14   427 x 143     1   5   3.204e-02 9.026e-01 1.095e-01 1.000e+00
15   143 x 64      1   3   8.839e-03 5.996e-01 3.116e-02 1.000e+00
16    64 x 31      1   2   4.944e-04 2.234e-01 7.132e-04 1.000e+00
17    31 x 15      1   2   1.250e-06 3.592e-01 2.747e-06 1.000e+00
18    15 x 7       1   2   1.236e-14 7.797e-02 2.749e-14 1.000e+00


     Complexity:    grid = 1.996264
                operator = 2.677075




BoomerAMG SOLVER PARAMETERS:

  Maximum number of cycles:         100 
  Stopping Tolerance:               1.000000e-100 
  Cycle type (1 = V, 2 = W, etc.):  1

  Relaxation Parameters:
   Visiting Grid:                     fine  down   up  coarse
            Number of partial sweeps:   2     2    2     1 
   Type 0=Jac, 1=GS, 3=Hybrid 9=GE:     3     3    3     9 
   Point types, partial sweeps (1=C, -1=F):
                               Finest grid:   1  -1
                  Pre-CG relaxation (down):   1  -1
                   Post-CG relaxation (up):  -1   1
                             Coarsest grid:   0

=============================================
Setup phase times:
=============================================
BoomerAMG Setup:
  wall clock time = 30.360000 seconds
  wall MFLOPS     = 0.000000
  cpu clock time  = 30.370000 seconds
  cpu MFLOPS      = 0.000000



BoomerAMG SOLVER PARAMETERS:

  Maximum number of cycles:         100 
  Stopping Tolerance:               1.000000e-100 
  Cycle type (1 = V, 2 = W, etc.):  1

  Relaxation Parameters:
   Visiting Grid:                     fine  down   up  coarse
            Number of partial sweeps:   2     2    2     1 
   Type 0=Jac, 1=GS, 3=Hybrid 9=GE:     3     3    3     9 
   Point types, partial sweeps (1=C, -1=F):
                               Finest grid:   1  -1
                  Pre-CG relaxation (down):   1  -1
                   Post-CG relaxation (up):  -1   1
                             Coarsest grid:   0

 Output flag (print_level): 3 


AMG SOLUTION INFO:
                                            relative
               residual        factor       residual
               --------        ------       --------
    Initial    2.218671e+02                 2.218671e+02
    Cycle  1   2.328321e-03    0.000010     2.328321e-03 
    Cycle  2   1.025108e-04    0.044028     1.025108e-04 
    Cycle  3   1.279126e-05    0.124780     1.279126e-05 
    Cycle  4   2.208888e-06    0.172687     2.208888e-06 
    Cycle  5   4.180604e-07    0.189263     4.180604e-07 
    Cycle  6   8.120989e-08    0.194254     8.120989e-08 
    Cycle  7   1.594780e-08    0.196378     1.594780e-08 
    Cycle  8   3.154024e-09    0.197772     3.154024e-09 
    Cycle  9   6.275204e-10    0.198959     6.275204e-10 
    Cycle 10   1.255485e-10    0.200071     1.255485e-10 
    Cycle 11   2.525213e-11    0.201134     2.525213e-11 
    Cycle 12   5.104598e-12    0.202145     5.104598e-12 
    Cycle 13   1.036697e-12    0.203091     1.036697e-12 
    Cycle 14   2.114443e-13    0.203960     2.114443e-13 
    Cycle 15   4.329170e-14    0.204743     4.329170e-14 
    Cycle 16   8.893732e-15    0.205437     8.893732e-15 
    Cycle 17   1.832500e-15    0.206044     1.832500e-15 
    Cycle 18   3.785343e-16    0.206567     3.785343e-16 
    Cycle 19   7.836176e-17    0.207014     7.836176e-17 
    Cycle 20   1.625157e-17    0.207392     1.625157e-17 
    Cycle 21   3.375608e-18    0.207710     3.375608e-18 
    Cycle 22   7.020460e-19    0.207976     7.020460e-19 
    Cycle 23   1.461653e-19    0.208199     1.461653e-19 
    Cycle 24   3.045866e-20    0.208385     3.045866e-20 
    Cycle 25   6.351864e-21    0.208541     6.351864e-21 
    Cycle 26   1.325447e-21    0.208671     1.325447e-21 
    Cycle 27   2.767264e-22    0.208780     2.767264e-22 
    Cycle 28   5.780021e-23    0.208871     5.780021e-23 
    Cycle 29   1.207728e-23    0.208949     1.207728e-23 
    Cycle 30   2.524324e-24    0.209014     2.524324e-24 
    Cycle 31   5.277606e-25    0.209070     5.277606e-25 
    Cycle 32   1.103640e-25    0.209118     1.103640e-25 
    Cycle 33   2.308357e-26    0.209158     2.308357e-26 
    Cycle 34   4.828935e-27    0.209194     4.828935e-27 
    Cycle 35   1.010329e-27    0.209224     1.010329e-27 
    Cycle 36   2.114117e-28    0.209250     2.114117e-28 
    Cycle 37   4.424284e-29    0.209273     4.424284e-29 
    Cycle 38   9.259736e-30    0.209293     9.259736e-30 
    Cycle 39   1.938165e-30    0.209311     1.938165e-30 
    Cycle 40   4.057095e-31    0.209327     4.057095e-31 
    Cycle 41   8.493135e-32    0.209340     8.493135e-32 
    Cycle 42   1.778058e-32    0.209352     1.778058e-32 
    Cycle 43   3.722599e-33    0.209363     3.722599e-33 
    Cycle 44   7.794107e-34    0.209373     7.794107e-34 
    Cycle 45   1.631940e-34    0.209381     1.631940e-34 
    Cycle 46   3.417101e-35    0.209389     3.417101e-35 
    Cycle 47   7.155263e-36    0.209396     7.155263e-36 
    Cycle 48   1.498325e-36    0.209402     1.498325e-36 
    Cycle 49   3.137603e-37    0.209407     3.137603e-37 
    Cycle 50   6.570527e-38    0.209412     6.570527e-38 
    Cycle 51   1.375979e-38    0.209417     1.375979e-38 
    Cycle 52   2.881586e-39    0.209421     2.881586e-39 
    Cycle 53   6.034745e-40    0.209424     6.034745e-40 
    Cycle 54   1.263843e-40    0.209428     1.263843e-40 
    Cycle 55   2.646877e-41    0.209431     2.646877e-41 
    Cycle 56   5.543448e-42    0.209434     5.543448e-42 
    Cycle 57   1.160998e-42    0.209436     1.160998e-42 
    Cycle 58   2.431573e-43    0.209438     2.431573e-43 
    Cycle 59   5.092696e-44    0.209440     5.092696e-44 
    Cycle 60   1.066626e-44    0.209442     1.066626e-44 
    Cycle 61   2.233983e-45    0.209444     2.233983e-45 
    Cycle 62   4.678978e-46    0.209446     4.678978e-46 
    Cycle 63   9.799981e-47    0.209447     9.799981e-47 
    Cycle 64   2.052590e-47    0.209448     2.052590e-47 
    Cycle 65   4.299142e-48    0.209450     4.299142e-48 
    Cycle 66   9.004585e-49    0.209451     9.004585e-49 
    Cycle 67   1.886026e-49    0.209452     1.886026e-49 
    Cycle 68   3.950335e-50    0.209453     3.950335e-50 
    Cycle 69   8.274122e-51    0.209454     8.274122e-51 
    Cycle 70   1.733052e-51    0.209455     1.733052e-51 
    Cycle 71   3.629970e-52    0.209455     3.629970e-52 
    Cycle 72   7.603190e-53    0.209456     7.603190e-53 
    Cycle 73   1.592539e-53    0.209457     1.592539e-53 
    Cycle 74   3.335690e-54    0.209457     3.335690e-54 
    Cycle 75   6.986866e-55    0.209458     6.986866e-55 
    Cycle 76   1.463458e-55    0.209458     1.463458e-55 
    Cycle 77   3.065344e-56    0.209459     3.065344e-56 
    Cycle 78   6.420654e-57    0.209459     6.420654e-57 
    Cycle 79   1.344870e-57    0.209460     1.344870e-57 
    Cycle 80   2.816969e-58    0.209460     2.816969e-58 
    Cycle 81   5.900444e-59    0.209461     5.900444e-59 
    Cycle 82   1.235914e-59    0.209461     1.235914e-59 
    Cycle 83   2.588763e-60    0.209461     2.588763e-60 
    Cycle 84   5.422471e-61    0.209462     5.422471e-61 
    Cycle 85   1.135802e-61    0.209462     1.135802e-61 
    Cycle 86   2.379080e-62    0.209462     2.379080e-62 
    Cycle 87   4.983286e-63    0.209463     4.983286e-63 
    Cycle 88   1.043814e-63    0.209463     1.043814e-63 
    Cycle 89   2.186408e-64    0.209463     2.186408e-64 
    Cycle 90   4.579728e-65    0.209464     4.579728e-65 
    Cycle 91   9.592871e-66    0.209464     9.592871e-66 
    Cycle 92   2.009361e-66    0.209464     2.009361e-66 
    Cycle 93   4.208894e-67    0.209464     4.208894e-67 
    Cycle 94   8.816136e-68    0.209464     8.816136e-68 
    Cycle 95   1.846669e-68    0.209465     1.846669e-68 
    Cycle 96   3.868123e-69    0.209465     3.868123e-69 
    Cycle 97   8.102365e-70    0.209465     8.102365e-70 
    Cycle 98   1.697164e-70    0.209465     1.697164e-70 
    Cycle 99   3.554971e-71    0.209465     3.554971e-71 
    Cycle 100   7.446440e-72    0.209466     7.446440e-72 


==============================================
 NOTE: Convergence tolerance was not achieved
      within the allowed 100 V-cycles
==============================================

 Average Convergence Factor = 0.184187

     Complexity:    grid = 1.996264
                operator = 2.677075
                   cycle = 5.354149



=============================================
Solve phase times:
=============================================
BoomerAMG Solve:
  wall clock time = 303.600000 seconds
  wall MFLOPS     = 0.000000
  cpu clock time  = 303.580000 seconds
  cpu MFLOPS      = 0.000000

Running with these driver parameters:
  solver ID    = 0

Reading the mesh....................done.
Creating the ParFESpace.............done.
Assembling the matrix...............done.
Assembling the rhs..................done.
Finalizing the matrix...............done.
Creating the HypreParMatrix.........done.
Creating the RHS HypreParVector.....done.
=============================================
aFEM problem generation times:
=============================================
aFEM problem generation:
  wall clock time = 39.600000 seconds
  wall MFLOPS     = 0.000000
  cpu clock time  = 39.540000 seconds
  cpu MFLOPS      = 0.000000

=============================================
IJ Matrix Setup:
=============================================
Spatial operator:
  wall clock time = 2.100000 seconds
  wall MFLOPS     = 0.000000
  cpu clock time  = 2.110000 seconds
  cpu MFLOPS      = 0.000000

  RHS vector is 0
  Initial guess has unit components
=============================================
IJ Vector Setup:
=============================================
RHS and Initial Guess:
  wall clock time = 0.280000 seconds
  wall MFLOPS     = 0.000000
  cpu clock time  = 0.270000 seconds
  cpu MFLOPS      = 0.000000

Solver:  AMG

Level 0, number of C-points: 33546245
Level 1, number of C-points: 16773130
Level 2, number of C-points: 8386584
Level 3, number of C-points: 4193324
Level 4, number of C-points: 2096730
Level 5, number of C-points: 1048523
Level 6, number of C-points: 528008
Level 7, number of C-points: 194668
Level 8, number of C-points: 73807
Level 9, number of C-points: 26425
Level 10, number of C-points: 10101
Level 11, number of C-points: 3887
Level 12, number of C-points: 1689
Level 13, number of C-points: 851
Level 14, number of C-points: 0
BoomerAMG SETUP PARAMETERS:

 Max levels = 25
 Num levels = 15

 Strength Threshold = 0.250000
 Interpolation Truncation Factor = 0.000000
 Maximum Row Sum Threshold for Dependency Weakening = 1.000000

 Coarsening Type = Compatible Relaxation (CLJP-c Indep. Set)
 Hybrid Coarsening (switch to CLJP when coarsening slows)
 measures are determined locally


Operator Matrix Information:

            nonzero         entries per row        row sums
lev   rows  entries  sparse  min  max   avg       min         max
===================================================================
 0 67125249 335462409  0.000     1    5   5.0  -4.662e-16   2.000e+00
 1 33546245 234774569  0.000     3    8   7.0  -7.103e-16   1.000e+00
 2 16773130 150892632  0.000     4   10   9.0  -9.765e-16   1.000e+00
 3 8386584 83790062  0.000     4   12  10.0  -1.455e-15   5.002e-01
 4 4193324 42907088  0.000     4   13  10.2  -2.395e-15   3.344e-01
 5 2096730 21419456  0.000     4   13  10.2  -4.277e-15   2.003e-01
 6 1048523 10676611  0.000     4   14  10.2  -8.069e-15   1.001e-01
 7  528008 10700930  0.000     6   28  20.3  -1.595e-14   8.810e-02
 8  194668  4601086  0.000     8   36  23.6  -4.997e-14   5.417e-02
 9   73807  1889045  0.000     8   42  25.6  -1.733e-13   4.246e-02
10   26425   724549  0.001     7   48  27.4  -6.052e-13   3.648e-02
11   10101   298427  0.003     9   52  29.5  -1.515e-12   2.984e-02
12    3887   110367  0.007     8   52  28.4   4.050e-07   2.744e-02
13    1689    42633  0.015    10   44  25.2   1.606e-04   2.542e-02
14     851    17263  0.024     9   31  20.3   1.115e-03   2.531e-02


Interpolation Matrix Information:

                 entries/row    min     max         row sums
lev  rows cols    min max     weight   weight     min       max 
=================================================================
 0 67125249 x 33546245   0   2   5.000e-01 5.000e-01 0.000e+00 1.000e+00
 1 33546245 x 16773130   1   2   3.333e-01 6.667e-01 3.333e-01 1.000e+00
 2 16773130 x 8386584   1   2   1.999e-01 1.000e+00 1.999e-01 1.000e+00
 3 8386584 x 4193324   1   2   1.996e-01 7.502e-01 1.996e-01 1.000e+00
 4 4193324 x 2096730   1   2   1.564e-01 7.508e-01 1.564e-01 1.000e+00
 5 2096730 x 1048523   1   2   1.309e-01 1.000e+00 1.309e-01 1.000e+00
 6 1048523 x 528008   1   4   7.092e-02 1.000e+00 1.187e-01 1.000e+00
 7 528008 x 194668   1   6   3.078e-02 1.000e+00 1.105e-01 1.000e+00
 8 194668 x 73807   1   7   1.329e-02 1.000e+00 1.018e-01 1.000e+00
 9 73807 x 26425   1   9   6.882e-03 1.000e+00 7.878e-02 1.000e+00
10 26425 x 10101   1  10   7.602e-03 1.000e+00 8.348e-02 1.000e+00
11 10101 x 3887    0   8   6.695e-03 1.000e+00 0.000e+00 1.000e+00
12  3887 x 1689    0   9   5.842e-03 1.000e-00 0.000e+00 1.000e+00
13  1689 x 851     0  11   1.233e-02 9.879e-01 0.000e+00 1.000e+00


     Complexity:    grid = 1.996406
                operator = 2.677818




BoomerAMG SOLVER PARAMETERS:

  Maximum number of cycles:         100 
  Stopping Tolerance:               1.000000e-100 
  Cycle type (1 = V, 2 = W, etc.):  1

  Relaxation Parameters:
   Visiting Grid:                     fine  down   up  coarse
            Number of partial sweeps:   2     2    2     1 
   Type 0=Jac, 1=GS, 3=Hybrid 9=GE:     3     3    3     9 
   Point types, partial sweeps (1=C, -1=F):
                               Finest grid:   1  -1
                  Pre-CG relaxation (down):   1  -1
                   Post-CG relaxation (up):  -1   1
                             Coarsest grid:   0

=============================================
Setup phase times:
=============================================
BoomerAMG Setup:
  wall clock time = 39.990000 seconds
  wall MFLOPS     = 0.000000
  cpu clock time  = 40.000000 seconds
  cpu MFLOPS      = 0.000000



BoomerAMG SOLVER PARAMETERS:

  Maximum number of cycles:         100 
  Stopping Tolerance:               1.000000e-100 
  Cycle type (1 = V, 2 = W, etc.):  1

  Relaxation Parameters:
   Visiting Grid:                     fine  down   up  coarse
            Number of partial sweeps:   2     2    2     1 
   Type 0=Jac, 1=GS, 3=Hybrid 9=GE:     3     3    3     9 
   Point types, partial sweeps (1=C, -1=F):
                               Finest grid:   1  -1
                  Pre-CG relaxation (down):   1  -1
                   Post-CG relaxation (up):  -1   1
                             Coarsest grid:   0

 Output flag (print_level): 3 


AMG SOLUTION INFO:
                                            relative
               residual        factor       residual
               --------        ------       --------
    Initial    2.218671e+02                 2.218671e+02
    Cycle  1   2.216145e-03    0.000010     2.216145e-03 
    Cycle  2   1.072083e-04    0.048376     1.072083e-04 
    Cycle  3   1.320181e-05    0.123142     1.320181e-05 
    Cycle  4   2.133730e-06    0.161624     2.133730e-06 
    Cycle  5   3.823349e-07    0.179186     3.823349e-07 
    Cycle  6   7.142215e-08    0.186805     7.142215e-08 
    Cycle  7   1.363957e-08    0.190971     1.363957e-08 
    Cycle  8   2.643074e-09    0.193780     2.643074e-09 
    Cycle  9   5.176770e-10    0.195862     5.176770e-10 
    Cycle 10   1.022216e-10    0.197462     1.022216e-10 
    Cycle 11   2.031497e-11    0.198735     2.031497e-11 
    Cycle 12   4.059028e-12    0.199805     4.059028e-12 
    Cycle 13   8.149707e-13    0.200780     8.149707e-13 
    Cycle 14   1.644188e-13    0.201748     1.644188e-13 
    Cycle 15   3.334083e-14    0.202780     3.334083e-14 
    Cycle 16   6.799147e-15    0.203929     6.799147e-15 
    Cycle 17   1.395390e-15    0.205230     1.395390e-15 
    Cycle 18   2.884328e-16    0.206704     2.884328e-16 
    Cycle 19   6.009521e-17    0.208351     6.009521e-17 
    Cycle 20   1.262913e-17    0.210152     1.262913e-17 
    Cycle 21   2.678268e-18    0.212071     2.678268e-18 
    Cycle 22   5.732980e-19    0.214056     5.732980e-19 
    Cycle 23   1.238591e-19    0.216047     1.238591e-19 
    Cycle 24   2.699921e-20    0.217983     2.699921e-20 
    Cycle 25   5.934769e-21    0.219813     5.934769e-21 
    Cycle 26   1.314517e-21    0.221494     1.314517e-21 
    Cycle 27   2.931415e-22    0.223003     2.931415e-22 
    Cycle 28   6.576036e-23    0.224330     6.576036e-23 
    Cycle 29   1.482740e-23    0.225476     1.482740e-23 
    Cycle 30   3.357725e-24    0.226454     3.357725e-24 
    Cycle 31   7.631427e-25    0.227280     7.631427e-25 
    Cycle 32   1.739750e-25    0.227972     1.739750e-25 
    Cycle 33   3.976185e-26    0.228549     3.976185e-26 
    Cycle 34   9.106651e-27    0.229030     9.106651e-27 
    Cycle 35   2.089334e-27    0.229429     2.089334e-27 
    Cycle 36   4.800491e-28    0.229762     4.800491e-28 
    Cycle 37   1.104298e-28    0.230039     1.104298e-28 
    Cycle 38   2.542861e-29    0.230269     2.542861e-29 
    Cycle 39   5.860343e-30    0.230463     5.860343e-30 
    Cycle 40   1.351538e-30    0.230624     1.351538e-30 
    Cycle 41   3.118817e-31    0.230761     3.118817e-31 
    Cycle 42   7.200577e-32    0.230875     7.200577e-32 
    Cycle 43   1.663133e-32    0.230972     1.663133e-32 
    Cycle 44   3.842739e-33    0.231054     3.842739e-33 
    Cycle 45   8.881492e-34    0.231124     8.881492e-34 
    Cycle 46   2.053252e-34    0.231183     2.053252e-34 
    Cycle 47   4.747813e-35    0.231234     4.747813e-35 
    Cycle 48   1.098060e-35    0.231277     1.098060e-35 
    Cycle 49   2.539964e-36    0.231314     2.539964e-36 
    Cycle 50   5.876090e-37    0.231345     5.876090e-37 
    Cycle 51   1.359566e-37    0.231373     1.359566e-37 
    Cycle 52   3.145977e-38    0.231396     3.145977e-38 
    Cycle 53   7.280284e-39    0.231416     7.280284e-39 
    Cycle 54   1.684897e-39    0.231433     1.684897e-39 
    Cycle 55   3.899654e-40    0.231448     3.899654e-40 
    Cycle 56   9.026151e-41    0.231460     9.026151e-41 
    Cycle 57   2.089295e-41    0.231471     2.089295e-41 
    Cycle 58   4.836313e-42    0.231481     4.836313e-42 
    Cycle 59   1.119552e-42    0.231489     1.119552e-42 
    Cycle 60   2.591717e-43    0.231496     2.591717e-43 
    Cycle 61   5.999873e-44    0.231502     5.999873e-44 
    Cycle 62   1.389013e-44    0.231507     1.389013e-44 
    Cycle 63   3.215726e-45    0.231512     3.215726e-45 
    Cycle 64   7.444902e-46    0.231515     7.444902e-46 
    Cycle 65   1.723635e-46    0.231519     1.723635e-46 
    Cycle 66   3.990588e-47    0.231522     3.990588e-47 
    Cycle 67   9.239178e-48    0.231524     9.239178e-48 
    Cycle 68   2.139113e-48    0.231526     2.139113e-48 
    Cycle 69   4.952651e-49    0.231528     4.952651e-49 
    Cycle 70   1.146686e-49    0.231530     1.146686e-49 
    Cycle 71   2.654937e-50    0.231531     2.654937e-50 
    Cycle 72   6.147040e-51    0.231532     6.147040e-51 
    Cycle 73   1.423245e-51    0.231533     1.423245e-51 
    Cycle 74   3.295302e-52    0.231534     3.295302e-52 
    Cycle 75   7.629782e-53    0.231535     7.629782e-53 
    Cycle 76   1.766568e-53    0.231536     1.766568e-53 
    Cycle 77   4.090247e-54    0.231536     4.090247e-54 
    Cycle 78   9.470431e-55    0.231537     9.470431e-55 
    Cycle 79   2.192758e-55    0.231537     2.192758e-55 
    Cycle 80   5.077062e-56    0.231538     5.077062e-56 
    Cycle 81   1.175533e-56    0.231538     1.175533e-56 
    Cycle 82   2.721808e-57    0.231538     2.721808e-57 
    Cycle 83   6.302035e-58    0.231539     6.302035e-58 
    Cycle 84   1.459165e-58    0.231539     1.459165e-58 
    Cycle 85   3.378536e-59    0.231539     3.378536e-59 
    Cycle 86   7.822630e-60    0.231539     7.822630e-60 
    Cycle 87   1.811246e-60    0.231539     1.811246e-60 
    Cycle 88   4.193746e-61    0.231539     4.193746e-61 
    Cycle 89   9.710175e-62    0.231539     9.710175e-62 
    Cycle 90   2.248289e-62    0.231540     2.248289e-62 
    Cycle 91   5.205680e-63    0.231540     5.205680e-63 
    Cycle 92   1.205321e-63    0.231540     1.205321e-63 
    Cycle 93   2.790798e-64    0.231540     2.790798e-64 
    Cycle 94   6.461806e-65    0.231540     6.461806e-65 
    Cycle 95   1.496165e-65    0.231540     1.496165e-65 
    Cycle 96   3.464219e-66    0.231540     3.464219e-66 
    Cycle 97   8.021047e-67    0.231540     8.021047e-67 
    Cycle 98   1.857192e-67    0.231540     1.857192e-67 
    Cycle 99   4.300142e-68    0.231540     4.300142e-68 
    Cycle 100   9.956546e-69    0.231540     9.956546e-69 


==============================================
 NOTE: Convergence tolerance was not achieved
      within the allowed 100 V-cycles
==============================================

 Average Convergence Factor = 0.197934

     Complexity:    grid = 1.996406
                operator = 2.677818
                   cycle = 5.355584



=============================================
Solve phase times:
=============================================
BoomerAMG Solve:
  wall clock time = 398.280000 seconds
  wall MFLOPS     = 0.000000
  cpu clock time  = 398.280000 seconds
  cpu MFLOPS      = 0.000000

Running with these driver parameters:
  solver ID    = 0

Reading the mesh....................done.
Creating the ParFESpace.............done.
Assembling the matrix...............done.
Assembling the rhs..................done.
Finalizing the matrix...............done.
Creating the HypreParMatrix.........done.
Creating the RHS HypreParVector.....done.
=============================================
aFEM problem generation times:
=============================================
aFEM problem generation:
  wall clock time = 39.470000 seconds
  wall MFLOPS     = 0.000000
  cpu clock time  = 39.480000 seconds
  cpu MFLOPS      = 0.000000

=============================================
IJ Matrix Setup:
=============================================
Spatial operator:
  wall clock time = 2.150000 seconds
  wall MFLOPS     = 0.000000
  cpu clock time  = 2.150000 seconds
  cpu MFLOPS      = 0.000000

  RHS vector is 0
  Initial guess has unit components
=============================================
IJ Vector Setup:
=============================================
RHS and Initial Guess:
  wall clock time = 0.260000 seconds
  wall MFLOPS     = 0.000000
  cpu clock time  = 0.260000 seconds
  cpu MFLOPS      = 0.000000

Solver:  AMG

Level 0, number of C-points: 33546237
Level 1, number of C-points: 16773112
Level 2, number of C-points: 8386535
Level 3, number of C-points: 4193233
Level 4, number of C-points: 2095531
Level 5, number of C-points: 1046596
Level 6, number of C-points: 517740
Level 7, number of C-points: 158234
Level 8, number of C-points: 35661
Level 9, number of C-points: 7354
Level 10, number of C-points: 1614
Level 11, number of C-points: 396
Level 12, number of C-points: 0
BoomerAMG SETUP PARAMETERS:

 Max levels = 25
 Num levels = 13

 Strength Threshold = 0.250000
 Interpolation Truncation Factor = 0.000000
 Maximum Row Sum Threshold for Dependency Weakening = 1.000000

 Coarsening Type = Compatible Relaxation (PMIS-c1 Indep. Set)
 Hybrid Coarsening (switch to CLJP when coarsening slows)
 measures are determined locally


Operator Matrix Information:

            nonzero         entries per row        row sums
lev   rows  entries  sparse  min  max   avg       min         max
===================================================================
 0 67125249 335462409  0.000     1    5   5.0  -4.662e-16   2.000e+00
 1 33546237 234774513  0.000     3    9   7.0  -7.103e-16   1.000e+00
 2 16773112 150892438  0.000     4   10   9.0  -9.765e-16   1.000e+00
 3 8386535 83788945  0.000     4   11  10.0  -2.357e-15   5.002e-01
 4 4193233 42905797  0.000     4   12  10.2  -4.916e-15   3.344e-01
 5 2095531 21405993  0.000     5   12  10.2  -8.462e-15   3.340e-01
 6 1046596 10655582  0.000     4   13  10.2  -1.715e-14   2.003e-01
 7  517740 10480946  0.000     4   23  20.2  -6.254e-14   2.053e-01
 8  158234  3216302  0.000     6   25  20.3  -1.942e-13   2.091e-01
 9   35661   561979  0.000     4   25  15.8  -6.773e-13   8.942e-02
10    7354    88134  0.002     4   19  12.0  -2.566e-12   6.354e-02
11    1614    15746  0.006     3   19   9.8   5.355e-08   6.107e-02
12     396     2846  0.018     3   13   7.2   1.008e-02   9.323e-02


Interpolation Matrix Information:

                 entries/row    min     max         row sums
lev  rows cols    min max     weight   weight     min       max 
=================================================================
 0 67125249 x 33546237   0   2   5.000e-01 5.000e-01 0.000e+00 1.000e+00
 1 33546237 x 16773112   1   2   3.333e-01 1.000e+00 3.333e-01 1.000e+00
 2 16773112 x 8386535   1   2   1.999e-01 1.000e+00 1.999e-01 1.000e+00
 3 8386535 x 4193233   1   2   1.996e-01 1.000e+00 1.996e-01 1.000e+00
 4 4193233 x 2095531   0   2   1.566e-01 1.000e+00 0.000e+00 1.000e+00
 5 2095531 x 1046596   0   2   8.289e-02 1.000e+00 0.000e+00 1.000e+00
 6 1046596 x 517740   0   4   4.245e-02 1.000e+00 0.000e+00 1.000e+00
 7 517740 x 158234   0   5   2.320e-02 1.000e+00 0.000e+00 1.000e+00
 8 158234 x 35661   0   4   1.797e-02 1.000e+00 0.000e+00 1.000e+00
 9 35661 x 7354    0   4   1.618e-02 1.000e+00 0.000e+00 1.000e+00
10  7354 x 1614    0   5   2.625e-02 1.000e+00 0.000e+00 1.000e+00
11  1614 x 396     0   4   2.012e-02 1.000e-00 0.000e+00 1.000e+00


     Complexity:    grid = 1.994592
                operator = 2.665728




BoomerAMG SOLVER PARAMETERS:

  Maximum number of cycles:         100 
  Stopping Tolerance:               1.000000e-100 
  Cycle type (1 = V, 2 = W, etc.):  1

  Relaxation Parameters:
   Visiting Grid:                     fine  down   up  coarse
            Number of partial sweeps:   2     2    2     1 
   Type 0=Jac, 1=GS, 3=Hybrid 9=GE:     3     3    3     9 
   Point types, partial sweeps (1=C, -1=F):
                               Finest grid:   1  -1
                  Pre-CG relaxation (down):   1  -1
                   Post-CG relaxation (up):  -1   1
                             Coarsest grid:   0

=============================================
Setup phase times:
=============================================
BoomerAMG Setup:
  wall clock time = 39.200000 seconds
  wall MFLOPS     = 0.000000
  cpu clock time  = 39.190000 seconds
  cpu MFLOPS      = 0.000000



BoomerAMG SOLVER PARAMETERS:

  Maximum number of cycles:         100 
  Stopping Tolerance:               1.000000e-100 
  Cycle type (1 = V, 2 = W, etc.):  1

  Relaxation Parameters:
   Visiting Grid:                     fine  down   up  coarse
            Number of partial sweeps:   2     2    2     1 
   Type 0=Jac, 1=GS, 3=Hybrid 9=GE:     3     3    3     9 
   Point types, partial sweeps (1=C, -1=F):
                               Finest grid:   1  -1
                  Pre-CG relaxation (down):   1  -1
                   Post-CG relaxation (up):  -1   1
                             Coarsest grid:   0

 Output flag (print_level): 3 


AMG SOLUTION INFO:
                                            relative
               residual        factor       residual
               --------        ------       --------
    Initial    2.218671e+02                 2.218671e+02
    Cycle  1   1.031932e-01    0.000465     1.031932e-01 
    Cycle  2   2.900282e-02    0.281054     2.900282e-02 
    Cycle  3   8.216098e-03    0.283286     8.216098e-03 
    Cycle  4   2.354929e-03    0.286624     2.354929e-03 
    Cycle  5   6.886442e-04    0.292427     6.886442e-04 
    Cycle  6   2.113602e-04    0.306922     2.113602e-04 
    Cycle  7   7.426602e-05    0.351372     7.426602e-05 
    Cycle  8   3.405577e-05    0.458565     3.405577e-05 
    Cycle  9   2.004315e-05    0.588539     2.004315e-05 
    Cycle 10   1.329920e-05    0.663528     1.329920e-05 
    Cycle 11   9.278331e-06    0.697661     9.278331e-06 
    Cycle 12   6.664561e-06    0.718293     6.664561e-06 
    Cycle 13   4.895003e-06    0.734482     4.895003e-06 
    Cycle 14   3.660921e-06    0.747889     3.660921e-06 
    Cycle 15   2.776800e-06    0.758498     2.776800e-06 
    Cycle 16   2.127760e-06    0.766263     2.127760e-06 
    Cycle 17   1.641439e-06    0.771440     1.641439e-06 
    Cycle 18   1.271284e-06    0.774494     1.271284e-06 
    Cycle 19   9.864524e-07    0.775950     9.864524e-07 
    Cycle 20   7.657657e-07    0.776282     7.657657e-07 
    Cycle 21   5.941362e-07    0.775872     5.941362e-07 
    Cycle 22   4.604554e-07    0.775000     4.604554e-07 
    Cycle 23   3.563296e-07    0.773863     3.563296e-07 
    Cycle 24   2.752989e-07    0.772596     2.752989e-07 
    Cycle 25   2.123341e-07    0.771286     2.123341e-07 
    Cycle 26   1.634944e-07    0.769986     1.634944e-07 
    Cycle 27   1.256834e-07    0.768732     1.256834e-07 
    Cycle 28   9.646725e-08    0.767542     9.646725e-08 
    Cycle 29   7.393487e-08    0.766425     7.393487e-08 
    Cycle 30   5.658860e-08    0.765384     5.658860e-08 
    Cycle 31   4.325751e-08    0.764421     4.325751e-08 
    Cycle 32   3.302848e-08    0.763532     3.302848e-08 
    Cycle 33   2.519124e-08    0.762713     2.519124e-08 
    Cycle 34   1.919473e-08    0.761960     1.919473e-08 
    Cycle 35   1.461235e-08    0.761269     1.461235e-08 
    Cycle 36   1.111466e-08    0.760635     1.111466e-08 
    Cycle 37   8.447733e-09    0.760053     8.447733e-09 
    Cycle 38   6.416214e-09    0.759519     6.416214e-09 
    Cycle 39   4.870094e-09    0.759029     4.870094e-09 
    Cycle 40   3.694355e-09    0.758580     3.694355e-09 
    Cycle 41   2.800939e-09    0.758167     2.800939e-09 
    Cycle 42   2.122520e-09    0.757789     2.122520e-09 
    Cycle 43   1.607683e-09    0.757441     1.607683e-09 
    Cycle 44   1.217211e-09    0.757121     1.217211e-09 
    Cycle 45   9.212195e-10    0.756828     9.212195e-10 
    Cycle 46   6.969561e-10    0.756558     6.969561e-10 
    Cycle 47   5.271150e-10    0.756310     5.271150e-10 
    Cycle 48   3.985423e-10    0.756082     3.985423e-10 
    Cycle 49   3.012471e-10    0.755872     3.012471e-10 
    Cycle 50   2.276463e-10    0.755680     2.276463e-10 
    Cycle 51   1.719872e-10    0.755502     1.719872e-10 
    Cycle 52   1.299086e-10    0.755339     1.299086e-10 
    Cycle 53   9.810546e-11    0.755188     9.810546e-11 
    Cycle 54   7.407452e-11    0.755050     7.407452e-11 
    Cycle 55   5.592052e-11    0.754923     5.592052e-11 
    Cycle 56   4.220910e-11    0.754805     4.220910e-11 
    Cycle 57   3.185509e-11    0.754697     3.185509e-11 
    Cycle 58   2.403778e-11    0.754598     2.403778e-11 
    Cycle 59   1.813666e-11    0.754506     1.813666e-11 
    Cycle 60   1.368270e-11    0.754422     1.368270e-11 
    Cycle 61   1.032147e-11    0.754344     1.032147e-11 
    Cycle 62   7.785203e-12    0.754273     7.785203e-12 
    Cycle 63   5.871657e-12    0.754207     5.871657e-12 
    Cycle 64   4.428091e-12    0.754147     4.428091e-12 
    Cycle 65   3.339184e-12    0.754091     3.339184e-12 
    Cycle 66   2.517878e-12    0.754040     2.517878e-12 
    Cycle 67   1.898461e-12    0.753993     1.898461e-12 
    Cycle 68   1.431344e-12    0.753949     1.431344e-12 
    Cycle 69   1.079104e-12    0.753909     1.079104e-12 
    Cycle 70   8.135068e-13    0.753873     8.135068e-13 
    Cycle 71   6.132532e-13    0.753839     6.132532e-13 
    Cycle 72   4.622753e-13    0.753808     4.622753e-13 
    Cycle 73   3.484537e-13    0.753780     3.484537e-13 
    Cycle 74   2.626482e-13    0.753754     2.626482e-13 
    Cycle 75   1.979657e-13    0.753730     1.979657e-13 
    Cycle 76   1.492083e-13    0.753708     1.492083e-13 
    Cycle 77   1.124564e-13    0.753687     1.124564e-13 
    Cycle 78   8.475487e-14    0.753669     8.475487e-14 
    Cycle 79   6.387567e-14    0.753652     6.387567e-14 
    Cycle 80   4.813903e-14    0.753636     4.813903e-14 
    Cycle 81   3.627864e-14    0.753622     3.627864e-14 
    Cycle 82   2.733991e-14    0.753609     2.733991e-14 
    Cycle 83   2.060328e-14    0.753597     2.060328e-14 
    Cycle 84   1.552635e-14    0.753586     1.552635e-14 
    Cycle 85   1.170030e-14    0.753576     1.170030e-14 
    Cycle 86   8.816962e-15    0.753567     8.816962e-15 
    Cycle 87   6.644103e-15    0.753559     6.644103e-15 
    Cycle 88   5.006675e-15    0.753552     5.006675e-15 
    Cycle 89   3.772754e-15    0.753545     3.772754e-15 
    Cycle 90   2.842916e-15    0.753539     2.842916e-15 
    Cycle 91   2.142231e-15    0.753533     2.142231e-15 
    Cycle 92   1.614231e-15    0.753528     1.614231e-15 
    Cycle 93   1.216360e-15    0.753523     1.216360e-15 
    Cycle 94   9.165508e-16    0.753519     9.165508e-16 
    Cycle 95   6.906351e-16    0.753515     6.906351e-16 
    Cycle 96   5.204018e-16    0.753512     5.204018e-16 
    Cycle 97   3.921274e-16    0.753509     3.921274e-16 
    Cycle 98   2.954704e-16    0.753506     2.954704e-16 
    Cycle 99   2.226380e-16    0.753504     2.226380e-16 
    Cycle 100   1.677581e-16    0.753502     1.677581e-16 


==============================================
 NOTE: Convergence tolerance was not achieved
      within the allowed 100 V-cycles
==============================================

 Average Convergence Factor = 0.658849

     Complexity:    grid = 1.994592
                operator = 2.665728
                   cycle = 5.331448



=============================================
Solve phase times:
=============================================
BoomerAMG Solve:
  wall clock time = 305.990000 seconds
  wall MFLOPS     = 0.000000
  cpu clock time  = 305.990000 seconds
  cpu MFLOPS      = 0.000000

Running with these driver parameters:
  solver ID    = 0

Reading the mesh....................done.
Creating the ParFESpace.............done.
Assembling the matrix...............done.
Assembling the rhs..................done.
Finalizing the matrix...............done.
Creating the HypreParMatrix.........done.
Creating the RHS HypreParVector.....done.
=============================================
aFEM problem generation times:
=============================================
aFEM problem generation:
  wall clock time = 38.460000 seconds
  wall MFLOPS     = 0.000000
  cpu clock time  = 38.440000 seconds
  cpu MFLOPS      = 0.000000

=============================================
IJ Matrix Setup:
=============================================
Spatial operator:
  wall clock time = 2.100000 seconds
  wall MFLOPS     = 0.000000
  cpu clock time  = 2.080000 seconds
  cpu MFLOPS      = 0.000000

  RHS vector is 0
  Initial guess has unit components
=============================================
IJ Vector Setup:
=============================================
RHS and Initial Guess:
  wall clock time = 0.320000 seconds
  wall MFLOPS     = 0.000000
  cpu clock time  = 0.330000 seconds
  cpu MFLOPS      = 0.000000

Solver:  AMG

BoomerAMG SETUP PARAMETERS:

 Max levels = 25
 Num levels = 16

 Strength Threshold = 0.250000
 Interpolation Truncation Factor = 0.000000
 Maximum Row Sum Threshold for Dependency Weakening = 1.000000

 Coarsening Type = PMIS 
 Hybrid Coarsening (switch to CLJP when coarsening slows)
 measures are determined locally


Operator Matrix Information:

            nonzero         entries per row        row sums
lev   rows  entries  sparse  min  max   avg       min         max
===================================================================
 0 67125249 335462409  0.000     1    5   5.0  -4.662e-16   2.000e+00
 1 29006917 212382089  0.000     4    9   7.3  -7.102e-16   1.000e+00
 2 12541380 104388174  0.000     3   11   8.3  -1.387e-15   1.000e+00
 3 5416072 47288566  0.000     3   13   8.7  -7.718e-04   1.001e+00
 4 2340053 20813341  0.000     3   14   8.9  -9.926e-04   1.001e+00
 5 1011931  9045095  0.000     3   13   8.9  -6.824e-03   1.003e+00
 6  438374  3899196  0.000     3   13   8.9  -7.965e-03   1.005e+00
 7  173127  1751453  0.000     3   20  10.1  -1.274e-02   1.011e+00
 8   40769   426345  0.000     3   20  10.5  -9.186e-03   1.015e+00
 9    9217    90379  0.001     3   18   9.8  -7.220e-03   1.021e+00
10    2146    17720  0.004     3   15   8.3   7.205e-03   2.858e-01
11     472     2330  0.010     3    8   4.9   5.769e-02   5.198e-01
12     151      531  0.023     2    5   3.5   1.372e-01   5.857e-01
13      60      184  0.051     2    4   3.1   2.656e-01   5.684e-01
14      24       66  0.115     2    3   2.8   2.805e-01   5.040e-01
15       9       17  0.210     1    3   1.9   3.337e-01   5.040e-01


Interpolation Matrix Information:

                 entries/row    min     max         row sums
lev  rows cols    min max     weight   weight     min       max 
=================================================================
 0 67125249 x 29006917   0   2   5.000e-01 1.000e+00 0.000e+00 1.000e+00
 1 29006917 x 12541380   1   2   3.333e-01 1.000e+00 3.333e-01 1.000e+00
 2 12541380 x 5416072   0   2   1.999e-01 1.000e+00 0.000e+00 1.000e+00
 3 5416072 x 2340053   0   2   3.496e-03 1.001e+00 0.000e+00 1.001e+00
 4 2340053 x 1011931   0   2   3.768e-03 1.002e+00 0.000e+00 1.002e+00
 5 1011931 x 438374   0   3   3.622e-03 1.007e+00 0.000e+00 1.010e+00
 6 438374 x 173127   0   4   6.246e-03 1.077e+00 0.000e+00 1.077e+00
 7 173127 x 40769   0   5   5.865e-03 1.121e+00 0.000e+00 1.148e+00
 8 40769 x 9217    0   5   9.133e-03 1.095e+00 0.000e+00 1.095e+00
 9  9217 x 2146    0   4   3.044e-02 1.048e+00 0.000e+00 1.048e+00
10  2146 x 472     0   4   3.847e-02 9.373e-01 0.000e+00 1.000e+00
11   472 x 151     0   3   2.495e-02 3.637e-01 0.000e+00 1.000e+00
12   151 x 60      1   2   5.604e-04 9.536e-02 5.604e-04 1.000e+00
13    60 x 24      0   2   6.961e-08 2.870e-03 0.000e+00 1.000e+00
14    24 x 9       0   1   1.940e-18 2.144e-06 0.000e+00 1.000e+00


     Complexity:    grid = 1.759486
                operator = 2.192698




BoomerAMG SOLVER PARAMETERS:

  Maximum number of cycles:         100 
  Stopping Tolerance:               1.000000e-100 
  Cycle type (1 = V, 2 = W, etc.):  1

  Relaxation Parameters:
   Visiting Grid:                     fine  down   up  coarse
            Number of partial sweeps:   2     2    2     1 
   Type 0=Jac, 1=GS, 3=Hybrid 9=GE:     3     3    3     9 
   Point types, partial sweeps (1=C, -1=F):
                               Finest grid:   1  -1
                  Pre-CG relaxation (down):   1  -1
                   Post-CG relaxation (up):  -1   1
                             Coarsest grid:   0

=============================================
Setup phase times:
=============================================
BoomerAMG Setup:
  wall clock time = 17.760000 seconds
  wall MFLOPS     = 0.000000
  cpu clock time  = 17.760000 seconds
  cpu MFLOPS      = 0.000000



BoomerAMG SOLVER PARAMETERS:

  Maximum number of cycles:         100 
  Stopping Tolerance:               1.000000e-100 
  Cycle type (1 = V, 2 = W, etc.):  1

  Relaxation Parameters:
   Visiting Grid:                     fine  down   up  coarse
            Number of partial sweeps:   2     2    2     1 
   Type 0=Jac, 1=GS, 3=Hybrid 9=GE:     3     3    3     9 
   Point types, partial sweeps (1=C, -1=F):
                               Finest grid:   1  -1
                  Pre-CG relaxation (down):   1  -1
                   Post-CG relaxation (up):  -1   1
                             Coarsest grid:   0

 Output flag (print_level): 3 


AMG SOLUTION INFO:
                                            relative
               residual        factor       residual
               --------        ------       --------
    Initial    2.218671e+02                 2.218671e+02
    Cycle  1   1.200718e+00    0.005412     1.200718e+00 
    Cycle  2   4.029454e-01    0.335587     4.029454e-01 
    Cycle  3   2.503928e-01    0.621406     2.503928e-01 
    Cycle  4   1.802523e-01    0.719878     1.802523e-01 
    Cycle  5   1.397336e-01    0.775211     1.397336e-01 
    Cycle  6   1.139410e-01    0.815416     1.139410e-01 
    Cycle  7   9.665224e-02    0.848265     9.665224e-02 
    Cycle  8   8.459912e-02    0.875294     8.459912e-02 
    Cycle  9   7.587248e-02    0.896847     7.587248e-02 
    Cycle 10   6.931190e-02    0.913532     6.931190e-02 
    Cycle 11   6.419974e-02    0.926244     6.419974e-02 
    Cycle 12   6.008538e-02    0.935913     6.008538e-02 
    Cycle 13   5.668047e-02    0.943332     5.668047e-02 
    Cycle 14   5.379610e-02    0.949112     5.379610e-02 
    Cycle 15   5.130519e-02    0.953697     5.130519e-02 
    Cycle 16   4.911985e-02    0.957405     4.911985e-02 
    Cycle 17   4.717762e-02    0.960459     4.717762e-02 
    Cycle 18   4.543289e-02    0.963018     4.543289e-02 
    Cycle 19   4.385155e-02    0.965194     4.385155e-02 
    Cycle 20   4.240754e-02    0.967071     4.240754e-02 
    Cycle 21   4.108053e-02    0.968708     4.108053e-02 
    Cycle 22   3.985436e-02    0.970152     3.985436e-02 
    Cycle 23   3.871602e-02    0.971438     3.871602e-02 
    Cycle 24   3.765488e-02    0.972592     3.765488e-02 
    Cycle 25   3.666211e-02    0.973635     3.666211e-02 
    Cycle 26   3.573034e-02    0.974585     3.573034e-02 
    Cycle 27   3.485334e-02    0.975455     3.485334e-02 
    Cycle 28   3.402578e-02    0.976256     3.402578e-02 
    Cycle 29   3.324309e-02    0.976997     3.324309e-02 
    Cycle 30   3.250129e-02    0.977686     3.250129e-02 
    Cycle 31   3.179692e-02    0.978328     3.179692e-02 
    Cycle 32   3.112694e-02    0.978929     3.112694e-02 
    Cycle 33   3.048866e-02    0.979494     3.048866e-02 
    Cycle 34   2.987970e-02    0.980027     2.987970e-02 
    Cycle 35   2.929793e-02    0.980529     2.929793e-02 
    Cycle 36   2.874142e-02    0.981005     2.874142e-02 
    Cycle 37   2.820848e-02    0.981457     2.820848e-02 
    Cycle 38   2.769752e-02    0.981887     2.769752e-02 
    Cycle 39   2.720715e-02    0.982296     2.720715e-02 
    Cycle 40   2.673608e-02    0.982686     2.673608e-02 
    Cycle 41   2.628313e-02    0.983059     2.628313e-02 
    Cycle 42   2.584723e-02    0.983415     2.584723e-02 
    Cycle 43   2.542738e-02    0.983756     2.542738e-02 
    Cycle 44   2.502267e-02    0.984084     2.502267e-02 
    Cycle 45   2.463226e-02    0.984398     2.463226e-02 
    Cycle 46   2.425538e-02    0.984699     2.425538e-02 
    Cycle 47   2.389129e-02    0.984989     2.389129e-02 
    Cycle 48   2.353932e-02    0.985268     2.353932e-02 
    Cycle 49   2.319886e-02    0.985536     2.319886e-02 
    Cycle 50   2.286931e-02    0.985795     2.286931e-02 
    Cycle 51   2.255013e-02    0.986043     2.255013e-02 
    Cycle 52   2.224082e-02    0.986283     2.224082e-02 
    Cycle 53   2.194089e-02    0.986514     2.194089e-02 
    Cycle 54   2.164990e-02    0.986737     2.164990e-02 
    Cycle 55   2.136742e-02    0.986953     2.136742e-02 
    Cycle 56   2.109306e-02    0.987160     2.109306e-02 
    Cycle 57   2.082646e-02    0.987361     2.082646e-02 
    Cycle 58   2.056725e-02    0.987554     2.056725e-02 
    Cycle 59   2.031512e-02    0.987741     2.031512e-02 
    Cycle 60   2.006974e-02    0.987922     2.006974e-02 
    Cycle 61   1.983083e-02    0.988096     1.983083e-02 
    Cycle 62   1.959811e-02    0.988265     1.959811e-02 
    Cycle 63   1.937131e-02    0.988428     1.937131e-02 
    Cycle 64   1.915019e-02    0.988585     1.915019e-02 
    Cycle 65   1.893450e-02    0.988737     1.893450e-02 
    Cycle 66   1.872404e-02    0.988885     1.872404e-02 
    Cycle 67   1.851858e-02    0.989027     1.851858e-02 
    Cycle 68   1.831793e-02    0.989165     1.831793e-02 
    Cycle 69   1.812189e-02    0.989298     1.812189e-02 
    Cycle 70   1.793028e-02    0.989427     1.793028e-02 
    Cycle 71   1.774294e-02    0.989552     1.774294e-02 
    Cycle 72   1.755969e-02    0.989672     1.755969e-02 
    Cycle 73   1.738039e-02    0.989789     1.738039e-02 
    Cycle 74   1.720489e-02    0.989902     1.720489e-02 
    Cycle 75   1.703304e-02    0.990011     1.703304e-02 
    Cycle 76   1.686471e-02    0.990117     1.686471e-02 
    Cycle 77   1.669977e-02    0.990220     1.669977e-02 
    Cycle 78   1.653810e-02    0.990319     1.653810e-02 
    Cycle 79   1.637959e-02    0.990415     1.637959e-02 
    Cycle 80   1.622412e-02    0.990509     1.622412e-02 
    Cycle 81   1.607160e-02    0.990599     1.607160e-02 
    Cycle 82   1.592191e-02    0.990686     1.592191e-02 
    Cycle 83   1.577496e-02    0.990771     1.577496e-02 
    Cycle 84   1.563066e-02    0.990853     1.563066e-02 
    Cycle 85   1.548892e-02    0.990932     1.548892e-02 
    Cycle 86   1.534966e-02    0.991009     1.534966e-02 
    Cycle 87   1.521280e-02    0.991084     1.521280e-02 
    Cycle 88   1.507825e-02    0.991156     1.507825e-02 
    Cycle 89   1.494596e-02    0.991226     1.494596e-02 
    Cycle 90   1.481584e-02    0.991294     1.481584e-02 
    Cycle 91   1.468783e-02    0.991360     1.468783e-02 
    Cycle 92   1.456186e-02    0.991424     1.456186e-02 
    Cycle 93   1.443787e-02    0.991486     1.443787e-02 
    Cycle 94   1.431581e-02    0.991546     1.431581e-02 
    Cycle 95   1.419562e-02    0.991604     1.419562e-02 
    Cycle 96   1.407723e-02    0.991661     1.407723e-02 
    Cycle 97   1.396061e-02    0.991715     1.396061e-02 
    Cycle 98   1.384570e-02    0.991769     1.384570e-02 
    Cycle 99   1.373244e-02    0.991820     1.373244e-02 
    Cycle 100   1.362080e-02    0.991870     1.362080e-02 


==============================================
 NOTE: Convergence tolerance was not achieved
      within the allowed 100 V-cycles
==============================================

 Average Convergence Factor = 0.907572

     Complexity:    grid = 1.759486
                operator = 2.192698
                   cycle = 4.385397



=============================================
Solve phase times:
=============================================
BoomerAMG Solve:
  wall clock time = 327.530000 seconds
  wall MFLOPS     = 0.000000
  cpu clock time  = 327.520000 seconds
  cpu MFLOPS      = 0.000000

ALL DONE
