This file contains any messages produced by compilers while
running configure, to aid debugging if configure makes a mistake.

It was created by hypre configure 1.10.0b, which was
generated by GNU Autoconf 2.59.  Invocation command line was

  $ ./configure 

## --------- ##
## Platform. ##
## --------- ##

hostname = dalber-10441S.local
uname -m = i386
uname -r = 8.9.1
uname -s = Darwin
uname -v = Darwin Kernel Version 8.9.1: Thu Feb 22 20:55:00 PST 2007; root:xnu-792.18.15~1/RELEASE_I386

/usr/bin/uname -p = i386
/bin/uname -X     = unknown

/bin/arch              = unknown
/usr/bin/arch -k       = unknown
/usr/convex/getsysinfo = unknown
hostinfo               = Mach kernel version:
	 Darwin Kernel Version 8.9.1: Thu Feb 22 20:55:00 PST 2007; root:xnu-792.18.15~1/RELEASE_I386
Kernel configured for up to 2 processors.
2 processors are physically available.
2 processors are logically available.
Processor type: i486 (Intel 80486)
Processors active: 0 1
Primary memory available: 2.00 gigabytes
Default processor set: 73 tasks, 220 threads, 2 processors
Load average: 0.23, Mach factor: 1.76
/bin/machine           = unknown
/usr/bin/oslevel       = unknown
/bin/universe          = unknown

PATH: /bin
PATH: /sbin
PATH: /usr/bin
PATH: /usr/sbin
PATH: /usr/local/bin
PATH: /usr/texbin
PATH: /sw/bin
PATH: /sw/lib/doxygen1.3/bin
PATH: /Users/dalber/packages/bin
PATH: /Applications/SBW-2.5.5a/SBWLauncher.app/Contents/Resources/Java/bin


## ----------- ##
## Core tests. ##
## ----------- ##

configure:1570: checking build system type
configure:1588: result: i686-apple-darwin8.9.1
configure:1600: checking host system type
configure:1614: result: i686-apple-darwin8.9.1
configure:2495: checking for mpcc
configure:2524: result: no
configure:2495: checking for mpikcc
configure:2524: result: no
configure:2495: checking for mpicc
configure:2511: found /Users/dalber/packages/bin/mpicc
configure:2521: result: mpicc
configure:2535: checking for mpCC
configure:2564: result: no
configure:2535: checking for mpiKCC
configure:2564: result: no
configure:2535: checking for mpicxx
configure:2551: found /Users/dalber/packages/bin/mpicxx
configure:2561: result: mpicxx
configure:2575: checking for mpxlf
configure:2604: result: no
configure:2575: checking for mpf77
configure:2604: result: no
configure:2575: checking for mpikf77
configure:2604: result: no
configure:2575: checking for mpif77
configure:2604: result: no
configure:2575: checking for ifort
configure:2604: result: no
configure:2575: checking for pgf77
configure:2604: result: no
configure:2575: checking for xlf
configure:2604: result: no
configure:2575: checking for f77
configure:2604: result: no
configure:2575: checking for kf77
configure:2604: result: no
configure:2575: checking for fort77
configure:2604: result: no
configure:2575: checking for f90
configure:2604: result: no
configure:2575: checking for g77
configure:2604: result: no
configure:2656: checking for ranlib
configure:2672: found /usr/bin/ranlib
configure:2683: result: ranlib
configure:2708: checking for a BSD-compatible install
configure:2763: result: /usr/bin/install -c
configure:2778: checking for gawk
configure:2807: result: no
configure:2778: checking for mawk
configure:2807: result: no
configure:2778: checking for nawk
configure:2807: result: no
configure:2778: checking for awk
configure:2794: found /usr/bin/awk
configure:2804: result: awk
configure:3130: checking for C compiler version
configure:3133: mpicc --version </dev/null >&5
i686-apple-darwin8-gcc-4.0.1 (GCC) 4.0.1 (Apple Computer, Inc. build 5367)
Copyright (C) 2005 Free Software Foundation, Inc.
This is free software; see the source for copying conditions.  There is NO
warranty; not even for MERCHANTABILITY or FITNESS FOR A PARTICULAR PURPOSE.

configure:3136: $? = 0
configure:3138: mpicc -v </dev/null >&5
mpicc for 1.0.4p1
Using built-in specs.
Target: i686-apple-darwin8
Configured with: /private/var/tmp/gcc/gcc-5367.obj~1/src/configure --disable-checking -enable-werror --prefix=/usr --mandir=/share/man --enable-languages=c,objc,c++,obj-c++ --program-transform-name=/^[cg][^.-]*$/s/$/-4.0/ --with-gxx-include-dir=/include/c++/4.0.0 --with-slibdir=/usr/lib --build=powerpc-apple-darwin8 --with-arch=nocona --with-tune=generic --program-prefix= --host=i686-apple-darwin8 --target=i686-apple-darwin8
Thread model: posix
gcc version 4.0.1 (Apple Computer, Inc. build 5367)
 /usr/libexec/gcc/i686-apple-darwin8/4.0.1/collect2 -dynamic -arch i386 -weak_reference_mismatches non-weak -o a.out -lcrt1.o -L/Users/dalber/packages/lib -L/usr/lib/gcc/i686-apple-darwin8/4.0.1 -L/usr/lib/gcc/i686-apple-darwin8/4.0.1 -L/usr/lib/gcc/i686-apple-darwin8/4.0.1/../../.. -lpmpich -lmpich -lgcc -lSystem
/usr/bin/ld: Undefined symbols:
_main
collect2: ld returned 1 exit status
configure:3141: $? = 1
configure:3143: mpicc -V </dev/null >&5
i686-apple-darwin8-gcc-4.0.1: '-V' must come at the start of the command line
configure:3146: $? = 1
configure:3169: checking for C compiler default output file name
configure:3172: mpicc    conftest.c  >&5
configure:3175: $? = 0
configure:3221: result: a.out
configure:3226: checking whether the C compiler works
configure:3232: ./a.out
configure:3235: $? = 0
configure:3252: result: yes
configure:3259: checking whether we are cross compiling
configure:3261: result: no
configure:3264: checking for suffix of executables
configure:3266: mpicc -o conftest    conftest.c  >&5
configure:3269: $? = 0
configure:3294: result: 
configure:3300: checking for suffix of object files
configure:3321: mpicc -c   conftest.c >&5
configure:3324: $? = 0
configure:3346: result: o
configure:3350: checking whether we are using the GNU C compiler
configure:3374: mpicc -c   conftest.c >&5
configure:3380: $? = 0
configure:3384: test -z 
			 || test ! -s conftest.err
configure:3387: $? = 0
configure:3390: test -s conftest.o
configure:3393: $? = 0
configure:3406: result: yes
configure:3412: checking whether mpicc accepts -g
configure:3433: mpicc -c -g  conftest.c >&5
configure:3439: $? = 0
configure:3443: test -z 
			 || test ! -s conftest.err
configure:3446: $? = 0
configure:3449: test -s conftest.o
configure:3452: $? = 0
configure:3463: result: yes
configure:3480: checking for mpicc option to accept ANSI C
configure:3550: mpicc  -c -g -O2  conftest.c >&5
configure:3556: $? = 0
configure:3560: test -z 
			 || test ! -s conftest.err
configure:3563: $? = 0
configure:3566: test -s conftest.o
configure:3569: $? = 0
configure:3587: result: none needed
configure:3605: mpicc -c -g -O2  conftest.c >&5
conftest.c:2: error: parse error before 'me'
configure:3611: $? = 1
configure: failed program was:
| #ifndef __cplusplus
|   choke me
| #endif
configure:3749: checking how to run the C preprocessor
configure:3784: mpicc -E  conftest.c
configure:3790: $? = 0
configure:3822: mpicc -E  conftest.c
conftest.c:17:28: error: ac_nonexistent.h: No such file or directory
configure:3828: $? = 1
configure: failed program was:
| /* confdefs.h.  */
| 
| #define PACKAGE_NAME "hypre"
| #define PACKAGE_TARNAME "hypre"
| #define PACKAGE_VERSION "1.10.0b"
| #define PACKAGE_STRING "hypre 1.10.0b"
| #define PACKAGE_BUGREPORT "http://www-casc.llnl.gov/bugs/enter_bug.cgi?product=HYPRE"
| #define HYPRE_PACKAGE_DATE "2005/12/29"
| #define HYPRE_PACKAGE_TIME "09:25:00"
| #define HYPRE_PACKAGE_DATETIME "2005/12/29 09:25:00"
| #define HYPRE_PACKAGE_NAME "hypre"
| #define HYPRE_PACKAGE_VERSION "1.10.0b"
| #define HYPRE_PACKAGE_STRING "hypre"
| #define HYPRE_PACKAGE_TARNAME "hypre"
| #define HYPRE_PACKAGE_BUGREPORT "http://www-casc.llnl.gov/bugs/enter_bug.cgi?product=HYPRE"
| /* end confdefs.h.  */
| #include <ac_nonexistent.h>
configure:3867: result: mpicc -E
configure:3891: mpicc -E  conftest.c
configure:3897: $? = 0
configure:3929: mpicc -E  conftest.c
conftest.c:17:28: error: ac_nonexistent.h: No such file or directory
configure:3935: $? = 1
configure: failed program was:
| /* confdefs.h.  */
| 
| #define PACKAGE_NAME "hypre"
| #define PACKAGE_TARNAME "hypre"
| #define PACKAGE_VERSION "1.10.0b"
| #define PACKAGE_STRING "hypre 1.10.0b"
| #define PACKAGE_BUGREPORT "http://www-casc.llnl.gov/bugs/enter_bug.cgi?product=HYPRE"
| #define HYPRE_PACKAGE_DATE "2005/12/29"
| #define HYPRE_PACKAGE_TIME "09:25:00"
| #define HYPRE_PACKAGE_DATETIME "2005/12/29 09:25:00"
| #define HYPRE_PACKAGE_NAME "hypre"
| #define HYPRE_PACKAGE_VERSION "1.10.0b"
| #define HYPRE_PACKAGE_STRING "hypre"
| #define HYPRE_PACKAGE_TARNAME "hypre"
| #define HYPRE_PACKAGE_BUGREPORT "http://www-casc.llnl.gov/bugs/enter_bug.cgi?product=HYPRE"
| /* end confdefs.h.  */
| #include <ac_nonexistent.h>
configure:3978: checking whether ln -s works
configure:3982: result: yes
configure:3989: checking whether make sets $(MAKE)
configure:4009: result: yes
configure:4335: checking for C compiler version
configure:4338: mpicc --version </dev/null >&5
i686-apple-darwin8-gcc-4.0.1 (GCC) 4.0.1 (Apple Computer, Inc. build 5367)
Copyright (C) 2005 Free Software Foundation, Inc.
This is free software; see the source for copying conditions.  There is NO
warranty; not even for MERCHANTABILITY or FITNESS FOR A PARTICULAR PURPOSE.

configure:4341: $? = 0
configure:4343: mpicc -v </dev/null >&5
mpicc for 1.0.4p1
Using built-in specs.
Target: i686-apple-darwin8
Configured with: /private/var/tmp/gcc/gcc-5367.obj~1/src/configure --disable-checking -enable-werror --prefix=/usr --mandir=/share/man --enable-languages=c,objc,c++,obj-c++ --program-transform-name=/^[cg][^.-]*$/s/$/-4.0/ --with-gxx-include-dir=/include/c++/4.0.0 --with-slibdir=/usr/lib --build=powerpc-apple-darwin8 --with-arch=nocona --with-tune=generic --program-prefix= --host=i686-apple-darwin8 --target=i686-apple-darwin8
Thread model: posix
gcc version 4.0.1 (Apple Computer, Inc. build 5367)
 /usr/libexec/gcc/i686-apple-darwin8/4.0.1/collect2 -dynamic -arch i386 -weak_reference_mismatches non-weak -o a.out -lcrt1.o -L/Users/dalber/packages/lib -L/usr/lib/gcc/i686-apple-darwin8/4.0.1 -L/usr/lib/gcc/i686-apple-darwin8/4.0.1 -L/usr/lib/gcc/i686-apple-darwin8/4.0.1/../../.. -lpmpich -lmpich -lgcc -lSystem
/usr/bin/ld: Undefined symbols:
_main
collect2: ld returned 1 exit status
configure:4346: $? = 1
configure:4348: mpicc -V </dev/null >&5
i686-apple-darwin8-gcc-4.0.1: '-V' must come at the start of the command line
configure:4351: $? = 1
configure:4354: checking whether we are using the GNU C compiler
configure:4410: result: yes
configure:4416: checking whether mpicc accepts -g
configure:4467: result: yes
configure:4484: checking for mpicc option to accept ANSI C
configure:4591: result: none needed
configure:4609: mpicc -c -g -O2  conftest.c >&5
conftest.c:2: error: parse error before 'me'
configure:4615: $? = 1
configure: failed program was:
| #ifndef __cplusplus
|   choke me
| #endif
configure:4842: checking for C++ compiler version
configure:4845: mpicxx --version </dev/null >&5
i686-apple-darwin8-g++-4.0.1 (GCC) 4.0.1 (Apple Computer, Inc. build 5367)
Copyright (C) 2005 Free Software Foundation, Inc.
This is free software; see the source for copying conditions.  There is NO
warranty; not even for MERCHANTABILITY or FITNESS FOR A PARTICULAR PURPOSE.

configure:4848: $? = 0
configure:4850: mpicxx -v </dev/null >&5
mpicxx for 1.0.4p1
Using built-in specs.
Target: i686-apple-darwin8
Configured with: /private/var/tmp/gcc/gcc-5367.obj~1/src/configure --disable-checking -enable-werror --prefix=/usr --mandir=/share/man --enable-languages=c,objc,c++,obj-c++ --program-transform-name=/^[cg][^.-]*$/s/$/-4.0/ --with-gxx-include-dir=/include/c++/4.0.0 --with-slibdir=/usr/lib --build=powerpc-apple-darwin8 --with-arch=nocona --with-tune=generic --program-prefix= --host=i686-apple-darwin8 --target=i686-apple-darwin8
Thread model: posix
gcc version 4.0.1 (Apple Computer, Inc. build 5367)
 /usr/libexec/gcc/i686-apple-darwin8/4.0.1/collect2 -dynamic -arch i386 -macosx_version_min 10.3 -multiply_defined suppress -weak_reference_mismatches non-weak -o a.out -lcrt1.o /usr/lib/gcc/i686-apple-darwin8/4.0.1/crt3.o -L/Users/dalber/packages/lib -L/usr/lib/gcc/i686-apple-darwin8/4.0.1 -L/usr/lib/gcc/i686-apple-darwin8/4.0.1 -L/usr/lib/gcc/i686-apple-darwin8/4.0.1/../../.. -lmpichcxx -lpmpich -lmpich -lstdc++ -lgcc_s.10.4 -lgcc -lSystem
/usr/bin/ld: Undefined symbols:
_main
collect2: ld returned 1 exit status
configure:4853: $? = 1
configure:4855: mpicxx -V </dev/null >&5
i686-apple-darwin8-g++-4.0.1: couldn't run 'i686-apple-darwin8-gcc--I/Users/dalber/packages/include': No such file or directory
configure:4858: $? = 1
configure:4861: checking whether we are using the GNU C++ compiler
configure:4885: mpicxx -c   conftest.cc >&5
configure:4891: $? = 0
configure:4895: test -z 
			 || test ! -s conftest.err
configure:4898: $? = 0
configure:4901: test -s conftest.o
configure:4904: $? = 0
configure:4917: result: yes
configure:4923: checking whether mpicxx accepts -g
configure:4944: mpicxx -c -g  conftest.cc >&5
configure:4950: $? = 0
configure:4954: test -z 
			 || test ! -s conftest.err
configure:4957: $? = 0
configure:4960: test -s conftest.o
configure:4963: $? = 0
configure:4974: result: yes
configure:5016: mpicxx -c -g -O2  conftest.cc >&5
configure:5022: $? = 0
configure:5026: test -z 
			 || test ! -s conftest.err
configure:5029: $? = 0
configure:5032: test -s conftest.o
configure:5035: $? = 0
configure:5061: mpicxx -c -g -O2  conftest.cc >&5
conftest.cc: In function 'int main()':
conftest.cc:21: error: 'exit' was not declared in this scope
configure:5067: $? = 1
configure: failed program was:
| /* confdefs.h.  */
| 
| #define PACKAGE_NAME "hypre"
| #define PACKAGE_TARNAME "hypre"
| #define PACKAGE_VERSION "1.10.0b"
| #define PACKAGE_STRING "hypre 1.10.0b"
| #define PACKAGE_BUGREPORT "http://www-casc.llnl.gov/bugs/enter_bug.cgi?product=HYPRE"
| #define HYPRE_PACKAGE_DATE "2005/12/29"
| #define HYPRE_PACKAGE_TIME "09:25:00"
| #define HYPRE_PACKAGE_DATETIME "2005/12/29 09:25:00"
| #define HYPRE_PACKAGE_NAME "hypre"
| #define HYPRE_PACKAGE_VERSION "1.10.0b"
| #define HYPRE_PACKAGE_STRING "hypre"
| #define HYPRE_PACKAGE_TARNAME "hypre"
| #define HYPRE_PACKAGE_BUGREPORT "http://www-casc.llnl.gov/bugs/enter_bug.cgi?product=HYPRE"
| /* end confdefs.h.  */
| 
| int
| main ()
| {
| exit (42);
|   ;
|   return 0;
| }
configure:5016: mpicxx -c -g -O2  conftest.cc >&5
/usr/include/stdlib.h:158: error: declaration of 'void std::exit(int)' throws different exceptions
conftest.cc:17: error: than previous declaration 'void std::exit(int) throw ()'
configure:5022: $? = 1
configure: failed program was:
| /* confdefs.h.  */
| 
| #define PACKAGE_NAME "hypre"
| #define PACKAGE_TARNAME "hypre"
| #define PACKAGE_VERSION "1.10.0b"
| #define PACKAGE_STRING "hypre 1.10.0b"
| #define PACKAGE_BUGREPORT "http://www-casc.llnl.gov/bugs/enter_bug.cgi?product=HYPRE"
| #define HYPRE_PACKAGE_DATE "2005/12/29"
| #define HYPRE_PACKAGE_TIME "09:25:00"
| #define HYPRE_PACKAGE_DATETIME "2005/12/29 09:25:00"
| #define HYPRE_PACKAGE_NAME "hypre"
| #define HYPRE_PACKAGE_VERSION "1.10.0b"
| #define HYPRE_PACKAGE_STRING "hypre"
| #define HYPRE_PACKAGE_TARNAME "hypre"
| #define HYPRE_PACKAGE_BUGREPORT "http://www-casc.llnl.gov/bugs/enter_bug.cgi?product=HYPRE"
| /* end confdefs.h.  */
| extern "C" void std::exit (int) throw (); using std::exit;
| #include <stdlib.h>
| int
| main ()
| {
| exit (42);
|   ;
|   return 0;
| }
configure:5016: mpicxx -c -g -O2  conftest.cc >&5
configure:5022: $? = 0
configure:5026: test -z 
			 || test ! -s conftest.err
configure:5029: $? = 0
configure:5032: test -s conftest.o
configure:5035: $? = 0
configure:5061: mpicxx -c -g -O2  conftest.cc >&5
configure:5067: $? = 0
configure:5071: test -z 
			 || test ! -s conftest.err
configure:5074: $? = 0
configure:5077: test -s conftest.o
configure:5080: $? = 0
configure:5154: checking for g77
configure:5183: result: no
configure:5154: checking for f77
configure:5183: result: no
configure:5154: checking for xlf
configure:5183: result: no
configure:5154: checking for frt
configure:5183: result: no
configure:5154: checking for pgf77
configure:5183: result: no
configure:5154: checking for fort77
configure:5183: result: no
configure:5154: checking for fl32
configure:5183: result: no
configure:5154: checking for af77
configure:5183: result: no
configure:5154: checking for f90
configure:5183: result: no
configure:5154: checking for xlf90
configure:5183: result: no
configure:5154: checking for pgf90
configure:5183: result: no
configure:5154: checking for epcf90
configure:5183: result: no
configure:5154: checking for f95
configure:5183: result: no
configure:5154: checking for fort
configure:5183: result: no
configure:5154: checking for xlf95
configure:5183: result: no
configure:5154: checking for ifc
configure:5183: result: no
configure:5154: checking for efc
configure:5183: result: no
configure:5154: checking for pgf95
configure:5183: result: no
configure:5154: checking for lf95
configure:5183: result: no
configure:5154: checking for gfortran
configure:5170: found /sw/bin/gfortran
configure:5180: result: gfortran
configure:5195: checking for Fortran 77 compiler version
configure:5198: gfortran --version </dev/null >&5
GNU Fortran (GCC) 4.2.0
Copyright (C) 2007 Free Software Foundation, Inc.

GNU Fortran comes with NO WARRANTY, to the extent permitted by law.
You may redistribute copies of GNU Fortran
under the terms of the GNU General Public License.
For more information about these matters, see the file named COPYING

configure:5201: $? = 0
configure:5203: gfortran -v </dev/null >&5
Using built-in specs.
Target: i686-apple-darwin8
Configured with: ../gcc-4.2.0/configure --prefix=/sw --prefix=/sw/lib/gcc4.2 --mandir=/sw/share/man --infodir=/sw/share/info --enable-languages=c,c++,fortran,objc,java --with-arch=nocona --with-tune=generic --host=i686-apple-darwin8 --with-gmp=/sw --with-libiconv-prefix=/sw --with-system-zlib --x-includes=/usr/X11R6/include --x-libraries=/usr/X11R6/lib
Thread model: posix
gcc version 4.2.0
configure:5206: $? = 0
configure:5208: gfortran -V </dev/null >&5
gfortran: '-V' option must have argument
configure:5211: $? = 1
configure:5219: checking whether we are using the GNU Fortran 77 compiler
configure:5233: gfortran -c  conftest.F >&5
configure:5239: $? = 0
configure:5243: test -z 
			 || test ! -s conftest.err
configure:5246: $? = 0
configure:5249: test -s conftest.o
configure:5252: $? = 0
configure:5265: result: yes
configure:5271: checking whether gfortran accepts -g
configure:5283: gfortran -c -g conftest.f >&5
configure:5289: $? = 0
configure:5293: test -z 
			 || test ! -s conftest.err
configure:5296: $? = 0
configure:5299: test -s conftest.o
configure:5302: $? = 0
configure:5314: result: yes
configure:5344: checking how to get verbose linking output from gfortran
configure:5355: gfortran -c -g -O2 conftest.f >&5
configure:5361: $? = 0
configure:5365: test -z 
			 || test ! -s conftest.err
configure:5368: $? = 0
configure:5371: test -s conftest.o
configure:5374: $? = 0
configure:5391: gfortran -o conftest -g -O2 -v  conftest.f  >&5
Using built-in specs.
Target: i686-apple-darwin8
Configured with: ../gcc-4.2.0/configure --prefix=/sw --prefix=/sw/lib/gcc4.2 --mandir=/sw/share/man --infodir=/sw/share/info --enable-languages=c,c++,fortran,objc,java --with-arch=nocona --with-tune=generic --host=i686-apple-darwin8 --with-gmp=/sw --with-libiconv-prefix=/sw --with-system-zlib --x-includes=/usr/X11R6/include --x-libraries=/usr/X11R6/lib
Thread model: posix
gcc version 4.2.0
 /sw/lib/gcc4.2/libexec/gcc/i686-apple-darwin8/4.2.0/f951 conftest.f -ffixed-form -fPIC -feliminate-unused-debug-symbols -quiet -dumpbase conftest.f -mtune=generic -march=nocona -auxbase conftest -g -O2 -version -I /sw/lib/gcc4.2/lib/gcc/i686-apple-darwin8/4.2.0/finclude -o /var/tmp//ccWkBXSL.s
GNU F95 version 4.2.0 (i686-apple-darwin8)
	compiled by GNU C version 4.2.0.
GGC heuristics: --param ggc-min-expand=100 --param ggc-min-heapsize=131072
 as -arch i386 -force_cpusubtype_ALL -o /var/tmp//ccSfJvfv.o /var/tmp//ccWkBXSL.s
 /sw/lib/gcc4.2/libexec/gcc/i686-apple-darwin8/4.2.0/collect2 -dynamic -arch i386 -macosx_version_min 10.3 -multiply_defined suppress -weak_reference_mismatches non-weak -o conftest -lcrt1.o /sw/lib/gcc4.2/lib/gcc/i686-apple-darwin8/4.2.0/crt3.o -L/sw/lib/gcc4.2/lib/gcc/i686-apple-darwin8/4.2.0 -L/sw/lib/gcc4.2/lib/gcc/i686-apple-darwin8/4.2.0/../../.. /var/tmp//ccSfJvfv.o -lgfortranbegin -lgfortran -lgcc_s.10.4 -lgcc -lSystem
configure:5446: result: -v
configure:5448: checking for Fortran libraries of gfortran
configure:5469: gfortran -o conftest -g -O2 -v  conftest.f  >&5
Using built-in specs.
Target: i686-apple-darwin8
Configured with: ../gcc-4.2.0/configure --prefix=/sw --prefix=/sw/lib/gcc4.2 --mandir=/sw/share/man --infodir=/sw/share/info --enable-languages=c,c++,fortran,objc,java --with-arch=nocona --with-tune=generic --host=i686-apple-darwin8 --with-gmp=/sw --with-libiconv-prefix=/sw --with-system-zlib --x-includes=/usr/X11R6/include --x-libraries=/usr/X11R6/lib
Thread model: posix
gcc version 4.2.0
 /sw/lib/gcc4.2/libexec/gcc/i686-apple-darwin8/4.2.0/f951 conftest.f -ffixed-form -fPIC -feliminate-unused-debug-symbols -quiet -dumpbase conftest.f -mtune=generic -march=nocona -auxbase conftest -g -O2 -version -I /sw/lib/gcc4.2/lib/gcc/i686-apple-darwin8/4.2.0/finclude -o /var/tmp//ccruKJL1.s
GNU F95 version 4.2.0 (i686-apple-darwin8)
	compiled by GNU C version 4.2.0.
GGC heuristics: --param ggc-min-expand=100 --param ggc-min-heapsize=131072
 as -arch i386 -force_cpusubtype_ALL -o /var/tmp//ccaLW5Zc.o /var/tmp//ccruKJL1.s
 /sw/lib/gcc4.2/libexec/gcc/i686-apple-darwin8/4.2.0/collect2 -dynamic -arch i386 -macosx_version_min 10.3 -multiply_defined suppress -weak_reference_mismatches non-weak -o conftest -lcrt1.o /sw/lib/gcc4.2/lib/gcc/i686-apple-darwin8/4.2.0/crt3.o -L/sw/lib/gcc4.2/lib/gcc/i686-apple-darwin8/4.2.0 -L/sw/lib/gcc4.2/lib/gcc/i686-apple-darwin8/4.2.0/../../.. /var/tmp//ccaLW5Zc.o -lgfortranbegin -lgfortran -lgcc_s.10.4 -lgcc -lSystem
configure:5630: result:  -L/sw/lib/gcc4.2/lib/gcc/i686-apple-darwin8/4.2.0 -L/sw/lib/gcc4.2/lib/gcc/i686-apple-darwin8/4.2.0/../../.. -lgfortranbegin -lgfortran -lgcc_s.10.4 -lSystem
configure:5647: checking for dummy main to link with Fortran libraries
configure:5686: mpicc -o conftest -g -O2   conftest.c   -L/sw/lib/gcc4.2/lib/gcc/i686-apple-darwin8/4.2.0 -L/sw/lib/gcc4.2/lib/gcc/i686-apple-darwin8/4.2.0/../../.. -lgfortranbegin -lgfortran -lgcc_s.10.4 -lSystem >&5
configure:5692: $? = 0
configure:5696: test -z 
			 || test ! -s conftest.err
configure:5699: $? = 0
configure:5702: test -s conftest
configure:5705: $? = 0
configure:5783: result: none
configure:5820: checking for Fortran name-mangling scheme
configure:5834: gfortran -c -g -O2 conftest.f >&5
configure:5840: $? = 0
configure:5844: test -z 
			 || test ! -s conftest.err
configure:5847: $? = 0
configure:5850: test -s conftest.o
configure:5853: $? = 0
configure:5900: mpicc -o conftest -g -O2   conftest.c cfortran_test.o   -L/sw/lib/gcc4.2/lib/gcc/i686-apple-darwin8/4.2.0 -L/sw/lib/gcc4.2/lib/gcc/i686-apple-darwin8/4.2.0/../../.. -lgfortranbegin -lgfortran -lgcc_s.10.4 -lSystem >&5
/usr/bin/ld: Undefined symbols:
_foobar
collect2: ld returned 1 exit status
configure:5906: $? = 1
configure: failed program was:
| /* confdefs.h.  */
| 
| #define PACKAGE_NAME "hypre"
| #define PACKAGE_TARNAME "hypre"
| #define PACKAGE_VERSION "1.10.0b"
| #define PACKAGE_STRING "hypre 1.10.0b"
| #define PACKAGE_BUGREPORT "http://www-casc.llnl.gov/bugs/enter_bug.cgi?product=HYPRE"
| #define HYPRE_PACKAGE_DATE "2005/12/29"
| #define HYPRE_PACKAGE_TIME "09:25:00"
| #define HYPRE_PACKAGE_DATETIME "2005/12/29 09:25:00"
| #define HYPRE_PACKAGE_NAME "hypre"
| #define HYPRE_PACKAGE_VERSION "1.10.0b"
| #define HYPRE_PACKAGE_STRING "hypre"
| #define HYPRE_PACKAGE_TARNAME "hypre"
| #define HYPRE_PACKAGE_BUGREPORT "http://www-casc.llnl.gov/bugs/enter_bug.cgi?product=HYPRE"
| #ifdef __cplusplus
| extern "C" void std::exit (int); using std::exit;
| #endif
| /* end confdefs.h.  */
| 
| /* Override any gcc2 internal prototype to avoid an error.  */
| #ifdef __cplusplus
| extern "C"
| #endif
| /* We use char because int might match the return type of a gcc2
|    builtin and then its argument prototype would still apply.  */
| char foobar ();
| #ifdef F77_DUMMY_MAIN
| 
| #  ifdef __cplusplus
|      extern "C"
| #  endif
|    int F77_DUMMY_MAIN() { return 1; }
| 
| #endif
| int
| main ()
| {
| foobar ();
|   ;
|   return 0;
| }
configure:5900: mpicc -o conftest -g -O2   conftest.c cfortran_test.o   -L/sw/lib/gcc4.2/lib/gcc/i686-apple-darwin8/4.2.0 -L/sw/lib/gcc4.2/lib/gcc/i686-apple-darwin8/4.2.0/../../.. -lgfortranbegin -lgfortran -lgcc_s.10.4 -lSystem >&5
configure:5906: $? = 0
configure:5910: test -z 
			 || test ! -s conftest.err
configure:5913: $? = 0
configure:5916: test -s conftest
configure:5919: $? = 0
configure:5987: mpicc -o conftest -g -O2   conftest.c cfortran_test.o   -L/sw/lib/gcc4.2/lib/gcc/i686-apple-darwin8/4.2.0 -L/sw/lib/gcc4.2/lib/gcc/i686-apple-darwin8/4.2.0/../../.. -lgfortranbegin -lgfortran -lgcc_s.10.4 -lSystem >&5
configure:5993: $? = 0
configure:5997: test -z 
			 || test ! -s conftest.err
configure:6000: $? = 0
configure:6003: test -s conftest
configure:6006: $? = 0
configure:6056: result: lower case, underscore, no extra underscore
configure:6163: checking how to run the C++ preprocessor
configure:6194: mpicxx -E  conftest.cc
configure:6200: $? = 0
configure:6232: mpicxx -E  conftest.cc
conftest.cc:22:28: error: ac_nonexistent.h: No such file or directory
configure:6238: $? = 1
configure: failed program was:
| /* confdefs.h.  */
| 
| #define PACKAGE_NAME "hypre"
| #define PACKAGE_TARNAME "hypre"
| #define PACKAGE_VERSION "1.10.0b"
| #define PACKAGE_STRING "hypre 1.10.0b"
| #define PACKAGE_BUGREPORT "http://www-casc.llnl.gov/bugs/enter_bug.cgi?product=HYPRE"
| #define HYPRE_PACKAGE_DATE "2005/12/29"
| #define HYPRE_PACKAGE_TIME "09:25:00"
| #define HYPRE_PACKAGE_DATETIME "2005/12/29 09:25:00"
| #define HYPRE_PACKAGE_NAME "hypre"
| #define HYPRE_PACKAGE_VERSION "1.10.0b"
| #define HYPRE_PACKAGE_STRING "hypre"
| #define HYPRE_PACKAGE_TARNAME "hypre"
| #define HYPRE_PACKAGE_BUGREPORT "http://www-casc.llnl.gov/bugs/enter_bug.cgi?product=HYPRE"
| #ifdef __cplusplus
| extern "C" void std::exit (int); using std::exit;
| #endif
| #define F77_FUNC(name,NAME) name ## _
| #define F77_FUNC_(name,NAME) name ## _
| /* end confdefs.h.  */
| #include <ac_nonexistent.h>
configure:6277: result: mpicxx -E
configure:6301: mpicxx -E  conftest.cc
configure:6307: $? = 0
configure:6339: mpicxx -E  conftest.cc
conftest.cc:22:28: error: ac_nonexistent.h: No such file or directory
configure:6345: $? = 1
configure: failed program was:
| /* confdefs.h.  */
| 
| #define PACKAGE_NAME "hypre"
| #define PACKAGE_TARNAME "hypre"
| #define PACKAGE_VERSION "1.10.0b"
| #define PACKAGE_STRING "hypre 1.10.0b"
| #define PACKAGE_BUGREPORT "http://www-casc.llnl.gov/bugs/enter_bug.cgi?product=HYPRE"
| #define HYPRE_PACKAGE_DATE "2005/12/29"
| #define HYPRE_PACKAGE_TIME "09:25:00"
| #define HYPRE_PACKAGE_DATETIME "2005/12/29 09:25:00"
| #define HYPRE_PACKAGE_NAME "hypre"
| #define HYPRE_PACKAGE_VERSION "1.10.0b"
| #define HYPRE_PACKAGE_STRING "hypre"
| #define HYPRE_PACKAGE_TARNAME "hypre"
| #define HYPRE_PACKAGE_BUGREPORT "http://www-casc.llnl.gov/bugs/enter_bug.cgi?product=HYPRE"
| #ifdef __cplusplus
| extern "C" void std::exit (int); using std::exit;
| #endif
| #define F77_FUNC(name,NAME) name ## _
| #define F77_FUNC_(name,NAME) name ## _
| /* end confdefs.h.  */
| #include <ac_nonexistent.h>
configure:6394: checking for fpp
configure:6423: result: no
configure:6394: checking for cpp
configure:6410: found /usr/bin/cpp
configure:6420: result: cpp
configure:6435: checking for egrep
configure:6445: result: grep -E
configure:6450: checking for ANSI C header files
configure:6483: mpicc -c -g -O2  conftest.c >&5
configure:6489: $? = 0
configure:6493: test -z 
			 || test ! -s conftest.err
configure:6496: $? = 0
configure:6499: test -s conftest.o
configure:6502: $? = 0
configure:6588: mpicc -o conftest -g -O2   conftest.c  >&5
conftest.c: In function 'main':
conftest.c:39: warning: incompatible implicit declaration of built-in function 'exit'
configure:6591: $? = 0
configure:6593: ./conftest
configure:6596: $? = 0
configure:6611: result: yes
configure:6635: checking for sys/types.h
configure:6651: mpicc -c -g -O2  conftest.c >&5
configure:6657: $? = 0
configure:6661: test -z 
			 || test ! -s conftest.err
configure:6664: $? = 0
configure:6667: test -s conftest.o
configure:6670: $? = 0
configure:6681: result: yes
configure:6635: checking for sys/stat.h
configure:6651: mpicc -c -g -O2  conftest.c >&5
configure:6657: $? = 0
configure:6661: test -z 
			 || test ! -s conftest.err
configure:6664: $? = 0
configure:6667: test -s conftest.o
configure:6670: $? = 0
configure:6681: result: yes
configure:6635: checking for stdlib.h
configure:6651: mpicc -c -g -O2  conftest.c >&5
configure:6657: $? = 0
configure:6661: test -z 
			 || test ! -s conftest.err
configure:6664: $? = 0
configure:6667: test -s conftest.o
configure:6670: $? = 0
configure:6681: result: yes
configure:6635: checking for string.h
configure:6651: mpicc -c -g -O2  conftest.c >&5
configure:6657: $? = 0
configure:6661: test -z 
			 || test ! -s conftest.err
configure:6664: $? = 0
configure:6667: test -s conftest.o
configure:6670: $? = 0
configure:6681: result: yes
configure:6635: checking for memory.h
configure:6651: mpicc -c -g -O2  conftest.c >&5
configure:6657: $? = 0
configure:6661: test -z 
			 || test ! -s conftest.err
configure:6664: $? = 0
configure:6667: test -s conftest.o
configure:6670: $? = 0
configure:6681: result: yes
configure:6635: checking for strings.h
configure:6651: mpicc -c -g -O2  conftest.c >&5
configure:6657: $? = 0
configure:6661: test -z 
			 || test ! -s conftest.err
configure:6664: $? = 0
configure:6667: test -s conftest.o
configure:6670: $? = 0
configure:6681: result: yes
configure:6635: checking for inttypes.h
configure:6651: mpicc -c -g -O2  conftest.c >&5
configure:6657: $? = 0
configure:6661: test -z 
			 || test ! -s conftest.err
configure:6664: $? = 0
configure:6667: test -s conftest.o
configure:6670: $? = 0
configure:6681: result: yes
configure:6635: checking for stdint.h
configure:6651: mpicc -c -g -O2  conftest.c >&5
configure:6657: $? = 0
configure:6661: test -z 
			 || test ! -s conftest.err
configure:6664: $? = 0
configure:6667: test -s conftest.o
configure:6670: $? = 0
configure:6681: result: yes
configure:6635: checking for unistd.h
configure:6651: mpicc -c -g -O2  conftest.c >&5
configure:6657: $? = 0
configure:6661: test -z 
			 || test ! -s conftest.err
configure:6664: $? = 0
configure:6667: test -s conftest.o
configure:6670: $? = 0
configure:6681: result: yes
configure:6717: checking float.h usability
configure:6729: mpicc -c -g -O2  conftest.c >&5
configure:6735: $? = 0
configure:6739: test -z 
			 || test ! -s conftest.err
configure:6742: $? = 0
configure:6745: test -s conftest.o
configure:6748: $? = 0
configure:6758: result: yes
configure:6762: checking float.h presence
configure:6772: mpicc -E  conftest.c
configure:6778: $? = 0
configure:6798: result: yes
configure:6833: checking for float.h
configure:6840: result: yes
configure:6717: checking limits.h usability
configure:6729: mpicc -c -g -O2  conftest.c >&5
configure:6735: $? = 0
configure:6739: test -z 
			 || test ! -s conftest.err
configure:6742: $? = 0
configure:6745: test -s conftest.o
configure:6748: $? = 0
configure:6758: result: yes
configure:6762: checking limits.h presence
configure:6772: mpicc -E  conftest.c
configure:6778: $? = 0
configure:6798: result: yes
configure:6833: checking for limits.h
configure:6840: result: yes
configure:6717: checking malloc.h usability
configure:6729: mpicc -c -g -O2  conftest.c >&5
conftest.c:68:20: error: malloc.h: No such file or directory
configure:6735: $? = 1
configure: failed program was:
| /* confdefs.h.  */
| 
| #define PACKAGE_NAME "hypre"
| #define PACKAGE_TARNAME "hypre"
| #define PACKAGE_VERSION "1.10.0b"
| #define PACKAGE_STRING "hypre 1.10.0b"
| #define PACKAGE_BUGREPORT "http://www-casc.llnl.gov/bugs/enter_bug.cgi?product=HYPRE"
| #define HYPRE_PACKAGE_DATE "2005/12/29"
| #define HYPRE_PACKAGE_TIME "09:25:00"
| #define HYPRE_PACKAGE_DATETIME "2005/12/29 09:25:00"
| #define HYPRE_PACKAGE_NAME "hypre"
| #define HYPRE_PACKAGE_VERSION "1.10.0b"
| #define HYPRE_PACKAGE_STRING "hypre"
| #define HYPRE_PACKAGE_TARNAME "hypre"
| #define HYPRE_PACKAGE_BUGREPORT "http://www-casc.llnl.gov/bugs/enter_bug.cgi?product=HYPRE"
| #ifdef __cplusplus
| extern "C" void std::exit (int); using std::exit;
| #endif
| #define F77_FUNC(name,NAME) name ## _
| #define F77_FUNC_(name,NAME) name ## _
| #define STDC_HEADERS 1
| #define HAVE_SYS_TYPES_H 1
| #define HAVE_SYS_STAT_H 1
| #define HAVE_STDLIB_H 1
| #define HAVE_STRING_H 1
| #define HAVE_MEMORY_H 1
| #define HAVE_STRINGS_H 1
| #define HAVE_INTTYPES_H 1
| #define HAVE_STDINT_H 1
| #define HAVE_UNISTD_H 1
| #define HAVE_FLOAT_H 1
| #define HAVE_LIMITS_H 1
| /* end confdefs.h.  */
| #include <stdio.h>
| #if HAVE_SYS_TYPES_H
| # include <sys/types.h>
| #endif
| #if HAVE_SYS_STAT_H
| # include <sys/stat.h>
| #endif
| #if STDC_HEADERS
| # include <stdlib.h>
| # include <stddef.h>
| #else
| # if HAVE_STDLIB_H
| #  include <stdlib.h>
| # endif
| #endif
| #if HAVE_STRING_H
| # if !STDC_HEADERS && HAVE_MEMORY_H
| #  include <memory.h>
| # endif
| # include <string.h>
| #endif
| #if HAVE_STRINGS_H
| # include <strings.h>
| #endif
| #if HAVE_INTTYPES_H
| # include <inttypes.h>
| #else
| # if HAVE_STDINT_H
| #  include <stdint.h>
| # endif
| #endif
| #if HAVE_UNISTD_H
| # include <unistd.h>
| #endif
| #include <malloc.h>
configure:6758: result: no
configure:6762: checking malloc.h presence
configure:6772: mpicc -E  conftest.c
conftest.c:34:20: error: malloc.h: No such file or directory
configure:6778: $? = 1
configure: failed program was:
| /* confdefs.h.  */
| 
| #define PACKAGE_NAME "hypre"
| #define PACKAGE_TARNAME "hypre"
| #define PACKAGE_VERSION "1.10.0b"
| #define PACKAGE_STRING "hypre 1.10.0b"
| #define PACKAGE_BUGREPORT "http://www-casc.llnl.gov/bugs/enter_bug.cgi?product=HYPRE"
| #define HYPRE_PACKAGE_DATE "2005/12/29"
| #define HYPRE_PACKAGE_TIME "09:25:00"
| #define HYPRE_PACKAGE_DATETIME "2005/12/29 09:25:00"
| #define HYPRE_PACKAGE_NAME "hypre"
| #define HYPRE_PACKAGE_VERSION "1.10.0b"
| #define HYPRE_PACKAGE_STRING "hypre"
| #define HYPRE_PACKAGE_TARNAME "hypre"
| #define HYPRE_PACKAGE_BUGREPORT "http://www-casc.llnl.gov/bugs/enter_bug.cgi?product=HYPRE"
| #ifdef __cplusplus
| extern "C" void std::exit (int); using std::exit;
| #endif
| #define F77_FUNC(name,NAME) name ## _
| #define F77_FUNC_(name,NAME) name ## _
| #define STDC_HEADERS 1
| #define HAVE_SYS_TYPES_H 1
| #define HAVE_SYS_STAT_H 1
| #define HAVE_STDLIB_H 1
| #define HAVE_STRING_H 1
| #define HAVE_MEMORY_H 1
| #define HAVE_STRINGS_H 1
| #define HAVE_INTTYPES_H 1
| #define HAVE_STDINT_H 1
| #define HAVE_UNISTD_H 1
| #define HAVE_FLOAT_H 1
| #define HAVE_LIMITS_H 1
| /* end confdefs.h.  */
| #include <malloc.h>
configure:6798: result: no
configure:6833: checking for malloc.h
configure:6840: result: no
configure:6708: checking for memory.h
configure:6713: result: yes
configure:6717: checking stddef.h usability
configure:6729: mpicc -c -g -O2  conftest.c >&5
configure:6735: $? = 0
configure:6739: test -z 
			 || test ! -s conftest.err
configure:6742: $? = 0
configure:6745: test -s conftest.o
configure:6748: $? = 0
configure:6758: result: yes
configure:6762: checking stddef.h presence
configure:6772: mpicc -E  conftest.c
configure:6778: $? = 0
configure:6798: result: yes
configure:6833: checking for stddef.h
configure:6840: result: yes
configure:6708: checking for stdlib.h
configure:6713: result: yes
configure:6708: checking for string.h
configure:6713: result: yes
configure:6708: checking for strings.h
configure:6713: result: yes
configure:6717: checking sys/param.h usability
configure:6729: mpicc -c -g -O2  conftest.c >&5
configure:6735: $? = 0
configure:6739: test -z 
			 || test ! -s conftest.err
configure:6742: $? = 0
configure:6745: test -s conftest.o
configure:6748: $? = 0
configure:6758: result: yes
configure:6762: checking sys/param.h presence
configure:6772: mpicc -E  conftest.c
configure:6778: $? = 0
configure:6798: result: yes
configure:6833: checking for sys/param.h
configure:6840: result: yes
configure:6717: checking sys/time.h usability
configure:6729: mpicc -c -g -O2  conftest.c >&5
configure:6735: $? = 0
configure:6739: test -z 
			 || test ! -s conftest.err
configure:6742: $? = 0
configure:6745: test -s conftest.o
configure:6748: $? = 0
configure:6758: result: yes
configure:6762: checking sys/time.h presence
configure:6772: mpicc -E  conftest.c
configure:6778: $? = 0
configure:6798: result: yes
configure:6833: checking for sys/time.h
configure:6840: result: yes
configure:6708: checking for unistd.h
configure:6713: result: yes
configure:6854: checking for an ANSI C-conforming const
configure:6929: mpicc -c -g -O2  conftest.c >&5
configure:6935: $? = 0
configure:6939: test -z 
			 || test ! -s conftest.err
configure:6942: $? = 0
configure:6945: test -s conftest.o
configure:6948: $? = 0
configure:6959: result: yes
configure:6969: checking for size_t
configure:7001: mpicc -c -g -O2  conftest.c >&5
configure:7007: $? = 0
configure:7011: test -z 
			 || test ! -s conftest.err
configure:7014: $? = 0
configure:7017: test -s conftest.o
configure:7020: $? = 0
configure:7031: result: yes
configure:7043: checking whether time.h and sys/time.h may both be included
configure:7076: mpicc -c -g -O2  conftest.c >&5
configure:7082: $? = 0
configure:7086: test -z 
			 || test ! -s conftest.err
configure:7089: $? = 0
configure:7092: test -s conftest.o
configure:7095: $? = 0
configure:7106: result: yes
configure:7116: checking for working volatile
configure:7147: mpicc -c -g -O2  conftest.c >&5
configure:7153: $? = 0
configure:7157: test -z 
			 || test ! -s conftest.err
configure:7160: $? = 0
configure:7163: test -s conftest.o
configure:7166: $? = 0
configure:7177: result: yes
configure:7187: checking for ptrdiff_t
configure:7219: mpicc -c -g -O2  conftest.c >&5
configure:7225: $? = 0
configure:7229: test -z 
			 || test ! -s conftest.err
configure:7232: $? = 0
configure:7235: test -s conftest.o
configure:7238: $? = 0
configure:7249: result: yes
configure:7260: checking return type of signal handlers
configure:7299: mpicc -c -g -O2  conftest.c >&5
configure:7305: $? = 0
configure:7309: test -z 
			 || test ! -s conftest.err
configure:7312: $? = 0
configure:7315: test -s conftest.o
configure:7318: $? = 0
configure:7329: result: void
configure:7337: checking for working strtod
configure:7380: mpicc -o conftest -g -O2   conftest.c  >&5
conftest.c: In function 'main':
conftest.c:57: warning: incompatible implicit declaration of built-in function 'exit'
conftest.c:67: warning: incompatible implicit declaration of built-in function 'exit'
conftest.c:69: warning: incompatible implicit declaration of built-in function 'exit'
configure:7383: $? = 0
configure:7385: ./conftest
configure:7388: $? = 0
configure:7402: result: yes
configure:7610: checking for bzero
configure:7675: mpicc -o conftest -g -O2   conftest.c  >&5
conftest.c:69: warning: conflicting types for built-in function 'bzero'
configure:7681: $? = 0
configure:7685: test -z 
			 || test ! -s conftest.err
configure:7688: $? = 0
configure:7691: test -s conftest
configure:7694: $? = 0
configure:7706: result: yes
configure:7610: checking for floor
configure:7675: mpicc -o conftest -g -O2   conftest.c  >&5
conftest.c:70: warning: conflicting types for built-in function 'floor'
configure:7681: $? = 0
configure:7685: test -z 
			 || test ! -s conftest.err
configure:7688: $? = 0
configure:7691: test -s conftest
configure:7694: $? = 0
configure:7706: result: yes
configure:7610: checking for gethrtime
configure:7675: mpicc -o conftest -g -O2   conftest.c  >&5
/usr/bin/ld: Undefined symbols:
_gethrtime
collect2: ld returned 1 exit status
configure:7681: $? = 1
configure: failed program was:
| /* confdefs.h.  */
| 
| #define PACKAGE_NAME "hypre"
| #define PACKAGE_TARNAME "hypre"
| #define PACKAGE_VERSION "1.10.0b"
| #define PACKAGE_STRING "hypre 1.10.0b"
| #define PACKAGE_BUGREPORT "http://www-casc.llnl.gov/bugs/enter_bug.cgi?product=HYPRE"
| #define HYPRE_PACKAGE_DATE "2005/12/29"
| #define HYPRE_PACKAGE_TIME "09:25:00"
| #define HYPRE_PACKAGE_DATETIME "2005/12/29 09:25:00"
| #define HYPRE_PACKAGE_NAME "hypre"
| #define HYPRE_PACKAGE_VERSION "1.10.0b"
| #define HYPRE_PACKAGE_STRING "hypre"
| #define HYPRE_PACKAGE_TARNAME "hypre"
| #define HYPRE_PACKAGE_BUGREPORT "http://www-casc.llnl.gov/bugs/enter_bug.cgi?product=HYPRE"
| #ifdef __cplusplus
| extern "C" void std::exit (int); using std::exit;
| #endif
| #define F77_FUNC(name,NAME) name ## _
| #define F77_FUNC_(name,NAME) name ## _
| #define STDC_HEADERS 1
| #define HAVE_SYS_TYPES_H 1
| #define HAVE_SYS_STAT_H 1
| #define HAVE_STDLIB_H 1
| #define HAVE_STRING_H 1
| #define HAVE_MEMORY_H 1
| #define HAVE_STRINGS_H 1
| #define HAVE_INTTYPES_H 1
| #define HAVE_STDINT_H 1
| #define HAVE_UNISTD_H 1
| #define HAVE_FLOAT_H 1
| #define HAVE_LIMITS_H 1
| #define HAVE_MEMORY_H 1
| #define HAVE_STDDEF_H 1
| #define HAVE_STDLIB_H 1
| #define HAVE_STRING_H 1
| #define HAVE_STRINGS_H 1
| #define HAVE_SYS_PARAM_H 1
| #define HAVE_SYS_TIME_H 1
| #define HAVE_UNISTD_H 1
| #define TIME_WITH_SYS_TIME 1
| #define HAVE_PTRDIFF_T 1
| #define RETSIGTYPE void
| #define HAVE_BZERO 1
| #define HAVE_FLOOR 1
| /* end confdefs.h.  */
| /* Define gethrtime to an innocuous variant, in case <limits.h> declares gethrtime.
|    For example, HP-UX 11i <limits.h> declares gettimeofday.  */
| #define gethrtime innocuous_gethrtime
| 
| /* System header to define __stub macros and hopefully few prototypes,
|     which can conflict with char gethrtime (); below.
|     Prefer <limits.h> to <assert.h> if __STDC__ is defined, since
|     <limits.h> exists even on freestanding compilers.  */
| 
| #ifdef __STDC__
| # include <limits.h>
| #else
| # include <assert.h>
| #endif
| 
| #undef gethrtime
| 
| /* Override any gcc2 internal prototype to avoid an error.  */
| #ifdef __cplusplus
| extern "C"
| {
| #endif
| /* We use char because int might match the return type of a gcc2
|    builtin and then its argument prototype would still apply.  */
| char gethrtime ();
| /* The GNU C library defines this for functions which it implements
|     to always fail with ENOSYS.  Some functions are actually named
|     something starting with __ and the normal name is an alias.  */
| #if defined (__stub_gethrtime) || defined (__stub___gethrtime)
| choke me
| #else
| char (*f) () = gethrtime;
| #endif
| #ifdef __cplusplus
| }
| #endif
| 
| #ifdef F77_DUMMY_MAIN
| 
| #  ifdef __cplusplus
|      extern "C"
| #  endif
|    int F77_DUMMY_MAIN() { return 1; }
| 
| #endif
| int
| main ()
| {
| return f != gethrtime;
|   ;
|   return 0;
| }
configure:7706: result: no
configure:7610: checking for gettimeofday
configure:7675: mpicc -o conftest -g -O2   conftest.c  >&5
configure:7681: $? = 0
configure:7685: test -z 
			 || test ! -s conftest.err
configure:7688: $? = 0
configure:7691: test -s conftest
configure:7694: $? = 0
configure:7706: result: yes
configure:7610: checking for memset
configure:7675: mpicc -o conftest -g -O2   conftest.c  >&5
conftest.c:72: warning: conflicting types for built-in function 'memset'
configure:7681: $? = 0
configure:7685: test -z 
			 || test ! -s conftest.err
configure:7688: $? = 0
configure:7691: test -s conftest
configure:7694: $? = 0
configure:7706: result: yes
configure:7610: checking for pow
configure:7675: mpicc -o conftest -g -O2   conftest.c  >&5
conftest.c:73: warning: conflicting types for built-in function 'pow'
configure:7681: $? = 0
configure:7685: test -z 
			 || test ! -s conftest.err
configure:7688: $? = 0
configure:7691: test -s conftest
configure:7694: $? = 0
configure:7706: result: yes
configure:7610: checking for sqrt
configure:7675: mpicc -o conftest -g -O2   conftest.c  >&5
conftest.c:74: warning: conflicting types for built-in function 'sqrt'
configure:7681: $? = 0
configure:7685: test -z 
			 || test ! -s conftest.err
configure:7688: $? = 0
configure:7691: test -s conftest
configure:7694: $? = 0
configure:7706: result: yes
configure:7610: checking for strcspn
configure:7675: mpicc -o conftest -g -O2   conftest.c  >&5
conftest.c:75: warning: conflicting types for built-in function 'strcspn'
configure:7681: $? = 0
configure:7685: test -z 
			 || test ! -s conftest.err
configure:7688: $? = 0
configure:7691: test -s conftest
configure:7694: $? = 0
configure:7706: result: yes
configure:7610: checking for strdup
configure:7675: mpicc -o conftest -g -O2   conftest.c  >&5
conftest.c:76: warning: conflicting types for built-in function 'strdup'
configure:7681: $? = 0
configure:7685: test -z 
			 || test ! -s conftest.err
configure:7688: $? = 0
configure:7691: test -s conftest
configure:7694: $? = 0
configure:7706: result: yes
configure:7610: checking for strspn
configure:7675: mpicc -o conftest -g -O2   conftest.c  >&5
conftest.c:77: warning: conflicting types for built-in function 'strspn'
configure:7681: $? = 0
configure:7685: test -z 
			 || test ! -s conftest.err
configure:7688: $? = 0
configure:7691: test -s conftest
configure:7694: $? = 0
configure:7706: result: yes
configure:7610: checking for strtol
configure:7675: mpicc -o conftest -g -O2   conftest.c  >&5
configure:7681: $? = 0
configure:7685: test -z 
			 || test ! -s conftest.err
configure:7688: $? = 0
configure:7691: test -s conftest
configure:7694: $? = 0
configure:7706: result: yes
configure:7727: checking for MPI_Init
configure:7792: mpicc -o conftest -g -O2   conftest.c  >&5
configure:7798: $? = 0
configure:7802: test -z 
			 || test ! -s conftest.err
configure:7805: $? = 0
configure:7808: test -s conftest
configure:7811: $? = 0
configure:7823: result: yes
configure:7990: checking for mpi.h
configure:8016: mpicc -c -g -O2  conftest.c >&5
configure:8022: $? = 0
configure:8026: test -z 
			 || test ! -s conftest.err
configure:8029: $? = 0
configure:8032: test -s conftest.o
configure:8035: $? = 0
configure:8037: result: yes
configure:8070: checking for MPI_Comm_f2c
configure:8135: mpicc -o conftest -g -O2   conftest.c    >&5
/usr/bin/ld: Undefined symbols:
_MPI_Comm_f2c
collect2: ld returned 1 exit status
configure:8141: $? = 1
configure: failed program was:
| /* confdefs.h.  */
| 
| #define PACKAGE_NAME "hypre"
| #define PACKAGE_TARNAME "hypre"
| #define PACKAGE_VERSION "1.10.0b"
| #define PACKAGE_STRING "hypre 1.10.0b"
| #define PACKAGE_BUGREPORT "http://www-casc.llnl.gov/bugs/enter_bug.cgi?product=HYPRE"
| #define HYPRE_PACKAGE_DATE "2005/12/29"
| #define HYPRE_PACKAGE_TIME "09:25:00"
| #define HYPRE_PACKAGE_DATETIME "2005/12/29 09:25:00"
| #define HYPRE_PACKAGE_NAME "hypre"
| #define HYPRE_PACKAGE_VERSION "1.10.0b"
| #define HYPRE_PACKAGE_STRING "hypre"
| #define HYPRE_PACKAGE_TARNAME "hypre"
| #define HYPRE_PACKAGE_BUGREPORT "http://www-casc.llnl.gov/bugs/enter_bug.cgi?product=HYPRE"
| #ifdef __cplusplus
| extern "C" void std::exit (int); using std::exit;
| #endif
| #define F77_FUNC(name,NAME) name ## _
| #define F77_FUNC_(name,NAME) name ## _
| #define STDC_HEADERS 1
| #define HAVE_SYS_TYPES_H 1
| #define HAVE_SYS_STAT_H 1
| #define HAVE_STDLIB_H 1
| #define HAVE_STRING_H 1
| #define HAVE_MEMORY_H 1
| #define HAVE_STRINGS_H 1
| #define HAVE_INTTYPES_H 1
| #define HAVE_STDINT_H 1
| #define HAVE_UNISTD_H 1
| #define HAVE_FLOAT_H 1
| #define HAVE_LIMITS_H 1
| #define HAVE_MEMORY_H 1
| #define HAVE_STDDEF_H 1
| #define HAVE_STDLIB_H 1
| #define HAVE_STRING_H 1
| #define HAVE_STRINGS_H 1
| #define HAVE_SYS_PARAM_H 1
| #define HAVE_SYS_TIME_H 1
| #define HAVE_UNISTD_H 1
| #define TIME_WITH_SYS_TIME 1
| #define HAVE_PTRDIFF_T 1
| #define RETSIGTYPE void
| #define HAVE_BZERO 1
| #define HAVE_FLOOR 1
| #define HAVE_GETTIMEOFDAY 1
| #define HAVE_MEMSET 1
| #define HAVE_POW 1
| #define HAVE_SQRT 1
| #define HAVE_STRCSPN 1
| #define HAVE_STRDUP 1
| #define HAVE_STRSPN 1
| #define HAVE_STRTOL 1
| #define HAVE_MPI 1
| /* end confdefs.h.  */
| /* Define MPI_Comm_f2c to an innocuous variant, in case <limits.h> declares MPI_Comm_f2c.
|    For example, HP-UX 11i <limits.h> declares gettimeofday.  */
| #define MPI_Comm_f2c innocuous_MPI_Comm_f2c
| 
| /* System header to define __stub macros and hopefully few prototypes,
|     which can conflict with char MPI_Comm_f2c (); below.
|     Prefer <limits.h> to <assert.h> if __STDC__ is defined, since
|     <limits.h> exists even on freestanding compilers.  */
| 
| #ifdef __STDC__
| # include <limits.h>
| #else
| # include <assert.h>
| #endif
| 
| #undef MPI_Comm_f2c
| 
| /* Override any gcc2 internal prototype to avoid an error.  */
| #ifdef __cplusplus
| extern "C"
| {
| #endif
| /* We use char because int might match the return type of a gcc2
|    builtin and then its argument prototype would still apply.  */
| char MPI_Comm_f2c ();
| /* The GNU C library defines this for functions which it implements
|     to always fail with ENOSYS.  Some functions are actually named
|     something starting with __ and the normal name is an alias.  */
| #if defined (__stub_MPI_Comm_f2c) || defined (__stub___MPI_Comm_f2c)
| choke me
| #else
| char (*f) () = MPI_Comm_f2c;
| #endif
| #ifdef __cplusplus
| }
| #endif
| 
| #ifdef F77_DUMMY_MAIN
| 
| #  ifdef __cplusplus
|      extern "C"
| #  endif
|    int F77_DUMMY_MAIN() { return 1; }
| 
| #endif
| int
| main ()
| {
| return f != MPI_Comm_f2c;
|   ;
|   return 0;
| }
configure:8166: result: no
configure:8217: checking for e_wsfe in -lg2c
configure:8255: mpicc -o conftest -g -O2  -L/usr/lib/gcc-lib/i386-redhat-linux/3.2.3 -L/usr/lib -L/usr/local/lib -L/usr/apps/lib -L/lib  conftest.c -lg2c      -L/sw/lib/gcc4.2/lib/gcc/i686-apple-darwin8/4.2.0 -L/sw/lib/gcc4.2/lib/gcc/i686-apple-darwin8/4.2.0/../../.. -lgfortranbegin -lgfortran -lgcc_s.10.4 -lSystem >&5
/usr/bin/ld: warning -L: directory name (/usr/lib/gcc-lib/i386-redhat-linux/3.2.3) does not exist
/usr/bin/ld: warning -L: directory name (/usr/apps/lib) does not exist
/usr/bin/ld: warning -L: directory name (/lib) does not exist
/usr/bin/ld: can't locate file for: -lg2c
collect2: ld returned 1 exit status
configure:8261: $? = 1
configure: failed program was:
| /* confdefs.h.  */
| 
| #define PACKAGE_NAME "hypre"
| #define PACKAGE_TARNAME "hypre"
| #define PACKAGE_VERSION "1.10.0b"
| #define PACKAGE_STRING "hypre 1.10.0b"
| #define PACKAGE_BUGREPORT "http://www-casc.llnl.gov/bugs/enter_bug.cgi?product=HYPRE"
| #define HYPRE_PACKAGE_DATE "2005/12/29"
| #define HYPRE_PACKAGE_TIME "09:25:00"
| #define HYPRE_PACKAGE_DATETIME "2005/12/29 09:25:00"
| #define HYPRE_PACKAGE_NAME "hypre"
| #define HYPRE_PACKAGE_VERSION "1.10.0b"
| #define HYPRE_PACKAGE_STRING "hypre"
| #define HYPRE_PACKAGE_TARNAME "hypre"
| #define HYPRE_PACKAGE_BUGREPORT "http://www-casc.llnl.gov/bugs/enter_bug.cgi?product=HYPRE"
| #ifdef __cplusplus
| extern "C" void std::exit (int); using std::exit;
| #endif
| #define F77_FUNC(name,NAME) name ## _
| #define F77_FUNC_(name,NAME) name ## _
| #define STDC_HEADERS 1
| #define HAVE_SYS_TYPES_H 1
| #define HAVE_SYS_STAT_H 1
| #define HAVE_STDLIB_H 1
| #define HAVE_STRING_H 1
| #define HAVE_MEMORY_H 1
| #define HAVE_STRINGS_H 1
| #define HAVE_INTTYPES_H 1
| #define HAVE_STDINT_H 1
| #define HAVE_UNISTD_H 1
| #define HAVE_FLOAT_H 1
| #define HAVE_LIMITS_H 1
| #define HAVE_MEMORY_H 1
| #define HAVE_STDDEF_H 1
| #define HAVE_STDLIB_H 1
| #define HAVE_STRING_H 1
| #define HAVE_STRINGS_H 1
| #define HAVE_SYS_PARAM_H 1
| #define HAVE_SYS_TIME_H 1
| #define HAVE_UNISTD_H 1
| #define TIME_WITH_SYS_TIME 1
| #define HAVE_PTRDIFF_T 1
| #define RETSIGTYPE void
| #define HAVE_BZERO 1
| #define HAVE_FLOOR 1
| #define HAVE_GETTIMEOFDAY 1
| #define HAVE_MEMSET 1
| #define HAVE_POW 1
| #define HAVE_SQRT 1
| #define HAVE_STRCSPN 1
| #define HAVE_STRDUP 1
| #define HAVE_STRSPN 1
| #define HAVE_STRTOL 1
| #define HAVE_MPI 1
| /* end confdefs.h.  */
| 
| /* Override any gcc2 internal prototype to avoid an error.  */
| #ifdef __cplusplus
| extern "C"
| #endif
| /* We use char because int might match the return type of a gcc2
|    builtin and then its argument prototype would still apply.  */
| char e_wsfe ();
| #ifdef F77_DUMMY_MAIN
| 
| #  ifdef __cplusplus
|      extern "C"
| #  endif
|    int F77_DUMMY_MAIN() { return 1; }
| 
| #endif
| int
| main ()
| {
| e_wsfe ();
|   ;
|   return 0;
| }
configure:8287: result: no
configure:8813: checking for cabs in -lm
configure:8851: mpicc -o conftest -g -O2  -L/usr/lib/gcc-lib/i386-redhat-linux/3.2.3 -L/usr/lib -L/usr/local/lib -L/usr/apps/lib -L/lib  conftest.c -lm     >&5
conftest.c:65: warning: conflicting types for built-in function 'cabs'
/usr/bin/ld: warning -L: directory name (/usr/lib/gcc-lib/i386-redhat-linux/3.2.3) does not exist
/usr/bin/ld: warning -L: directory name (/usr/apps/lib) does not exist
/usr/bin/ld: warning -L: directory name (/lib) does not exist
configure:8857: $? = 0
configure:8861: test -z 
			 || test ! -s conftest.err
configure:8864: $? = 0
configure:8867: test -s conftest
configure:8870: $? = 0
configure:8883: result: yes
configure:9338: checking the hostname
configure:9349: result: dalber-10441S.local
configure:9353: checking the architecture
configure:9384: result: ipsc2
configure:9612: creating ./config.status

## ---------------------- ##
## Running config.status. ##
## ---------------------- ##

This file was extended by hypre config.status 1.10.0b, which was
generated by GNU Autoconf 2.59.  Invocation command line was

  CONFIG_FILES    = 
  CONFIG_HEADERS  = 
  CONFIG_LINKS    = 
  CONFIG_COMMANDS = 
  $ ./config.status 

on dalber-10441S.local

config.status:712: creating config/Makefile.config
config.status:816: creating HYPRE_config.h

## ---------------- ##
## Cache variables. ##
## ---------------- ##

ac_cv_build=i686-apple-darwin8.9.1
ac_cv_build_alias=i686-apple-darwin8.9.1
ac_cv_c_compiler_gnu=yes
ac_cv_c_const=yes
ac_cv_c_volatile=yes
ac_cv_cxx_compiler_gnu=yes
ac_cv_env_CC_set=
ac_cv_env_CC_value=
ac_cv_env_CFLAGS_set=
ac_cv_env_CFLAGS_value=
ac_cv_env_CPPFLAGS_set=
ac_cv_env_CPPFLAGS_value=
ac_cv_env_CPP_set=
ac_cv_env_CPP_value=
ac_cv_env_CXXCPP_set=
ac_cv_env_CXXCPP_value=
ac_cv_env_CXXFLAGS_set=
ac_cv_env_CXXFLAGS_value=
ac_cv_env_CXX_set=
ac_cv_env_CXX_value=
ac_cv_env_F77_set=
ac_cv_env_F77_value=
ac_cv_env_FFLAGS_set=
ac_cv_env_FFLAGS_value=
ac_cv_env_LDFLAGS_set=
ac_cv_env_LDFLAGS_value=
ac_cv_env_build_alias_set=
ac_cv_env_build_alias_value=
ac_cv_env_host_alias_set=
ac_cv_env_host_alias_value=
ac_cv_env_target_alias_set=
ac_cv_env_target_alias_value=
ac_cv_exeext=
ac_cv_f77_compiler_gnu=yes
ac_cv_f77_dummy_main=none
ac_cv_f77_libs=' -L/sw/lib/gcc4.2/lib/gcc/i686-apple-darwin8/4.2.0 -L/sw/lib/gcc4.2/lib/gcc/i686-apple-darwin8/4.2.0/../../.. -lgfortranbegin -lgfortran -lgcc_s.10.4 -lSystem'
ac_cv_f77_mangling='lower case, underscore, no extra underscore'
ac_cv_fortran_dummy_main=none
ac_cv_func_MPI_Comm_f2c=no
ac_cv_func_MPI_Init=yes
ac_cv_func_bzero=yes
ac_cv_func_floor=yes
ac_cv_func_gethrtime=no
ac_cv_func_gettimeofday=yes
ac_cv_func_memset=yes
ac_cv_func_pow=yes
ac_cv_func_sqrt=yes
ac_cv_func_strcspn=yes
ac_cv_func_strdup=yes
ac_cv_func_strspn=yes
ac_cv_func_strtod=yes
ac_cv_func_strtol=yes
ac_cv_header_float_h=yes
ac_cv_header_inttypes_h=yes
ac_cv_header_limits_h=yes
ac_cv_header_malloc_h=no
ac_cv_header_memory_h=yes
ac_cv_header_stdc=yes
ac_cv_header_stddef_h=yes
ac_cv_header_stdint_h=yes
ac_cv_header_stdlib_h=yes
ac_cv_header_string_h=yes
ac_cv_header_strings_h=yes
ac_cv_header_sys_param_h=yes
ac_cv_header_sys_stat_h=yes
ac_cv_header_sys_time_h=yes
ac_cv_header_sys_types_h=yes
ac_cv_header_time=yes
ac_cv_header_unistd_h=yes
ac_cv_host=i686-apple-darwin8.9.1
ac_cv_host_alias=i686-apple-darwin8.9.1
ac_cv_lib_g2c_e_wsfe=no
ac_cv_lib_m_cabs=yes
ac_cv_objext=o
ac_cv_path_install='/usr/bin/install -c'
ac_cv_prog_AWK=awk
ac_cv_prog_CC=mpicc
ac_cv_prog_CPP='mpicc -E'
ac_cv_prog_CXX=mpicxx
ac_cv_prog_CXXCPP='mpicxx -E'
ac_cv_prog_FPP=cpp
ac_cv_prog_ac_ct_F77=gfortran
ac_cv_prog_ac_ct_RANLIB=ranlib
ac_cv_prog_cc_g=yes
ac_cv_prog_cc_stdc=
ac_cv_prog_cxx_g=yes
ac_cv_prog_egrep='grep -E'
ac_cv_prog_f77_g=yes
ac_cv_prog_f77_v=-v
ac_cv_prog_make_make_set=yes
ac_cv_type_ptrdiff_t=yes
ac_cv_type_signal=void
ac_cv_type_size_t=yes

## ----------------- ##
## Output variables. ##
## ----------------- ##

AR='ar -rcu'
AWK='awk'
BABELDIR=''
BLASLIBDIRS='-L/Users/dalber/research/code/hypre-1.10.0b/src/hypre/lib'
BLASLIBS='-lHYPRE_utilities'
CC='mpicc'
CFLAGS='-O2'
CPP='mpicc -E'
CPPFLAGS=''
CXX='mpicxx'
CXXCPP='mpicxx -E'
CXXFLAGS='-O2'
DEFS='-DHAVE_CONFIG_H'
ECHO_C=''
ECHO_N='-n'
ECHO_T=''
EGREP='grep -E'
EXEEXT=''
F77='gfortran'
F77FLAGS=''
FEIINCLUDE=''
FEILIBDIRS=''
FEILIBS=''
FFLAGS='-O'
FLIBS=' -L/sw/lib/gcc4.2/lib/gcc/i686-apple-darwin8/4.2.0 -L/sw/lib/gcc4.2/lib/gcc/i686-apple-darwin8/4.2.0/../../.. -lgfortranbegin -lgfortran -lgcc_s.10.4 -lSystem'
FPP='cpp'
HOSTNAME='dalber-10441S.local'
HYPRE_ARCH='ipsc2'
HYPRE_BLAS_SRC_DIR='/Users/dalber/research/code/hypre-1.10.0b/src/blas'
HYPRE_INCINSTALL='${prefix}/include'
HYPRE_INSTALLDIR='NONE'
HYPRE_LAPACK_SRC_DIR='/Users/dalber/research/code/hypre-1.10.0b/src/lapack'
HYPRE_LIBINSTALL='${exec_prefix}/lib'
HYPRE_LIBSUFFIX=''
HYPRE_PACKAGE_DATETIME='2005/12/29 09:25:00'
HYPRE_RELEASEDATE='2005/12/29'
HYPRE_RELEASEDATETIME='2005/12/29 09:25:00'
HYPRE_RELEASETIME='09:25:00'
HYPRE_RELEASEVERSION='1.10.0b'
HYPRE_TOP_SRCDIR='/Users/dalber/research/code/hypre-1.10.0b/src'
INCLUDES=''
INSTALL_DATA='${INSTALL} -m 644'
INSTALL_PROGRAM='${INSTALL}'
INSTALL_SCRIPT='${INSTALL}'
LAPACKLIBDIRS='-L/Users/dalber/research/code/hypre-1.10.0b/src/hypre/lib'
LAPACKLIBS='-lHYPRE_utilities'
LDFLAGS='-L/usr/lib/gcc-lib/i386-redhat-linux/3.2.3 -L/usr/lib -L/usr/local/lib -L/usr/apps/lib -L/lib '
LDLIBDIRS=''
LDLIBS=''
LIBDIRS=''
LIBOBJS=''
LIBS='   -lm'
LINK_CC='mpicc'
LINK_CXX='mpicxx'
LN_S='ln -s'
LTLIBOBJS=''
MLIINCLUDE=''
MLILIBDIRS=''
MLILIBS=''
MLI_DIR=''
MPIFLAGS=''
MPIINCLUDE=''
MPILIBDIRS=''
MPILIBS=' '
OBJEXT='o'
PACKAGE_BUGREPORT=''
PACKAGE_NAME=''
PACKAGE_STRING=''
PACKAGE_TARNAME=''
PACKAGE_VERSION=''
PATH_SEPARATOR=':'
POW_LIB=''
RANLIB='ranlib'
SET_MAKE=''
SHELL='/bin/sh'
TIMERDEFS=''
ac_ct_CC=''
ac_ct_CXX=''
ac_ct_F77='gfortran'
ac_ct_RANLIB='ranlib'
bindir='${exec_prefix}/bin'
build='i686-apple-darwin8.9.1'
build_alias=''
build_cpu='i686'
build_os='darwin8.9.1'
build_vendor='apple'
datadir='${prefix}/share'
exec_prefix='${prefix}'
host='i686-apple-darwin8.9.1'
host_alias=''
host_cpu='i686'
host_os='darwin8.9.1'
host_vendor='apple'
includedir='${prefix}/include'
infodir='${prefix}/info'
libdir='${exec_prefix}/lib'
libexecdir='${exec_prefix}/libexec'
localstatedir='${prefix}/var'
mandir='${prefix}/man'
oldincludedir='/usr/include'
prefix='/Users/dalber/research/code/hypre-1.10.0b/src/hypre'
program_transform_name='s,x,x,'
sbindir='${exec_prefix}/sbin'
sharedstatedir='${prefix}/com'
subdirs=''
sysconfdir='${prefix}/etc'
target_alias=''

## ----------- ##
## confdefs.h. ##
## ----------- ##

#define F77_FUNC(name,NAME) name ## _
#define F77_FUNC_(name,NAME) name ## _
#define HAVE_BZERO 1
#define HAVE_FLOAT_H 1
#define HAVE_FLOOR 1
#define HAVE_GETTIMEOFDAY 1
#define HAVE_INTTYPES_H 1
#define HAVE_LIMITS_H 1
#define HAVE_MEMORY_H 1
#define HAVE_MEMORY_H 1
#define HAVE_MEMSET 1
#define HAVE_MPI 1
#define HAVE_POW 1
#define HAVE_PTRDIFF_T 1
#define HAVE_SQRT 1
#define HAVE_STDDEF_H 1
#define HAVE_STDINT_H 1
#define HAVE_STDLIB_H 1
#define HAVE_STDLIB_H 1
#define HAVE_STRCSPN 1
#define HAVE_STRDUP 1
#define HAVE_STRINGS_H 1
#define HAVE_STRINGS_H 1
#define HAVE_STRING_H 1
#define HAVE_STRING_H 1
#define HAVE_STRSPN 1
#define HAVE_STRTOL 1
#define HAVE_SYS_PARAM_H 1
#define HAVE_SYS_STAT_H 1
#define HAVE_SYS_TIME_H 1
#define HAVE_SYS_TYPES_H 1
#define HAVE_UNISTD_H 1
#define HAVE_UNISTD_H 1
#define HYPRE_PACKAGE_BUGREPORT "http://www-casc.llnl.gov/bugs/enter_bug.cgi?product=HYPRE"
#define HYPRE_PACKAGE_DATE "2005/12/29"
#define HYPRE_PACKAGE_DATETIME "2005/12/29 09:25:00"
#define HYPRE_PACKAGE_NAME "hypre"
#define HYPRE_PACKAGE_STRING "hypre"
#define HYPRE_PACKAGE_TARNAME "hypre"
#define HYPRE_PACKAGE_TIME "09:25:00"
#define HYPRE_PACKAGE_VERSION "1.10.0b"
#define HYPRE_USING_HYPRE_BLAS 1
#define HYPRE_USING_HYPRE_LAPACK 1
#define PACKAGE_BUGREPORT "http://www-casc.llnl.gov/bugs/enter_bug.cgi?product=HYPRE"
#define PACKAGE_NAME "hypre"
#define PACKAGE_STRING "hypre 1.10.0b"
#define PACKAGE_TARNAME "hypre"
#define PACKAGE_VERSION "1.10.0b"
#define RETSIGTYPE void
#define STDC_HEADERS 1
#define TIME_WITH_SYS_TIME 1
#endif
#ifdef __cplusplus
extern "C" void std::exit (int); using std::exit;

configure: exit 0
