Warning: no access to tty (Bad file descriptor).
Thus no job control in this shell.
mcr210
LCRM job id = 1750
Running with these driver parameters:
  solver ID    = 0

Reading the mesh....................done.

 Levels 1-3
============

 Levels 4-6
============

 Levels 7-9
============

 Levels 10-10
============
Creating the ParFESpace.............done.
Assembling the matrix...............done.
Assembling the rhs..................done.
Finalizing the matrix...............done.
Creating the HypreParMatrix.........done.
Creating the RHS HypreParVector.....done.
=============================================
aFEM problem generation times:
=============================================
aFEM problem generation:
  wall clock time = 46.540000 seconds
  wall MFLOPS     = 0.000000
  cpu clock time  = 46.500000 seconds
  cpu MFLOPS      = 0.000000

=============================================
IJ Matrix Setup:
=============================================
Spatial operator:
  wall clock time = 1.200000 seconds
  wall MFLOPS     = 0.000000
  cpu clock time  = 1.190000 seconds
  cpu MFLOPS      = 0.000000

  RHS vector is 0
  Initial guess has unit components
=============================================
IJ Vector Setup:
=============================================
RHS and Initial Guess:
  wall clock time = 0.100000 seconds
  wall MFLOPS     = 0.000000
  cpu clock time  = 0.100000 seconds
  cpu MFLOPS      = 0.000000

Solver:  AMG

BoomerAMG SETUP PARAMETERS:

 Max levels = 25
 Num levels = 21

 Strength Threshold = 0.250000
 Interpolation Truncation Factor = 0.000000
 Maximum Row Sum Threshold for Dependency Weakening = 1.000000

 Coarsening Type = Falgout-CLJP 
 Hybrid Coarsening (switch to CLJP when coarsening slows)
 measures are determined locally


Operator Matrix Information:

            nonzero         entries per row        row sums
lev   rows  entries  sparse  min  max   avg       min         max
===================================================================
 0 29399554 400350840  0.000     1   51  13.6  -7.911e-03   4.000e+00
 1 11989151 332063309  0.000     2  131  27.7  -7.467e-03   2.001e+00
 2 6714564 399246024  0.000     2  255  59.5  -4.726e-03   2.002e+00
 3 3860623 434559540  0.000     2  468  112.6  -3.362e-03   2.001e+00
 4 2217869 422232444  0.000     4  570  190.4  -2.596e-03   2.002e+00
 5 1265109 372899354  0.000     5  907  294.8  -1.957e-03   2.001e+00
 6  713099 303820165  0.001    18 1201  426.1  -1.643e-03   1.897e-02
 7  394406 228749966  0.001    32 1528  580.0  -6.906e-04   1.847e-02
 8  213332 159138774  0.003    60 1985  746.0  -3.479e-04   1.316e-02
 9  112953 102881733  0.008    60 1964  910.8  -2.142e-04   1.340e-02
10   58673 61859601  0.018    99 2297  1054.3  -1.348e-06   1.248e-02
11   29806 34018276  0.038   125 2274  1141.3   1.798e-08   1.449e-02
12   14521 16113535  0.076   165 2146  1109.7   6.594e-07   2.030e-02
13    6710  6272628  0.139   232 1811  934.8   4.926e-05   2.567e-02
14    2912  2044272  0.241   212 1330  702.0   2.371e-04   2.849e-02
15    1161   528847  0.392   141  848  455.5   4.966e-04   4.087e-02
16     416   101268  0.585    90  397  243.4   1.031e-03   5.430e-02
17     145    16799  0.799    45  145  115.9   1.848e-03   6.707e-02
18      54     2688  0.922    31   54  49.8   3.157e-03   7.109e-02
19      20      400  1.000    20   20  20.0   4.548e-03   7.344e-02
20       8       64  1.000     8    8   8.0   7.607e-03   7.446e-02


Interpolation Matrix Information:

                 entries/row    min     max         row sums
lev  rows cols    min max     weight   weight     min       max 
=================================================================
 0 29399554 x 11989151   0  15   3.756e-06 1.287e+00 0.000e+00 1.505e+00
 1 11989151 x 6714564   1  20   4.854e-05 1.227e+00 1.534e-04 1.610e+00
 2 6714564 x 3860623   1  17   4.033e-05 1.444e+00 5.790e-05 1.824e+00
 3 3860623 x 2217869   1  21   1.894e-05 1.934e+00 4.006e-05 1.934e+00
 4 2217869 x 1265109   1  21   2.935e-06 1.668e+00 2.218e-05 1.668e+00
 5 1265109 x 713099   1  21   1.308e-05 1.379e+00 1.234e-04 1.389e+00
 6 713099 x 394406   1  23   2.598e-03 1.160e+00 1.855e-02 1.201e+00
 7 394406 x 213332   1  23   1.728e-03 1.047e+00 1.979e-02 1.101e+00
 8 213332 x 112953   1  26   2.423e-03 1.031e+00 1.411e-02 1.036e+00
 9 112953 x 58673   1  28   2.388e-03 1.001e+00 1.584e-02 1.017e+00
10 58673 x 29806   1  28   2.705e-03 1.000e+00 7.464e-03 1.000e+00
11 29806 x 14521   1  31   2.237e-03 1.000e-00 1.063e-02 1.000e+00
12 14521 x 6710    1  27   1.547e-03 9.999e-01 1.109e-02 1.000e+00
13  6710 x 2912    1  27   4.151e-03 9.884e-01 2.840e-02 1.000e+00
14  2912 x 1161    1  24   4.106e-03 9.276e-01 3.143e-02 1.000e+00
15  1161 x 416     1  23   7.610e-03 8.536e-01 2.515e-02 1.000e+00
16   416 x 145     1  14   6.498e-03 7.827e-01 3.204e-02 1.000e+00
17   145 x 54      1   7   3.164e-03 5.571e-01 1.258e-02 1.000e+00
18    54 x 20      1   5   2.581e-03 5.058e-01 1.052e-02 1.000e+00
19    20 x 8       1   4   2.445e-03 1.955e-01 7.437e-03 1.000e+00


     Complexity:    grid = 1.938638
                operator = 8.185072




BoomerAMG SOLVER PARAMETERS:

  Maximum number of cycles:         100 
  Stopping Tolerance:               1.000000e-100 
  Cycle type (1 = V, 2 = W, etc.):  1

  Relaxation Parameters:
   Visiting Grid:                     fine  down   up  coarse
            Number of partial sweeps:   2     2    2     1 
   Type 0=Jac, 1=GS, 3=Hybrid 9=GE:     3     3    3     9 
   Point types, partial sweeps (1=C, -1=F):
                               Finest grid:   1  -1
                  Pre-CG relaxation (down):   1  -1
                   Post-CG relaxation (up):  -1   1
                             Coarsest grid:   0

=============================================
Setup phase times:
=============================================
BoomerAMG Setup:
  wall clock time = 86.250000 seconds
  wall MFLOPS     = 0.000000
  cpu clock time  = 87.380000 seconds
  cpu MFLOPS      = 0.000000



BoomerAMG SOLVER PARAMETERS:

  Maximum number of cycles:         100 
  Stopping Tolerance:               1.000000e-100 
  Cycle type (1 = V, 2 = W, etc.):  1

  Relaxation Parameters:
   Visiting Grid:                     fine  down   up  coarse
            Number of partial sweeps:   2     2    2     1 
   Type 0=Jac, 1=GS, 3=Hybrid 9=GE:     3     3    3     9 
   Point types, partial sweeps (1=C, -1=F):
                               Finest grid:   1  -1
                  Pre-CG relaxation (down):   1  -1
                   Post-CG relaxation (up):  -1   1
                             Coarsest grid:   0

 Output flag (print_level): 3 


AMG SOLUTION INFO:
                                            relative
               residual        factor       residual
               --------        ------       --------
    Initial    6.807445e+02                 6.807445e+02
    Cycle  1   8.533047e-02    0.000125     8.533047e-02 
    Cycle  2   1.588622e-02    0.186173     1.588622e-02 
    Cycle  3   8.477087e-03    0.533612     8.477087e-03 
    Cycle  4   5.597183e-03    0.660272     5.597183e-03 
    Cycle  5   4.016231e-03    0.717545     4.016231e-03 
    Cycle  6   3.048217e-03    0.758974     3.048217e-03 
    Cycle  7   2.415983e-03    0.792589     2.415983e-03 
    Cycle  8   1.981365e-03    0.820107     1.981365e-03 
    Cycle  9   1.668765e-03    0.842230     1.668765e-03 
    Cycle 10   1.434568e-03    0.859659     1.434568e-03 
    Cycle 11   1.252670e-03    0.873203     1.252670e-03 
    Cycle 12   1.106958e-03    0.883679     1.106958e-03 
    Cycle 13   9.871913e-04    0.891806     9.871913e-04 
    Cycle 14   8.866620e-04    0.898166     8.866620e-04 
    Cycle 15   8.008407e-04    0.903209     8.008407e-04 
    Cycle 16   7.265742e-04    0.907264     7.265742e-04 
    Cycle 17   6.616018e-04    0.910577     6.616018e-04 
    Cycle 18   6.042567e-04    0.913324     6.042567e-04 
    Cycle 19   5.532781e-04    0.915634     5.532781e-04 
    Cycle 20   5.076898e-04    0.917603     5.076898e-04 
    Cycle 21   4.667203e-04    0.919302     4.667203e-04 
    Cycle 22   4.297486e-04    0.920784     4.297486e-04 
    Cycle 23   3.962670e-04    0.922090     3.962670e-04 
    Cycle 24   3.658543e-04    0.923252     3.658543e-04 
    Cycle 25   3.381569e-04    0.924294     3.381569e-04 
    Cycle 26   3.128750e-04    0.925236     3.128750e-04 
    Cycle 27   2.897518e-04    0.926094     2.897518e-04 
    Cycle 28   2.685654e-04    0.926881     2.685654e-04 
    Cycle 29   2.491229e-04    0.927606     2.491229e-04 
    Cycle 30   2.312556e-04    0.928279     2.312556e-04 
    Cycle 31   2.148148e-04    0.928907     2.148148e-04 
    Cycle 32   1.996692e-04    0.929494     1.996692e-04 
    Cycle 33   1.857019e-04    0.930048     1.857019e-04 
    Cycle 34   1.728088e-04    0.930571     1.728088e-04 
    Cycle 35   1.608965e-04    0.931067     1.608965e-04 
    Cycle 36   1.498813e-04    0.931539     1.498813e-04 
    Cycle 37   1.396878e-04    0.931990     1.396878e-04 
    Cycle 38   1.302479e-04    0.932421     1.302479e-04 
    Cycle 39   1.214999e-04    0.932836     1.214999e-04 
    Cycle 40   1.133878e-04    0.933234     1.133878e-04 
    Cycle 41   1.058610e-04    0.933618     1.058610e-04 
    Cycle 42   9.887307e-05    0.933990     9.887307e-05 
    Cycle 43   9.238195e-05    0.934349     9.238195e-05 
    Cycle 44   8.634914e-05    0.934697     8.634914e-05 
    Cycle 45   8.073947e-05    0.935035     8.073947e-05 
    Cycle 46   7.552073e-05    0.935363     7.552073e-05 
    Cycle 47   7.066342e-05    0.935682     7.066342e-05 
    Cycle 48   6.614049e-05    0.935993     6.614049e-05 
    Cycle 49   6.192709e-05    0.936296     6.192709e-05 
    Cycle 50   5.800038e-05    0.936592     5.800038e-05 
    Cycle 51   5.433939e-05    0.936880     5.433939e-05 
    Cycle 52   5.092476e-05    0.937161     5.092476e-05 
    Cycle 53   4.773871e-05    0.937436     4.773871e-05 
    Cycle 54   4.476482e-05    0.937705     4.476482e-05 
    Cycle 55   4.198794e-05    0.937968     4.198794e-05 
    Cycle 56   3.939412e-05    0.938224     3.939412e-05 
    Cycle 57   3.697043e-05    0.938476     3.697043e-05 
    Cycle 58   3.470496e-05    0.938722     3.470496e-05 
    Cycle 59   3.258667e-05    0.938963     3.258667e-05 
    Cycle 60   3.060536e-05    0.939199     3.060536e-05 
    Cycle 61   2.875159e-05    0.939430     2.875159e-05 
    Cycle 62   2.701661e-05    0.939656     2.701661e-05 
    Cycle 63   2.539231e-05    0.939878     2.539231e-05 
    Cycle 64   2.387119e-05    0.940095     2.387119e-05 
    Cycle 65   2.244627e-05    0.940308     2.244627e-05 
    Cycle 66   2.111108e-05    0.940516     2.111108e-05 
    Cycle 67   1.985963e-05    0.940721     1.985963e-05 
    Cycle 68   1.868635e-05    0.940921     1.868635e-05 
    Cycle 69   1.758605e-05    0.941118     1.758605e-05 
    Cycle 70   1.655393e-05    0.941310     1.655393e-05 
    Cycle 71   1.558550e-05    0.941499     1.558550e-05 
    Cycle 72   1.467662e-05    0.941684     1.467662e-05 
    Cycle 73   1.382339e-05    0.941865     1.382339e-05 
    Cycle 74   1.302223e-05    0.942043     1.302223e-05 
    Cycle 75   1.226977e-05    0.942217     1.226977e-05 
    Cycle 76   1.156289e-05    0.942388     1.156289e-05 
    Cycle 77   1.089867e-05    0.942556     1.089867e-05 
    Cycle 78   1.027440e-05    0.942720     1.027440e-05 
    Cycle 79   9.687543e-06    0.942882     9.687543e-06 
    Cycle 80   9.135737e-06    0.943040     9.135737e-06 
    Cycle 81   8.616780e-06    0.943195     8.616780e-06 
    Cycle 82   8.128613e-06    0.943347     8.128613e-06 
    Cycle 83   7.669314e-06    0.943496     7.669314e-06 
    Cycle 84   7.237090e-06    0.943642     7.237090e-06 
    Cycle 85   6.830264e-06    0.943786     6.830264e-06 
    Cycle 86   6.447269e-06    0.943927     6.447269e-06 
    Cycle 87   6.086641e-06    0.944065     6.086641e-06 
    Cycle 88   5.747010e-06    0.944201     5.747010e-06 
    Cycle 89   5.427095e-06    0.944334     5.427095e-06 
    Cycle 90   5.125696e-06    0.944464     5.125696e-06 
    Cycle 91   4.841693e-06    0.944592     4.841693e-06 
    Cycle 92   4.574035e-06    0.944718     4.574035e-06 
    Cycle 93   4.321738e-06    0.944841     4.321738e-06 
    Cycle 94   4.083881e-06    0.944963     4.083881e-06 
    Cycle 95   3.859600e-06    0.945082     3.859600e-06 
    Cycle 96   3.648088e-06    0.945198     3.648088e-06 
    Cycle 97   3.448585e-06    0.945313     3.448585e-06 
    Cycle 98   3.260381e-06    0.945426     3.260381e-06 
    Cycle 99   3.082809e-06    0.945536     3.082809e-06 
    Cycle 100   2.915243e-06    0.945645     2.915243e-06 


==============================================
 NOTE: Convergence tolerance was not achieved
      within the allowed 100 V-cycles
==============================================

 Average Convergence Factor = 0.824740

     Complexity:    grid = 1.938638
                operator = 8.185072
                   cycle = 16.370144



=============================================
Solve phase times:
=============================================
BoomerAMG Solve:
  wall clock time = 269.090000 seconds
  wall MFLOPS     = 0.000000
  cpu clock time  = 269.120000 seconds
  cpu MFLOPS      = 0.000000

Running with these driver parameters:
  solver ID    = 0

Reading the mesh....................done.

 Levels 1-3
============

 Levels 4-6
============

 Levels 7-9
============

 Levels 10-10
============
Creating the ParFESpace.............done.
Assembling the matrix...............done.
Assembling the rhs..................done.
Finalizing the matrix...............done.
Creating the HypreParMatrix.........done.
Creating the RHS HypreParVector.....done.
=============================================
aFEM problem generation times:
=============================================
aFEM problem generation:
  wall clock time = 46.360000 seconds
  wall MFLOPS     = 0.000000
  cpu clock time  = 46.360000 seconds
  cpu MFLOPS      = 0.000000

=============================================
IJ Matrix Setup:
=============================================
Spatial operator:
  wall clock time = 1.140000 seconds
  wall MFLOPS     = 0.000000
  cpu clock time  = 1.140000 seconds
  cpu MFLOPS      = 0.000000

  RHS vector is 0
  Initial guess has unit components
=============================================
IJ Vector Setup:
=============================================
RHS and Initial Guess:
  wall clock time = 0.150000 seconds
  wall MFLOPS     = 0.000000
  cpu clock time  = 0.150000 seconds
  cpu MFLOPS      = 0.000000

Solver:  AMG

BoomerAMG SETUP PARAMETERS:

 Max levels = 25
 Num levels = 20

 Strength Threshold = 0.250000
 Interpolation Truncation Factor = 0.000000
 Maximum Row Sum Threshold for Dependency Weakening = 1.000000

 Coarsening Type = Cleary-Luby-Jones-Plassman

Operator Matrix Information:

            nonzero         entries per row        row sums
lev   rows  entries  sparse  min  max   avg       min         max
===================================================================
 0 29399554 400350840  0.000     1   51  13.6  -7.911e-03   4.000e+00
 1 10278165 265209804  0.000     3   78  25.8  -5.236e-03   2.001e+00
 2 5308309 304955869  0.000     3  185  57.4  -4.132e-03   2.001e+00
 3 2855208 320970704  0.000     5  342  112.4  -3.542e-03   2.001e+00
 4 1548917 300070789  0.000     8  522  193.7  -3.384e-03   1.791e-02
 5  848207 256243795  0.000    12  768  302.1  -2.764e-03   1.738e-02
 6  464758 201676682  0.001    30 1089  433.9  -1.128e-03   1.757e-02
 7  252046 146550316  0.002    65 1345  581.4  -6.427e-04   1.176e-02
 8  134234 98344966  0.005    90 1745  732.6  -1.536e-04   1.164e-02
 9   69780 60649196  0.012   133 1876  869.1  -3.008e-05   1.428e-02
10   34742 33082794  0.027   105 1961  952.2   1.292e-08   1.623e-02
11   16508 15683808  0.058   187 1936  950.1   8.910e-07   1.777e-02
12    7290  6006720  0.113   152 1571  824.0  -8.962e-05   2.069e-02
13    2970  1836074  0.208   156 1178  618.2   1.847e-04   2.573e-02
14    1081   425359  0.364   106  746  393.5   7.768e-04   4.143e-02
15     350    71190  0.581    53  313  203.4   1.588e-03   6.234e-02
16     103     8929  0.842    37  103  86.7   2.313e-03   7.065e-02
17      29      841  1.000    29   29  29.0   5.082e-03   7.474e-02
18      11      121  1.000    11   11  11.0   9.930e-03   7.636e-02
19       4       16  1.000     4    4   4.0   3.505e-02   5.929e-02


Interpolation Matrix Information:

                 entries/row    min     max         row sums
lev  rows cols    min max     weight   weight     min       max 
=================================================================
 0 29399554 x 10278165   0  12   3.756e-06 1.251e+00 0.000e+00 1.466e+00
 1 10278165 x 5308309   1  15   6.263e-05 1.205e+00 1.534e-04 1.523e+00
 2 5308309 x 2855208   1  17   4.730e-05 1.326e+00 4.730e-05 1.784e+00
 3 2855208 x 1548917   1  19   1.920e-05 1.511e+00 2.991e-05 1.611e+00
 4 1548917 x 848207   1  19   4.476e-03 1.375e+00 4.057e-02 1.560e+00
 5 848207 x 464758   1  24   3.559e-03 1.136e+00 3.829e-02 1.349e+00
 6 464758 x 252046   1  23   4.784e-03 1.124e+00 2.861e-02 1.124e+00
 7 252046 x 134234   1  25   2.917e-03 1.035e+00 9.332e-03 1.067e+00
 8 134234 x 69780   1  27   2.936e-03 1.033e+00 1.230e-02 1.033e+00
 9 69780 x 34742   1  28   5.100e-03 1.001e+00 5.223e-02 1.005e+00
10 34742 x 16508   1  27   3.434e-03 1.000e-00 3.674e-02 1.000e+00
11 16508 x 7290    1  26   4.463e-03 9.997e-01 4.191e-02 1.000e+00
12  7290 x 2970    1  26   6.897e-03 9.944e-01 3.388e-02 1.000e+00
13  2970 x 1081    1  24   5.175e-03 9.507e-01 2.645e-02 1.000e+00
14  1081 x 350     1  17   2.228e-03 8.272e-01 2.493e-02 1.000e+00
15   350 x 103     1  13   7.826e-03 7.685e-01 7.826e-03 1.000e+00
16   103 x 29      1   7   4.616e-03 6.360e-01 1.318e-02 1.000e+00
17    29 x 11      1   4   7.208e-04 1.056e-01 7.208e-04 1.000e+00
18    11 x 4       1   3   3.966e-03 1.854e-02 6.524e-03 1.000e+00


     Complexity:    grid = 1.742280
                operator = 6.025062




BoomerAMG SOLVER PARAMETERS:

  Maximum number of cycles:         100 
  Stopping Tolerance:               1.000000e-100 
  Cycle type (1 = V, 2 = W, etc.):  1

  Relaxation Parameters:
   Visiting Grid:                     fine  down   up  coarse
            Number of partial sweeps:   2     2    2     1 
   Type 0=Jac, 1=GS, 3=Hybrid 9=GE:     3     3    3     9 
   Point types, partial sweeps (1=C, -1=F):
                               Finest grid:   1  -1
                  Pre-CG relaxation (down):   1  -1
                   Post-CG relaxation (up):  -1   1
                             Coarsest grid:   0

=============================================
Setup phase times:
=============================================
BoomerAMG Setup:
  wall clock time = 63.410000 seconds
  wall MFLOPS     = 0.000000
  cpu clock time  = 64.020000 seconds
  cpu MFLOPS      = 0.000000



BoomerAMG SOLVER PARAMETERS:

  Maximum number of cycles:         100 
  Stopping Tolerance:               1.000000e-100 
  Cycle type (1 = V, 2 = W, etc.):  1

  Relaxation Parameters:
   Visiting Grid:                     fine  down   up  coarse
            Number of partial sweeps:   2     2    2     1 
   Type 0=Jac, 1=GS, 3=Hybrid 9=GE:     3     3    3     9 
   Point types, partial sweeps (1=C, -1=F):
                               Finest grid:   1  -1
                  Pre-CG relaxation (down):   1  -1
                   Post-CG relaxation (up):  -1   1
                             Coarsest grid:   0

 Output flag (print_level): 3 


AMG SOLUTION INFO:
                                            relative
               residual        factor       residual
               --------        ------       --------
    Initial    6.807445e+02                 6.807445e+02
    Cycle  1   8.017285e-02    0.000118     8.017285e-02 
    Cycle  2   1.535741e-02    0.191554     1.535741e-02 
    Cycle  3   8.375206e-03    0.545353     8.375206e-03 
    Cycle  4   5.568223e-03    0.664846     5.568223e-03 
    Cycle  5   4.004610e-03    0.719190     4.004610e-03 
    Cycle  6   3.038970e-03    0.758868     3.038970e-03 
    Cycle  7   2.405270e-03    0.791476     2.405270e-03 
    Cycle  8   1.969105e-03    0.818663     1.969105e-03 
    Cycle  9   1.655878e-03    0.840929     1.655878e-03 
    Cycle 10   1.421956e-03    0.858732     1.421956e-03 
    Cycle 11   1.240937e-03    0.872697     1.240937e-03 
    Cycle 12   1.096417e-03    0.883539     1.096417e-03 
    Cycle 13   9.779419e-04    0.891943     9.779419e-04 
    Cycle 14   8.786742e-04    0.898493     8.786742e-04 
    Cycle 15   7.940156e-04    0.903652     7.940156e-04 
    Cycle 16   7.207839e-04    0.907770     7.207839e-04 
    Cycle 17   6.567118e-04    0.911108     6.567118e-04 
    Cycle 18   6.001386e-04    0.913854     6.001386e-04 
    Cycle 19   5.498152e-04    0.916147     5.498152e-04 
    Cycle 20   5.047792e-04    0.918089     5.047792e-04 
    Cycle 21   4.642730e-04    0.919755     4.642730e-04 
    Cycle 22   4.276884e-04    0.921200     4.276884e-04 
    Cycle 23   3.945290e-04    0.922468     3.945290e-04 
    Cycle 24   3.643838e-04    0.923592     3.643838e-04 
    Cycle 25   3.369079e-04    0.924596     3.369079e-04 
    Cycle 26   3.118089e-04    0.925502     3.118089e-04 
    Cycle 27   2.888363e-04    0.926325     2.888363e-04 
    Cycle 28   2.677735e-04    0.927077     2.677735e-04 
    Cycle 29   2.484322e-04    0.927770     2.484322e-04 
    Cycle 30   2.306476e-04    0.928412     2.306476e-04 
    Cycle 31   2.142741e-04    0.929011     2.142741e-04 
    Cycle 32   1.991830e-04    0.929571     1.991830e-04 
    Cycle 33   1.852599e-04    0.930099     1.852599e-04 
    Cycle 34   1.724024e-04    0.930598     1.724024e-04 
    Cycle 35   1.605188e-04    0.931071     1.605188e-04 
    Cycle 36   1.495268e-04    0.931522     1.495268e-04 
    Cycle 37   1.393519e-04    0.931953     1.393519e-04 
    Cycle 38   1.299269e-04    0.932366     1.299269e-04 
    Cycle 39   1.211910e-04    0.932763     1.211910e-04 
    Cycle 40   1.130889e-04    0.933146     1.130889e-04 
    Cycle 41   1.055702e-04    0.933515     1.055702e-04 
    Cycle 42   9.858907e-05    0.933873     9.858907e-05 
    Cycle 43   9.210381e-05    0.934219     9.210381e-05 
    Cycle 44   8.607614e-05    0.934556     8.607614e-05 
    Cycle 45   8.047110e-05    0.934883     8.047110e-05 
    Cycle 46   7.525667e-05    0.935201     7.525667e-05 
    Cycle 47   7.040348e-05    0.935512     7.040348e-05 
    Cycle 48   6.588458e-05    0.935814     6.588458e-05 
    Cycle 49   6.167518e-05    0.936110     6.167518e-05 
    Cycle 50   5.775253e-05    0.936398     5.775253e-05 
    Cycle 51   5.409567e-05    0.936680     5.409567e-05 
    Cycle 52   5.068529e-05    0.936957     5.068529e-05 
    Cycle 53   4.750361e-05    0.937227     4.750361e-05 
    Cycle 54   4.453422e-05    0.937491     4.453422e-05 
    Cycle 55   4.176198e-05    0.937750     4.176198e-05 
    Cycle 56   3.917292e-05    0.938004     3.917292e-05 
    Cycle 57   3.675411e-05    0.938253     3.675411e-05 
    Cycle 58   3.449364e-05    0.938497     3.449364e-05 
    Cycle 59   3.238044e-05    0.938737     3.238044e-05 
    Cycle 60   3.040430e-05    0.938971     3.040430e-05 
    Cycle 61   2.855577e-05    0.939202     2.855577e-05 
    Cycle 62   2.682608e-05    0.939428     2.682608e-05 
    Cycle 63   2.520710e-05    0.939649     2.520710e-05 
    Cycle 64   2.369132e-05    0.939867     2.369132e-05 
    Cycle 65   2.227175e-05    0.940080     2.227175e-05 
    Cycle 66   2.094190e-05    0.940290     2.094190e-05 
    Cycle 67   1.969576e-05    0.940496     1.969576e-05 
    Cycle 68   1.852776e-05    0.940698     1.852776e-05 
    Cycle 69   1.743269e-05    0.940896     1.743269e-05 
    Cycle 70   1.640574e-05    0.941090     1.640574e-05 
    Cycle 71   1.544242e-05    0.941281     1.544242e-05 
    Cycle 72   1.453856e-05    0.941469     1.453856e-05 
    Cycle 73   1.369028e-05    0.941653     1.369028e-05 
    Cycle 74   1.289396e-05    0.941834     1.289396e-05 
    Cycle 75   1.214626e-05    0.942011     1.214626e-05 
    Cycle 76   1.144402e-05    0.942185     1.144402e-05 
    Cycle 77   1.078435e-05    0.942356     1.078435e-05 
    Cycle 78   1.016450e-05    0.942524     1.016450e-05 
    Cycle 79   9.581963e-06    0.942689     9.581963e-06 
    Cycle 80   9.034358e-06    0.942850     9.034358e-06 
    Cycle 81   8.519481e-06    0.943009     8.519481e-06 
    Cycle 82   8.035275e-06    0.943165     8.035275e-06 
    Cycle 83   7.579818e-06    0.943318     7.579818e-06 
    Cycle 84   7.151314e-06    0.943468     7.151314e-06 
    Cycle 85   6.748089e-06    0.943615     6.748089e-06 
    Cycle 86   6.368574e-06    0.943760     6.368574e-06 
    Cycle 87   6.011308e-06    0.943902     6.011308e-06 
    Cycle 88   5.674921e-06    0.944041     5.674921e-06 
    Cycle 89   5.358134e-06    0.944178     5.358134e-06 
    Cycle 90   5.059750e-06    0.944312     5.059750e-06 
    Cycle 91   4.778649e-06    0.944444     4.778649e-06 
    Cycle 92   4.513782e-06    0.944573     4.513782e-06 
    Cycle 93   4.264169e-06    0.944700     4.264169e-06 
    Cycle 94   4.028891e-06    0.944824     4.028891e-06 
    Cycle 95   3.807087e-06    0.944947     3.807087e-06 
    Cycle 96   3.597951e-06    0.945067     3.597951e-06 
    Cycle 97   3.400727e-06    0.945184     3.400727e-06 
    Cycle 98   3.214708e-06    0.945300     3.214708e-06 
    Cycle 99   3.039228e-06    0.945414     3.039228e-06 
    Cycle 100   2.873666e-06    0.945525     2.873666e-06 


==============================================
 NOTE: Convergence tolerance was not achieved
      within the allowed 100 V-cycles
==============================================

 Average Convergence Factor = 0.824621

     Complexity:    grid = 1.742280
                operator = 6.025062
                   cycle = 12.050125



=============================================
Solve phase times:
=============================================
BoomerAMG Solve:
  wall clock time = 208.010000 seconds
  wall MFLOPS     = 0.000000
  cpu clock time  = 207.910000 seconds
  cpu MFLOPS      = 0.000000

Running with these driver parameters:
  solver ID    = 0

Reading the mesh....................done.

 Levels 1-3
============

 Levels 4-6
============

 Levels 7-9
============

 Levels 10-10
============
Creating the ParFESpace.............done.
Assembling the matrix...............done.
Assembling the rhs..................done.
Finalizing the matrix...............done.
Creating the HypreParMatrix.........done.
Creating the RHS HypreParVector.....done.
=============================================
aFEM problem generation times:
=============================================
aFEM problem generation:
  wall clock time = 46.890000 seconds
  wall MFLOPS     = 0.000000
  cpu clock time  = 46.870000 seconds
  cpu MFLOPS      = 0.000000

=============================================
IJ Matrix Setup:
=============================================
Spatial operator:
  wall clock time = 1.120000 seconds
  wall MFLOPS     = 0.000000
  cpu clock time  = 1.120000 seconds
  cpu MFLOPS      = 0.000000

  RHS vector is 0
  Initial guess has unit components
=============================================
IJ Vector Setup:
=============================================
RHS and Initial Guess:
  wall clock time = 0.110000 seconds
  wall MFLOPS     = 0.000000
  cpu clock time  = 0.110000 seconds
  cpu MFLOPS      = 0.000000

Solver:  AMG

BoomerAMG SETUP PARAMETERS:

 Max levels = 25
 Num levels = 21

 Strength Threshold = 0.250000
 Interpolation Truncation Factor = 0.000000
 Maximum Row Sum Threshold for Dependency Weakening = 1.000000

 Coarsening Type = CLJP-c 
 Hybrid Coarsening (switch to CLJP when coarsening slows)
 measures are determined locally


Operator Matrix Information:

            nonzero         entries per row        row sums
lev   rows  entries  sparse  min  max   avg       min         max
===================================================================
 0 29399554 400350840  0.000     1   51  13.6  -7.911e-03   4.000e+00
 1 10298814 278389486  0.000     3   94  27.0  -5.085e-03   2.001e+00
 2 5287517 321157563  0.000     3  217  60.7  -4.073e-03   2.002e+00
 3 2850507 339758352  0.000     4  392  119.2  -3.532e-03   2.001e+00
 4 1562590 319756380  0.000    10  557  204.6  -3.195e-03   2.002e+00
 5  867509 275555769  0.000    12  887  317.6  -1.772e-03   1.607e-02
 6  483323 220172897  0.001    22 1201  455.5  -9.497e-04   1.677e-02
 7  267666 163421300  0.002    62 1665  610.5  -4.186e-04   1.479e-02
 8  146447 113068949  0.005    78 1869  772.1  -2.201e-04   1.532e-02
 9   78257 72211653  0.012    89 2012  922.8  -8.097e-05   1.016e-02
10   40709 41908719  0.025   126 2121  1029.5  -2.109e-05   1.141e-02
11   20416 21662320  0.052   167 2027  1061.0   8.637e-07   1.331e-02
12    9730  9428424  0.100   213 1814  969.0   1.606e-05   1.553e-02
13    4272  3272540  0.179   186 1381  766.0   1.082e-04   2.524e-02
14    1758   957910  0.310   140 1052  544.9   3.360e-04   3.537e-02
15     645   206973  0.498   123  545  320.9   6.242e-04   5.405e-02
16     214    32726  0.715    76  213  152.9   2.771e-03   6.840e-02
17      62     3484  0.906    38   62  56.2   6.074e-03   7.402e-02
18      22      480  0.992    20   22  21.8   1.080e-02   6.290e-02
19      10      100  1.000    10   10  10.0   1.384e-02   6.340e-02
20       3        9  1.000     3    3   3.0   3.173e-02   3.734e-02


Interpolation Matrix Information:

                 entries/row    min     max         row sums
lev  rows cols    min max     weight   weight     min       max 
=================================================================
 0 29399554 x 10298814   0  13   5.412e-06 1.066e+00 0.000e+00 1.466e+00
 1 10298814 x 5287517   1  18   5.390e-08 1.199e+00 3.105e-07 1.458e+00
 2 5287517 x 2850507   1  17   6.816e-08 1.301e+00 2.161e-07 1.694e+00
 3 2850507 x 1562590   1  21   1.012e-05 1.529e+00 2.531e-05 1.651e+00
 4 1562590 x 867509   1  20   2.766e-05 1.178e+00 1.797e-04 1.357e+00
 5 867509 x 483323   1  21   1.553e-03 1.233e+00 1.096e-02 1.233e+00
 6 483323 x 267666   1  24   3.511e-03 1.160e+00 3.791e-02 1.160e+00
 7 267666 x 146447   1  24   3.184e-03 1.062e+00 2.465e-02 1.062e+00
 8 146447 x 78257   1  27   1.895e-03 1.016e+00 1.326e-02 1.029e+00
 9 78257 x 40709   1  27   5.053e-03 1.012e+00 1.800e-02 1.012e+00
10 40709 x 20416   1  29   3.491e-03 1.000e-00 4.419e-02 1.006e+00
11 20416 x 9730    1  31   5.989e-03 9.997e-01 4.306e-02 1.000e+00
12  9730 x 4272    1  32   6.966e-03 9.947e-01 5.166e-02 1.000e+00
13  4272 x 1758    1  28   7.684e-03 9.756e-01 3.646e-02 1.000e+00
14  1758 x 645     1  18   6.175e-03 8.952e-01 3.225e-02 1.000e+00
15   645 x 214     1  17   3.334e-03 8.335e-01 2.731e-02 1.000e+00
16   214 x 62      1   7   8.131e-03 7.186e-01 2.556e-02 1.000e+00
17    62 x 22      1   6   8.961e-04 1.729e-01 8.460e-03 1.000e+00
18    22 x 10      1   5   3.810e-04 7.401e-02 1.060e-03 1.000e+00
19    10 x 3       1   2   5.172e-04 4.856e-02 1.184e-03 1.000e+00


     Complexity:    grid = 1.745606
                operator = 6.447637




BoomerAMG SOLVER PARAMETERS:

  Maximum number of cycles:         100 
  Stopping Tolerance:               1.000000e-100 
  Cycle type (1 = V, 2 = W, etc.):  1

  Relaxation Parameters:
   Visiting Grid:                     fine  down   up  coarse
            Number of partial sweeps:   2     2    2     1 
   Type 0=Jac, 1=GS, 3=Hybrid 9=GE:     3     3    3     9 
   Point types, partial sweeps (1=C, -1=F):
                               Finest grid:   1  -1
                  Pre-CG relaxation (down):   1  -1
                   Post-CG relaxation (up):  -1   1
                             Coarsest grid:   0

=============================================
Setup phase times:
=============================================
BoomerAMG Setup:
  wall clock time = 73.700000 seconds
  wall MFLOPS     = 0.000000
  cpu clock time  = 74.600000 seconds
  cpu MFLOPS      = 0.000000



BoomerAMG SOLVER PARAMETERS:

  Maximum number of cycles:         100 
  Stopping Tolerance:               1.000000e-100 
  Cycle type (1 = V, 2 = W, etc.):  1

  Relaxation Parameters:
   Visiting Grid:                     fine  down   up  coarse
            Number of partial sweeps:   2     2    2     1 
   Type 0=Jac, 1=GS, 3=Hybrid 9=GE:     3     3    3     9 
   Point types, partial sweeps (1=C, -1=F):
                               Finest grid:   1  -1
                  Pre-CG relaxation (down):   1  -1
                   Post-CG relaxation (up):  -1   1
                             Coarsest grid:   0

 Output flag (print_level): 3 


AMG SOLUTION INFO:
                                            relative
               residual        factor       residual
               --------        ------       --------
    Initial    6.807445e+02                 6.807445e+02
    Cycle  1   8.092678e-02    0.000119     8.092678e-02 
    Cycle  2   1.546453e-02    0.191093     1.546453e-02 
    Cycle  3   8.380128e-03    0.541894     8.380128e-03 
    Cycle  4   5.548180e-03    0.662064     5.548180e-03 
    Cycle  5   3.979451e-03    0.717253     3.979451e-03 
    Cycle  6   3.015470e-03    0.757760     3.015470e-03 
    Cycle  7   2.384991e-03    0.790918     2.384991e-03 
    Cycle  8   1.951678e-03    0.818317     1.951678e-03 
    Cycle  9   1.640448e-03    0.840532     1.640448e-03 
    Cycle 10   1.407732e-03    0.858139     1.407732e-03 
    Cycle 11   1.227347e-03    0.871861     1.227347e-03 
    Cycle 12   1.083099e-03    0.882472     1.083099e-03 
    Cycle 13   9.647001e-04    0.890685     9.647001e-04 
    Cycle 14   8.654215e-04    0.897089     8.654215e-04 
    Cycle 15   7.807343e-04    0.902143     7.807343e-04 
    Cycle 16   7.074956e-04    0.906192     7.074956e-04 
    Cycle 17   6.434586e-04    0.909488     6.434586e-04 
    Cycle 18   5.869709e-04    0.912212     5.869709e-04 
    Cycle 19   5.367846e-04    0.914499     5.367846e-04 
    Cycle 20   4.919342e-04    0.916446     4.919342e-04 
    Cycle 21   4.516571e-04    0.918125     4.516571e-04 
    Cycle 22   4.153392e-04    0.919590     4.153392e-04 
    Cycle 23   3.824780e-04    0.920881     3.824780e-04 
    Cycle 24   3.526567e-04    0.922031     3.526567e-04 
    Cycle 25   3.255249e-04    0.923065     3.255249e-04 
    Cycle 26   3.007852e-04    0.924001     3.007852e-04 
    Cycle 27   2.781828e-04    0.924855     2.781828e-04 
    Cycle 28   2.574973e-04    0.925641     2.574973e-04 
    Cycle 29   2.385371e-04    0.926368     2.385371e-04 
    Cycle 30   2.211345e-04    0.927044     2.211345e-04 
    Cycle 31   2.051416e-04    0.927678     2.051416e-04 
    Cycle 32   1.904277e-04    0.928274     1.904277e-04 
    Cycle 33   1.768766e-04    0.928839     1.768766e-04 
    Cycle 34   1.643846e-04    0.929375     1.643846e-04 
    Cycle 35   1.528590e-04    0.929886     1.528590e-04 
    Cycle 36   1.422163e-04    0.930376     1.422163e-04 
    Cycle 37   1.323815e-04    0.930846     1.323815e-04 
    Cycle 38   1.232868e-04    0.931300     1.232868e-04 
    Cycle 39   1.148710e-04    0.931738     1.148710e-04 
    Cycle 40   1.070785e-04    0.932163     1.070785e-04 
    Cycle 41   9.985879e-05    0.932575     9.985879e-05 
    Cycle 42   9.316594e-05    0.932977     9.316594e-05 
    Cycle 43   8.695815e-05    0.933368     8.695815e-05 
    Cycle 44   8.119723e-05    0.933751     8.119723e-05 
    Cycle 45   7.584833e-05    0.934125     7.584833e-05 
    Cycle 46   7.087956e-05    0.934491     7.087956e-05 
    Cycle 47   6.626173e-05    0.934850     6.626173e-05 
    Cycle 48   6.196809e-05    0.935202     6.196809e-05 
    Cycle 49   5.797411e-05    0.935548     5.797411e-05 
    Cycle 50   5.425727e-05    0.935888     5.425727e-05 
    Cycle 51   5.079686e-05    0.936222     5.079686e-05 
    Cycle 52   4.757387e-05    0.936551     4.757387e-05 
    Cycle 53   4.457079e-05    0.936875     4.457079e-05 
    Cycle 54   4.177151e-05    0.937195     4.177151e-05 
    Cycle 55   3.916117e-05    0.937509     3.916117e-05 
    Cycle 56   3.672610e-05    0.937819     3.672610e-05 
    Cycle 57   3.445366e-05    0.938125     3.445366e-05 
    Cycle 58   3.233221e-05    0.938426     3.233221e-05 
    Cycle 59   3.035099e-05    0.938723     3.035099e-05 
    Cycle 60   2.850007e-05    0.939016     2.850007e-05 
    Cycle 61   2.677026e-05    0.939305     2.677026e-05 
    Cycle 62   2.515308e-05    0.939590     2.515308e-05 
    Cycle 63   2.364065e-05    0.939871     2.364065e-05 
    Cycle 64   2.222572e-05    0.940148     2.222572e-05 
    Cycle 65   2.090156e-05    0.940422     2.090156e-05 
    Cycle 66   1.966192e-05    0.940691     1.966192e-05 
    Cycle 67   1.850102e-05    0.940957     1.850102e-05 
    Cycle 68   1.741352e-05    0.941219     1.741352e-05 
    Cycle 69   1.639444e-05    0.941478     1.639444e-05 
    Cycle 70   1.543917e-05    0.941732     1.543917e-05 
    Cycle 71   1.454344e-05    0.941983     1.454344e-05 
    Cycle 72   1.370327e-05    0.942230     1.370327e-05 
    Cycle 73   1.291497e-05    0.942474     1.291497e-05 
    Cycle 74   1.217511e-05    0.942713     1.217511e-05 
    Cycle 75   1.148051e-05    0.942949     1.148051e-05 
    Cycle 76   1.082821e-05    0.943182     1.082821e-05 
    Cycle 77   1.021545e-05    0.943410     1.021545e-05 
    Cycle 78   9.639660e-06    0.943636     9.639660e-06 
    Cycle 79   9.098460e-06    0.943857     9.098460e-06 
    Cycle 80   8.589626e-06    0.944075     8.589626e-06 
    Cycle 81   8.111088e-06    0.944289     8.111088e-06 
    Cycle 82   7.660917e-06    0.944499     7.660917e-06 
    Cycle 83   7.237317e-06    0.944706     7.237317e-06 
    Cycle 84   6.838610e-06    0.944910     6.838610e-06 
    Cycle 85   6.463235e-06    0.945109     6.463235e-06 
    Cycle 86   6.109732e-06    0.945306     6.109732e-06 
    Cycle 87   5.776741e-06    0.945498     5.776741e-06 
    Cycle 88   5.462991e-06    0.945687     5.462991e-06 
    Cycle 89   5.167296e-06    0.945873     5.167296e-06 
    Cycle 90   4.888548e-06    0.946055     4.888548e-06 
    Cycle 91   4.625711e-06    0.946234     4.625711e-06 
    Cycle 92   4.377817e-06    0.946409     4.377817e-06 
    Cycle 93   4.143960e-06    0.946581     4.143960e-06 
    Cycle 94   3.923295e-06    0.946750     3.923295e-06 
    Cycle 95   3.715028e-06    0.946915     3.715028e-06 
    Cycle 96   3.518419e-06    0.947077     3.518419e-06 
    Cycle 97   3.332774e-06    0.947236     3.332774e-06 
    Cycle 98   3.157443e-06    0.947392     3.157443e-06 
    Cycle 99   2.991817e-06    0.947544     2.991817e-06 
    Cycle 100   2.835326e-06    0.947693     2.835326e-06 


==============================================
 NOTE: Convergence tolerance was not achieved
      within the allowed 100 V-cycles
==============================================

 Average Convergence Factor = 0.824510

     Complexity:    grid = 1.745606
                operator = 6.447637
                   cycle = 12.895274



=============================================
Solve phase times:
=============================================
BoomerAMG Solve:
  wall clock time = 216.140000 seconds
  wall MFLOPS     = 0.000000
  cpu clock time  = 216.160000 seconds
  cpu MFLOPS      = 0.000000

