Warning: no access to tty (Bad file descriptor).
Thus no job control in this shell.
mcr332
LCRM job id = 1748
Running with these driver parameters:
  solver ID    = 0

Reading the mesh....................done.

 Levels 1-3
============

 Levels 4-6
============

 Levels 7-8
============
Creating the ParFESpace.............done.
Assembling the matrix...............done.
Assembling the rhs..................done.
Finalizing the matrix...............done.
Creating the HypreParMatrix.........done.
Creating the RHS HypreParVector.....done.
=============================================
aFEM problem generation times:
=============================================
aFEM problem generation:
  wall clock time = 37.860000 seconds
  wall MFLOPS     = 0.000000
  cpu clock time  = 37.810000 seconds
  cpu MFLOPS      = 0.000000

=============================================
IJ Matrix Setup:
=============================================
Spatial operator:
  wall clock time = 1.100000 seconds
  wall MFLOPS     = 0.000000
  cpu clock time  = 1.070000 seconds
  cpu MFLOPS      = 0.000000

  RHS vector is 0
  Initial guess has unit components
=============================================
IJ Vector Setup:
=============================================
RHS and Initial Guess:
  wall clock time = 0.110000 seconds
  wall MFLOPS     = 0.000000
  cpu clock time  = 0.110000 seconds
  cpu MFLOPS      = 0.000000

Solver:  AMG

BoomerAMG SETUP PARAMETERS:

 Max levels = 25
 Num levels = 20

 Strength Threshold = 0.250000
 Interpolation Truncation Factor = 0.000000
 Maximum Row Sum Threshold for Dependency Weakening = 1.000000

 Coarsening Type = Falgout-CLJP 
 Hybrid Coarsening (switch to CLJP when coarsening slows)
 measures are determined locally


Operator Matrix Information:

            nonzero         entries per row        row sums
lev   rows  entries  sparse  min  max   avg       min         max
===================================================================
 0 7847021 104572801  0.000     1   51  13.3  -1.234e-02   4.000e+00
 1 3414622 91278830  0.000     2   92  26.7  -1.317e-02   2.224e-02
 2 1930121 104262311  0.000     2  203  54.0  -1.226e-02   2.596e-02
 3 1128061 115918579  0.000     4  351  102.8  -6.412e-03   2.501e-02
 4  657962 115598284  0.000     5  622  175.7  -5.943e-03   2.543e-02
 5  378995 103812737  0.001     6  712  273.9  -5.486e-03   2.061e-02
 6  213518 84372386  0.002    21 1009  395.2  -1.978e-03   2.069e-02
 7  117140 62245202  0.005    31 1240  531.4  -1.070e-03   2.097e-02
 8   62861 42077275  0.011    36 1521  669.4  -2.518e-04   1.845e-02
 9   32941 25978959  0.024    61 1682  788.7  -2.854e-05   1.855e-02
10   16778 14189290  0.050    88 1652  845.7   2.896e-07   2.010e-02
11    8354  6886202  0.099   169 1587  824.3   1.007e-05   2.246e-02
12    3974  2777502  0.176   149 1362  698.9   7.377e-05   3.098e-02
13    1866  1027390  0.295   129 1091  550.6   2.115e-04   3.528e-02
14     831   311699  0.451    84  697  375.1   6.905e-04   4.471e-02
15     330    70252  0.645    96  321  212.9   1.162e-03   6.016e-02
16     120    11860  0.824    57  120  98.8   5.248e-03   6.451e-02
17      41     1563  0.930    23   41  38.1   9.002e-03   7.279e-02
18      15      225  1.000    15   15  15.0   1.249e-02   7.519e-02
19       5       25  1.000     5    5   5.0   1.265e-02   7.013e-02


Interpolation Matrix Information:

                 entries/row    min     max         row sums
lev  rows cols    min max     weight   weight     min       max 
=================================================================
 0 7847021 x 3414622   0  15   2.500e-03 1.118e+00 0.000e+00 1.503e+00
 1 3414622 x 1930121   1  17   2.701e-03 1.302e+00 4.234e-02 1.783e+00
 2 1930121 x 1128061   1  17   8.661e-03 1.441e+00 1.876e-02 1.764e+00
 3 1128061 x 657962   1  19   6.247e-03 1.638e+00 5.561e-02 2.097e+00
 4 657962 x 378995   1  21   4.984e-03 1.242e+00 3.297e-02 1.453e+00
 5 378995 x 213518   1  19   3.629e-03 1.280e+00 1.585e-02 1.389e+00
 6 213518 x 117140   1  20   2.662e-03 1.163e+00 2.031e-02 1.198e+00
 7 117140 x 62861   1  22   2.767e-03 1.015e+00 1.537e-02 1.058e+00
 8 62861 x 32941   1  23   3.927e-03 1.014e+00 2.202e-02 1.014e+00
 9 32941 x 16778   1  27   1.992e-03 1.000e+00 1.763e-02 1.004e+00
10 16778 x 8354    1  26   1.574e-03 1.000e-00 1.304e-02 1.000e+00
11  8354 x 3974    1  28   4.591e-03 9.985e-01 2.872e-02 1.000e+00
12  3974 x 1866    1  23   3.271e-03 9.855e-01 2.575e-02 1.000e+00
13  1866 x 831     1  20   8.072e-03 9.445e-01 3.354e-02 1.000e+00
14   831 x 330     1  20   5.147e-03 8.629e-01 2.020e-02 1.000e+00
15   330 x 120     1  10   6.566e-03 7.811e-01 2.473e-02 1.000e+00
16   120 x 41      1   6   4.676e-03 6.716e-01 2.224e-02 1.000e+00
17    41 x 15      1   4   7.785e-04 1.162e-01 1.568e-03 1.000e+00
18    15 x 5       1   2   1.826e-04 5.125e-02 1.826e-04 1.000e+00


     Complexity:    grid = 2.015485
                operator = 8.371138




BoomerAMG SOLVER PARAMETERS:

  Maximum number of cycles:         100 
  Stopping Tolerance:               1.000000e-100 
  Cycle type (1 = V, 2 = W, etc.):  1

  Relaxation Parameters:
   Visiting Grid:                     fine  down   up  coarse
            Number of partial sweeps:   2     2    2     1 
   Type 0=Jac, 1=GS, 3=Hybrid 9=GE:     3     3    3     9 
   Point types, partial sweeps (1=C, -1=F):
                               Finest grid:   1  -1
                  Pre-CG relaxation (down):   1  -1
                   Post-CG relaxation (up):  -1   1
                             Coarsest grid:   0

=============================================
Setup phase times:
=============================================
BoomerAMG Setup:
  wall clock time = 59.950000 seconds
  wall MFLOPS     = 0.000000
  cpu clock time  = 60.870000 seconds
  cpu MFLOPS      = 0.000000



BoomerAMG SOLVER PARAMETERS:

  Maximum number of cycles:         100 
  Stopping Tolerance:               1.000000e-100 
  Cycle type (1 = V, 2 = W, etc.):  1

  Relaxation Parameters:
   Visiting Grid:                     fine  down   up  coarse
            Number of partial sweeps:   2     2    2     1 
   Type 0=Jac, 1=GS, 3=Hybrid 9=GE:     3     3    3     9 
   Point types, partial sweeps (1=C, -1=F):
                               Finest grid:   1  -1
                  Pre-CG relaxation (down):   1  -1
                   Post-CG relaxation (up):  -1   1
                             Coarsest grid:   0

 Output flag (print_level): 3 


AMG SOLUTION INFO:
                                            relative
               residual        factor       residual
               --------        ------       --------
    Initial    4.173548e+02                 4.173548e+02
    Cycle  1   8.009175e-02    0.000192     8.009175e-02 
    Cycle  2   1.659606e-02    0.207213     1.659606e-02 
    Cycle  3   8.166380e-03    0.492068     8.166380e-03 
    Cycle  4   5.124370e-03    0.627496     5.124370e-03 
    Cycle  5   3.591741e-03    0.700914     3.591741e-03 
    Cycle  6   2.687107e-03    0.748135     2.687107e-03 
    Cycle  7   2.097537e-03    0.780593     2.097537e-03 
    Cycle  8   1.686019e-03    0.803809     1.686019e-03 
    Cycle  9   1.384062e-03    0.820905     1.384062e-03 
    Cycle 10   1.154026e-03    0.833796     1.154026e-03 
    Cycle 11   9.736880e-04    0.843731     9.736880e-04 
    Cycle 12   8.291497e-04    0.851556     8.291497e-04 
    Cycle 13   7.112879e-04    0.857852     7.112879e-04 
    Cycle 14   6.138593e-04    0.863025     6.138593e-04 
    Cycle 15   5.324353e-04    0.867357     5.324353e-04 
    Cycle 16   4.637762e-04    0.871047     4.637762e-04 
    Cycle 17   4.054497e-04    0.874236     4.054497e-04 
    Cycle 18   3.555897e-04    0.877025     3.555897e-04 
    Cycle 19   3.127379e-04    0.879491     3.127379e-04 
    Cycle 20   2.757373e-04    0.881688     2.757373e-04 
    Cycle 21   2.436580e-04    0.883660     2.436580e-04 
    Cycle 22   2.157445e-04    0.885440     2.157445e-04 
    Cycle 23   1.913771e-04    0.887054     1.913771e-04 
    Cycle 24   1.700435e-04    0.888526     1.700435e-04 
    Cycle 25   1.513170e-04    0.889872     1.513170e-04 
    Cycle 26   1.348399e-04    0.891109     1.348399e-04 
    Cycle 27   1.203106e-04    0.892248     1.203106e-04 
    Cycle 28   1.074735e-04    0.893301     1.074735e-04 
    Cycle 29   9.611111e-05    0.894277     9.611111e-05 
    Cycle 30   8.603725e-05    0.895185     8.603725e-05 
    Cycle 31   7.709216e-05    0.896032     7.709216e-05 
    Cycle 32   6.913815e-05    0.896825     6.913815e-05 
    Cycle 33   6.205617e-05    0.897568     6.205617e-05 
    Cycle 34   5.574298e-05    0.898266     5.574298e-05 
    Cycle 35   5.010876e-05    0.898925     5.010876e-05 
    Cycle 36   4.507521e-05    0.899547     4.507521e-05 
    Cycle 37   4.057385e-05    0.900137     4.057385e-05 
    Cycle 38   3.654472e-05    0.900696     3.654472e-05 
    Cycle 39   3.293515e-05    0.901228     3.293515e-05 
    Cycle 40   2.969880e-05    0.901736     2.969880e-05 
    Cycle 41   2.679485e-05    0.902220     2.679485e-05 
    Cycle 42   2.418726e-05    0.902683     2.418726e-05 
    Cycle 43   2.184417e-05    0.903127     2.184417e-05 
    Cycle 44   1.973737e-05    0.903553     1.973737e-05 
    Cycle 45   1.784185e-05    0.903963     1.784185e-05 
    Cycle 46   1.613540e-05    0.904357     1.613540e-05 
    Cycle 47   1.459829e-05    0.904737     1.459829e-05 
    Cycle 48   1.321297e-05    0.905104     1.321297e-05 
    Cycle 49   1.196379e-05    0.905458     1.196379e-05 
    Cycle 50   1.083680e-05    0.905801     1.083680e-05 
    Cycle 51   9.819578e-06    0.906132     9.819578e-06 
    Cycle 52   8.900994e-06    0.906454     8.900994e-06 
    Cycle 53   8.071115e-06    0.906766     8.071115e-06 
    Cycle 54   7.321054e-06    0.907068     7.321054e-06 
    Cycle 55   6.642850e-06    0.907363     6.642850e-06 
    Cycle 56   6.029373e-06    0.907649     6.029373e-06 
    Cycle 57   5.474229e-06    0.907927     5.474229e-06 
    Cycle 58   4.971681e-06    0.908197     4.971681e-06 
    Cycle 59   4.516579e-06    0.908461     4.516579e-06 
    Cycle 60   4.104298e-06    0.908718     4.104298e-06 
    Cycle 61   3.730678e-06    0.908969     3.730678e-06 
    Cycle 62   3.391981e-06    0.909213     3.391981e-06 
    Cycle 63   3.084843e-06    0.909452     3.084843e-06 
    Cycle 64   2.806233e-06    0.909684     2.806233e-06 
    Cycle 65   2.553423e-06    0.909911     2.553423e-06 
    Cycle 66   2.323955e-06    0.910133     2.323955e-06 
    Cycle 67   2.115613e-06    0.910350     2.115613e-06 
    Cycle 68   1.926397e-06    0.910562     1.926397e-06 
    Cycle 69   1.754502e-06    0.910769     1.754502e-06 
    Cycle 70   1.598301e-06    0.910971     1.598301e-06 
    Cycle 71   1.456323e-06    0.911169     1.456323e-06 
    Cycle 72   1.327238e-06    0.911363     1.327238e-06 
    Cycle 73   1.209846e-06    0.911552     1.209846e-06 
    Cycle 74   1.103062e-06    0.911737     1.103062e-06 
    Cycle 75   1.005902e-06    0.911918     1.005902e-06 
    Cycle 76   9.174784e-07    0.912095     9.174784e-07 
    Cycle 77   8.369868e-07    0.912269     8.369868e-07 
    Cycle 78   7.636988e-07    0.912438     7.636988e-07 
    Cycle 79   6.969549e-07    0.912604     6.969549e-07 
    Cycle 80   6.361573e-07    0.912767     6.361573e-07 
    Cycle 81   5.807646e-07    0.912926     5.807646e-07 
    Cycle 82   5.302855e-07    0.913082     5.302855e-07 
    Cycle 83   4.842748e-07    0.913234     4.842748e-07 
    Cycle 84   4.423285e-07    0.913383     4.423285e-07 
    Cycle 85   4.040801e-07    0.913529     4.040801e-07 
    Cycle 86   3.691969e-07    0.913673     3.691969e-07 
    Cycle 87   3.373768e-07    0.913813     3.373768e-07 
    Cycle 88   3.083455e-07    0.913950     3.083455e-07 
    Cycle 89   2.818537e-07    0.914084     2.818537e-07 
    Cycle 90   2.576751e-07    0.914216     2.576751e-07 
    Cycle 91   2.356038e-07    0.914345     2.356038e-07 
    Cycle 92   2.154528e-07    0.914471     2.154528e-07 
    Cycle 93   1.970519e-07    0.914594     1.970519e-07 
    Cycle 94   1.802465e-07    0.914716     1.802465e-07 
    Cycle 95   1.648957e-07    0.914834     1.648957e-07 
    Cycle 96   1.508714e-07    0.914951     1.508714e-07 
    Cycle 97   1.380570e-07    0.915064     1.380570e-07 
    Cycle 98   1.263465e-07    0.915176     1.263465e-07 
    Cycle 99   1.156431e-07    0.915286     1.156431e-07 
    Cycle 100   1.058589e-07    0.915393     1.058589e-07 


==============================================
 NOTE: Convergence tolerance was not achieved
      within the allowed 100 V-cycles
==============================================

 Average Convergence Factor = 0.801756

     Complexity:    grid = 2.015485
                operator = 8.371138
                   cycle = 16.742276



=============================================
Solve phase times:
=============================================
BoomerAMG Solve:
  wall clock time = 246.380000 seconds
  wall MFLOPS     = 0.000000
  cpu clock time  = 246.350000 seconds
  cpu MFLOPS      = 0.000000

Running with these driver parameters:
  solver ID    = 0

Reading the mesh....................done.

 Levels 1-3
============

 Levels 4-6
============

 Levels 7-8
============
Creating the ParFESpace.............done.
Assembling the matrix...............done.
Assembling the rhs..................done.
Finalizing the matrix...............done.
Creating the HypreParMatrix.........done.
Creating the RHS HypreParVector.....done.
=============================================
aFEM problem generation times:
=============================================
aFEM problem generation:
  wall clock time = 36.920000 seconds
  wall MFLOPS     = 0.000000
  cpu clock time  = 36.910000 seconds
  cpu MFLOPS      = 0.000000

=============================================
IJ Matrix Setup:
=============================================
Spatial operator:
  wall clock time = 1.050000 seconds
  wall MFLOPS     = 0.000000
  cpu clock time  = 1.050000 seconds
  cpu MFLOPS      = 0.000000

  RHS vector is 0
  Initial guess has unit components
=============================================
IJ Vector Setup:
=============================================
RHS and Initial Guess:
  wall clock time = 0.090000 seconds
  wall MFLOPS     = 0.000000
  cpu clock time  = 0.090000 seconds
  cpu MFLOPS      = 0.000000

Solver:  AMG

BoomerAMG SETUP PARAMETERS:

 Max levels = 25
 Num levels = 19

 Strength Threshold = 0.250000
 Interpolation Truncation Factor = 0.000000
 Maximum Row Sum Threshold for Dependency Weakening = 1.000000

 Coarsening Type = Cleary-Luby-Jones-Plassman

Operator Matrix Information:

            nonzero         entries per row        row sums
lev   rows  entries  sparse  min  max   avg       min         max
===================================================================
 0 7847021 104572801  0.000     1   51  13.3  -1.234e-02   4.000e+00
 1 2937510 71618484  0.000     4   90  24.4  -1.320e-02   2.214e-02
 2 1545958 82508900  0.000     4  177  53.4  -9.254e-03   2.693e-02
 3  851712 90477990  0.000     5  317  106.2  -6.032e-03   2.767e-02
 4  471636 86873140  0.000    13  500  184.2  -5.848e-03   2.493e-02
 5  261648 74725964  0.001    20  703  285.6  -3.496e-03   2.510e-02
 6  144473 58560405  0.003    35  957  405.3  -2.242e-03   2.362e-02
 7   79169 42260315  0.007    57 1275  533.8  -1.578e-03   2.626e-02
 8   42614 27830946  0.015   105 1470  653.1  -1.485e-03   2.688e-02
 9   22182 16302844  0.033   133 1462  735.0  -2.260e-05   1.762e-02
10   11249  8521857  0.067   172 1369  757.6   3.303e-06   1.440e-02
11    5425  3721955  0.126   163 1216  686.1   6.110e-05   1.868e-02
12    2453  1335797  0.222   166 1002  544.6   2.606e-04   2.404e-02
13     998   362294  0.364   118  653  363.0   7.720e-04   2.658e-02
14     375    76721  0.546    79  351  204.6   2.271e-03   3.712e-02
15     127    12867  0.798    61  127  101.3   4.876e-03   4.790e-02
16      41     1613  0.960    29   41  39.3   7.967e-03   5.444e-02
17      17      289  1.000    17   17  17.0   8.801e-03   5.641e-02
18       7       49  1.000     7    7   7.0   9.014e-03   5.690e-02


Interpolation Matrix Information:

                 entries/row    min     max         row sums
lev  rows cols    min max     weight   weight     min       max 
=================================================================
 0 7847021 x 2937510   0  13   2.500e-03 1.052e+00 0.000e+00 1.459e+00
 1 2937510 x 1545958   1  15   4.842e-03 1.209e+00 1.503e-02 1.589e+00
 2 1545958 x 851712   1  19   1.120e-02 1.231e+00 5.030e-02 1.511e+00
 3 851712 x 471636   1  17   7.186e-03 1.319e+00 6.335e-02 1.479e+00
 4 471636 x 261648   1  18   4.846e-03 1.245e+00 4.868e-02 1.332e+00
 5 261648 x 144473   1  19   5.566e-03 1.269e+00 4.049e-02 1.652e+00
 6 144473 x 79169   1  21   4.080e-03 1.141e+00 2.669e-02 1.164e+00
 7 79169 x 42614   1  22   4.093e-03 1.024e+00 2.489e-02 1.061e+00
 8 42614 x 22182   1  24   3.681e-03 1.025e+00 3.234e-02 1.030e+00
 9 22182 x 11249   1  23   2.267e-03 1.000e-00 2.605e-02 1.000e+00
10 11249 x 5425    1  26   6.059e-03 9.991e-01 4.938e-02 1.000e+00
11  5425 x 2453    1  24   5.892e-03 9.922e-01 4.513e-02 1.000e+00
12  2453 x 998     1  22   7.843e-03 9.734e-01 6.490e-02 1.000e+00
13   998 x 375     1  16   9.738e-03 9.138e-01 5.121e-02 1.000e+00
14   375 x 127     1  11   6.942e-03 8.378e-01 2.888e-02 1.000e+00
15   127 x 41      1   8   2.636e-03 6.977e-01 1.407e-02 1.000e+00
16    41 x 17      1   4   2.070e-03 1.357e-01 1.340e-02 1.000e+00
17    17 x 7       1   3   5.390e-04 6.135e-02 1.263e-03 1.000e+00


     Complexity:    grid = 1.812741
                operator = 6.404775




BoomerAMG SOLVER PARAMETERS:

  Maximum number of cycles:         100 
  Stopping Tolerance:               1.000000e-100 
  Cycle type (1 = V, 2 = W, etc.):  1

  Relaxation Parameters:
   Visiting Grid:                     fine  down   up  coarse
            Number of partial sweeps:   2     2    2     1 
   Type 0=Jac, 1=GS, 3=Hybrid 9=GE:     3     3    3     9 
   Point types, partial sweeps (1=C, -1=F):
                               Finest grid:   1  -1
                  Pre-CG relaxation (down):   1  -1
                   Post-CG relaxation (up):  -1   1
                             Coarsest grid:   0

=============================================
Setup phase times:
=============================================
BoomerAMG Setup:
  wall clock time = 45.720000 seconds
  wall MFLOPS     = 0.000000
  cpu clock time  = 46.290000 seconds
  cpu MFLOPS      = 0.000000



BoomerAMG SOLVER PARAMETERS:

  Maximum number of cycles:         100 
  Stopping Tolerance:               1.000000e-100 
  Cycle type (1 = V, 2 = W, etc.):  1

  Relaxation Parameters:
   Visiting Grid:                     fine  down   up  coarse
            Number of partial sweeps:   2     2    2     1 
   Type 0=Jac, 1=GS, 3=Hybrid 9=GE:     3     3    3     9 
   Point types, partial sweeps (1=C, -1=F):
                               Finest grid:   1  -1
                  Pre-CG relaxation (down):   1  -1
                   Post-CG relaxation (up):  -1   1
                             Coarsest grid:   0

 Output flag (print_level): 3 


AMG SOLUTION INFO:
                                            relative
               residual        factor       residual
               --------        ------       --------
    Initial    4.173548e+02                 4.173548e+02
    Cycle  1   7.697202e-02    0.000184     7.697202e-02 
    Cycle  2   1.604883e-02    0.208502     1.604883e-02 
    Cycle  3   8.044173e-03    0.501231     8.044173e-03 
    Cycle  4   5.030862e-03    0.625405     5.030862e-03 
    Cycle  5   3.491763e-03    0.694069     3.491763e-03 
    Cycle  6   2.583442e-03    0.739868     2.583442e-03 
    Cycle  7   1.994756e-03    0.772131     1.994756e-03 
    Cycle  8   1.586656e-03    0.795413     1.586656e-03 
    Cycle  9   1.289183e-03    0.812516     1.289183e-03 
    Cycle 10   1.063993e-03    0.825323     1.063993e-03 
    Cycle 11   8.885755e-04    0.835133     8.885755e-04 
    Cycle 12   7.489275e-04    0.842841     7.489275e-04 
    Cycle 13   6.358810e-04    0.849055     6.358810e-04 
    Cycle 14   5.431639e-04    0.854191     5.431639e-04 
    Cycle 15   4.663219e-04    0.858529     4.663219e-04 
    Cycle 16   4.020911e-04    0.862261     4.020911e-04 
    Cycle 17   3.480180e-04    0.865520     3.480180e-04 
    Cycle 18   3.022194e-04    0.868402     3.022194e-04 
    Cycle 19   2.632252e-04    0.870974     2.632252e-04 
    Cycle 20   2.298710e-04    0.873287     2.298710e-04 
    Cycle 21   2.012242e-04    0.875379     2.012242e-04 
    Cycle 22   1.765301e-04    0.877281     1.765301e-04 
    Cycle 23   1.551729e-04    0.879016     1.551729e-04 
    Cycle 24   1.366460e-04    0.880605     1.366460e-04 
    Cycle 25   1.205305e-04    0.882063     1.205305e-04 
    Cycle 26   1.064772e-04    0.883405     1.064772e-04 
    Cycle 27   9.419418e-05    0.884642     9.419418e-05 
    Cycle 28   8.343569e-05    0.885784     8.343569e-05 
    Cycle 29   7.399415e-05    0.886841     7.399415e-05 
    Cycle 30   6.569346e-05    0.887820     6.569346e-05 
    Cycle 31   5.838364e-05    0.888728     5.838364e-05 
    Cycle 32   5.193650e-05    0.889573     5.193650e-05 
    Cycle 33   4.624212e-05    0.890359     4.624212e-05 
    Cycle 34   4.120597e-05    0.891092     4.120597e-05 
    Cycle 35   3.674648e-05    0.891776     3.674648e-05 
    Cycle 36   3.279312e-05    0.892415     3.279312e-05 
    Cycle 37   2.928472e-05    0.893014     2.928472e-05 
    Cycle 38   2.616811e-05    0.893576     2.616811e-05 
    Cycle 39   2.339699e-05    0.894103     2.339699e-05 
    Cycle 40   2.093093e-05    0.894599     2.093093e-05 
    Cycle 41   1.873458e-05    0.895067     1.873458e-05 
    Cycle 42   1.677696e-05    0.895508     1.677696e-05 
    Cycle 43   1.503089e-05    0.895925     1.503089e-05 
    Cycle 44   1.347247e-05    0.896319     1.347247e-05 
    Cycle 45   1.208068e-05    0.896693     1.208068e-05 
    Cycle 46   1.083695e-05    0.897048     1.083695e-05 
    Cycle 47   9.724933e-06    0.897386     9.724933e-06 
    Cycle 48   8.730151e-06    0.897708     8.730151e-06 
    Cycle 49   7.839808e-06    0.898015     7.839808e-06 
    Cycle 50   7.042567e-06    0.898309     7.042567e-06 
    Cycle 51   6.328375e-06    0.898589     6.328375e-06 
    Cycle 52   5.688312e-06    0.898858     5.688312e-06 
    Cycle 53   5.114455e-06    0.899116     5.114455e-06 
    Cycle 54   4.599760e-06    0.899365     4.599760e-06 
    Cycle 55   4.137959e-06    0.899603     4.137959e-06 
    Cycle 56   3.723475e-06    0.899834     3.723475e-06 
    Cycle 57   3.351334e-06    0.900056     3.351334e-06 
    Cycle 58   3.017106e-06    0.900270     3.017106e-06 
    Cycle 59   2.716837e-06    0.900478     2.716837e-06 
    Cycle 60   2.446997e-06    0.900679     2.446997e-06 
    Cycle 61   2.204435e-06    0.900874     2.204435e-06 
    Cycle 62   1.986335e-06    0.901063     1.986335e-06 
    Cycle 63   1.790178e-06    0.901247     1.790178e-06 
    Cycle 64   1.613712e-06    0.901426     1.613712e-06 
    Cycle 65   1.454923e-06    0.901600     1.454923e-06 
    Cycle 66   1.312005e-06    0.901770     1.312005e-06 
    Cycle 67   1.183344e-06    0.901935     1.183344e-06 
    Cycle 68   1.067491e-06    0.902097     1.067491e-06 
    Cycle 69   9.631487e-07    0.902255     9.631487e-07 
    Cycle 70   8.691545e-07    0.902409     8.691545e-07 
    Cycle 71   7.844647e-07    0.902561     7.844647e-07 
    Cycle 72   7.081432e-07    0.902709     7.081432e-07 
    Cycle 73   6.393500e-07    0.902854     6.393500e-07 
    Cycle 74   5.773308e-07    0.902996     5.773308e-07 
    Cycle 75   5.214084e-07    0.903136     5.214084e-07 
    Cycle 76   4.709744e-07    0.903274     4.709744e-07 
    Cycle 77   4.254822e-07    0.903408     4.254822e-07 
    Cycle 78   3.844406e-07    0.903541     3.844406e-07 
    Cycle 79   3.474080e-07    0.903671     3.474080e-07 
    Cycle 80   3.139873e-07    0.903800     3.139873e-07 
    Cycle 81   2.838213e-07    0.903926     2.838213e-07 
    Cycle 82   2.565889e-07    0.904051     2.565889e-07 
    Cycle 83   2.320008e-07    0.904173     2.320008e-07 
    Cycle 84   2.097970e-07    0.904294     2.097970e-07 
    Cycle 85   1.897433e-07    0.904414     1.897433e-07 
    Cycle 86   1.716288e-07    0.904531     1.716288e-07 
    Cycle 87   1.552636e-07    0.904648     1.552636e-07 
    Cycle 88   1.404766e-07    0.904762     1.404766e-07 
    Cycle 89   1.271139e-07    0.904876     1.271139e-07 
    Cycle 90   1.150365e-07    0.904988     1.150365e-07 
    Cycle 91   1.041193e-07    0.905098     1.041193e-07 
    Cycle 92   9.424961e-08    0.905208     9.424961e-08 
    Cycle 93   8.532566e-08    0.905316     8.532566e-08 
    Cycle 94   7.725579e-08    0.905423     7.725579e-08 
    Cycle 95   6.995732e-08    0.905529     6.995732e-08 
    Cycle 96   6.335568e-08    0.905633     6.335568e-08 
    Cycle 97   5.738357e-08    0.905737     5.738357e-08 
    Cycle 98   5.198030e-08    0.905839     5.198030e-08 
    Cycle 99   4.709109e-08    0.905941     4.709109e-08 
    Cycle 100   4.266648e-08    0.906042     4.266648e-08 


==============================================
 NOTE: Convergence tolerance was not achieved
      within the allowed 100 V-cycles
==============================================

 Average Convergence Factor = 0.794503

     Complexity:    grid = 1.812741
                operator = 6.404775
                   cycle = 12.809549



=============================================
Solve phase times:
=============================================
BoomerAMG Solve:
  wall clock time = 190.660000 seconds
  wall MFLOPS     = 0.000000
  cpu clock time  = 190.670000 seconds
  cpu MFLOPS      = 0.000000

Running with these driver parameters:
  solver ID    = 0

Reading the mesh....................done.

 Levels 1-3
============

 Levels 4-6
============

 Levels 7-8
============
Creating the ParFESpace.............done.
Assembling the matrix...............done.
Assembling the rhs..................done.
Finalizing the matrix...............done.
Creating the HypreParMatrix.........done.
Creating the RHS HypreParVector.....done.
=============================================
aFEM problem generation times:
=============================================
aFEM problem generation:
  wall clock time = 37.520000 seconds
  wall MFLOPS     = 0.000000
  cpu clock time  = 37.510000 seconds
  cpu MFLOPS      = 0.000000

=============================================
IJ Matrix Setup:
=============================================
Spatial operator:
  wall clock time = 1.050000 seconds
  wall MFLOPS     = 0.000000
  cpu clock time  = 1.050000 seconds
  cpu MFLOPS      = 0.000000

  RHS vector is 0
  Initial guess has unit components
=============================================
IJ Vector Setup:
=============================================
RHS and Initial Guess:
  wall clock time = 0.090000 seconds
  wall MFLOPS     = 0.000000
  cpu clock time  = 0.090000 seconds
  cpu MFLOPS      = 0.000000

Solver:  AMG

BoomerAMG SETUP PARAMETERS:

 Max levels = 25
 Num levels = 20

 Strength Threshold = 0.250000
 Interpolation Truncation Factor = 0.000000
 Maximum Row Sum Threshold for Dependency Weakening = 1.000000

 Coarsening Type = CLJP-c 
 Hybrid Coarsening (switch to CLJP when coarsening slows)
 measures are determined locally


Operator Matrix Information:

            nonzero         entries per row        row sums
lev   rows  entries  sparse  min  max   avg       min         max
===================================================================
 0 7847021 104572801  0.000     1   51  13.3  -1.234e-02   4.000e+00
 1 2942800 74613644  0.000     4   87  25.4  -1.299e-02   2.224e-02
 2 1541864 86198908  0.000     4  193  55.9  -1.019e-02   2.290e-02
 3  852333 95157607  0.000     5  344  111.6  -7.518e-03   2.700e-02
 4  475773 91869491  0.000    15  507  193.1  -4.594e-03   2.751e-02
 5  267202 80000688  0.001    27  712  299.4  -3.695e-03   2.815e-02
 6  150255 63789119  0.003    48  912  424.5  -2.816e-03   2.345e-02
 7   83806 46892922  0.007    50 1290  559.5  -2.132e-03   1.846e-02
 8   46224 31743906  0.015    61 1625  686.7  -1.611e-03   2.033e-02
 9   24970 19593398  0.031   104 1592  784.7  -4.311e-04   1.354e-02
10   13034 10627212  0.063   157 1614  815.3  -2.903e-04   1.397e-02
11    6565  5011369  0.116   162 1524  763.3   2.745e-05   1.607e-02
12    3166  2055854  0.205   151 1304  649.4   1.389e-04   2.022e-02
13    1420   679176  0.337   134  846  478.3   5.806e-04   2.924e-02
14     571   173087  0.531   116  503  303.1   1.587e-03   4.145e-02
15     205    32095  0.764    60  203  156.6   2.730e-03   5.706e-02
16      66     4148  0.952    47   66  62.8   7.070e-03   6.602e-02
17      31      957  0.996    29   31  30.9   8.202e-03   6.820e-02
18      11      121  1.000    11   11  11.0   1.130e-02   3.880e-02
19       4       16  1.000     4    4   4.0   1.194e-02   3.959e-02


Interpolation Matrix Information:

                 entries/row    min     max         row sums
lev  rows cols    min max     weight   weight     min       max 
=================================================================
 0 7847021 x 2942800   0  13   2.500e-03 1.060e+00 0.000e+00 1.459e+00
 1 2942800 x 1541864   1  16   6.401e-03 1.275e+00 1.572e-02 1.553e+00
 2 1541864 x 852333   1  18   1.232e-02 1.177e+00 5.029e-02 1.423e+00
 3 852333 x 475773   1  18   6.709e-03 1.383e+00 5.224e-02 1.413e+00
 4 475773 x 267202   1  18   2.365e-03 1.234e+00 2.780e-02 1.333e+00
 5 267202 x 150255   1  21   4.535e-03 1.133e+00 2.438e-02 1.250e+00
 6 150255 x 83806   1  22   4.736e-03 1.057e+00 3.715e-02 1.167e+00
 7 83806 x 46224   1  23   3.302e-03 1.034e+00 3.032e-02 1.036e+00
 8 46224 x 24970   1  24   4.043e-03 1.004e+00 1.658e-02 1.019e+00
 9 24970 x 13034   1  23   6.595e-03 1.000e-00 3.325e-02 1.000e+00
10 13034 x 6565    1  26   7.172e-03 9.994e-01 3.877e-02 1.000e+00
11  6565 x 3166    1  28   3.471e-03 9.948e-01 3.302e-02 1.000e+00
12  3166 x 1420    1  22   1.100e-02 9.836e-01 5.924e-02 1.000e+00
13  1420 x 571     1  18   8.370e-03 9.590e-01 4.815e-02 1.000e+00
14   571 x 205     1  15   6.674e-03 8.979e-01 3.887e-02 1.000e+00
15   205 x 66      1  10   9.227e-03 8.463e-01 2.344e-02 1.000e+00
16    66 x 31      1   6   1.295e-03 5.699e-01 1.105e-02 1.000e+00
17    31 x 11      1   2   1.366e-03 6.143e-01 1.366e-03 1.000e+00
18    11 x 4       1   2   5.454e-04 5.037e-02 5.454e-04 1.000e+00


     Complexity:    grid = 1.816909
                operator = 6.818374




BoomerAMG SOLVER PARAMETERS:

  Maximum number of cycles:         100 
  Stopping Tolerance:               1.000000e-100 
  Cycle type (1 = V, 2 = W, etc.):  1

  Relaxation Parameters:
   Visiting Grid:                     fine  down   up  coarse
            Number of partial sweeps:   2     2    2     1 
   Type 0=Jac, 1=GS, 3=Hybrid 9=GE:     3     3    3     9 
   Point types, partial sweeps (1=C, -1=F):
                               Finest grid:   1  -1
                  Pre-CG relaxation (down):   1  -1
                   Post-CG relaxation (up):  -1   1
                             Coarsest grid:   0

=============================================
Setup phase times:
=============================================
BoomerAMG Setup:
  wall clock time = 51.770000 seconds
  wall MFLOPS     = 0.000000
  cpu clock time  = 52.450000 seconds
  cpu MFLOPS      = 0.000000



BoomerAMG SOLVER PARAMETERS:

  Maximum number of cycles:         100 
  Stopping Tolerance:               1.000000e-100 
  Cycle type (1 = V, 2 = W, etc.):  1

  Relaxation Parameters:
   Visiting Grid:                     fine  down   up  coarse
            Number of partial sweeps:   2     2    2     1 
   Type 0=Jac, 1=GS, 3=Hybrid 9=GE:     3     3    3     9 
   Point types, partial sweeps (1=C, -1=F):
                               Finest grid:   1  -1
                  Pre-CG relaxation (down):   1  -1
                   Post-CG relaxation (up):  -1   1
                             Coarsest grid:   0

 Output flag (print_level): 3 


AMG SOLUTION INFO:
                                            relative
               residual        factor       residual
               --------        ------       --------
    Initial    4.173548e+02                 4.173548e+02
    Cycle  1   7.840119e-02    0.000188     7.840119e-02 
    Cycle  2   1.620577e-02    0.206703     1.620577e-02 
    Cycle  3   8.093399e-03    0.499415     8.093399e-03 
    Cycle  4   5.061521e-03    0.625389     5.061521e-03 
    Cycle  5   3.515665e-03    0.694587     3.515665e-03 
    Cycle  6   2.604263e-03    0.740760     2.604263e-03 
    Cycle  7   2.013972e-03    0.773337     2.013972e-03 
    Cycle  8   1.604736e-03    0.796802     1.604736e-03 
    Cycle  9   1.306140e-03    0.813928     1.306140e-03 
    Cycle 10   1.079685e-03    0.826623     1.079685e-03 
    Cycle 11   9.028642e-04    0.836229     9.028642e-04 
    Cycle 12   7.617325e-04    0.843684     7.617325e-04 
    Cycle 13   6.471907e-04    0.849630     6.471907e-04 
    Cycle 14   5.530241e-04    0.854499     5.530241e-04 
    Cycle 15   4.748189e-04    0.858586     4.748189e-04 
    Cycle 16   4.093360e-04    0.862089     4.093360e-04 
    Cycle 17   3.541345e-04    0.865144     3.541345e-04 
    Cycle 18   3.073345e-04    0.867847     3.073345e-04 
    Cycle 19   2.674628e-04    0.870266     2.674628e-04 
    Cycle 20   2.333485e-04    0.872452     2.333485e-04 
    Cycle 21   2.040497e-04    0.874442     2.040497e-04 
    Cycle 22   1.788016e-04    0.876265     1.788016e-04 
    Cycle 23   1.569778e-04    0.877944     1.569778e-04 
    Cycle 24   1.380615e-04    0.879497     1.380615e-04 
    Cycle 25   1.216239e-04    0.880940     1.216239e-04 
    Cycle 26   1.073069e-04    0.882284     1.073069e-04 
    Cycle 27   9.481003e-05    0.883541     9.481003e-05 
    Cycle 28   8.388022e-05    0.884719     8.388022e-05 
    Cycle 29   7.430323e-05    0.885825     7.430323e-05 
    Cycle 30   6.589711e-05    0.886867     6.589711e-05 
    Cycle 31   5.850678e-05    0.887850     5.850678e-05 
    Cycle 32   5.199964e-05    0.888780     5.199964e-05 
    Cycle 33   4.626197e-05    0.889659     4.626197e-05 
    Cycle 34   4.119599e-05    0.890494     4.119599e-05 
    Cycle 35   3.671740e-05    0.891286     3.671740e-05 
    Cycle 36   3.275336e-05    0.892039     3.275336e-05 
    Cycle 37   2.924077e-05    0.892756     2.924077e-05 
    Cycle 38   2.612487e-05    0.893440     2.612487e-05 
    Cycle 39   2.335803e-05    0.894092     2.335803e-05 
    Cycle 40   2.089878e-05    0.894715     2.089878e-05 
    Cycle 41   1.871089e-05    0.895310     1.871089e-05 
    Cycle 42   1.676272e-05    0.895880     1.676272e-05 
    Cycle 43   1.502654e-05    0.896426     1.502654e-05 
    Cycle 44   1.347804e-05    0.896949     1.347804e-05 
    Cycle 45   1.209587e-05    0.897451     1.209587e-05 
    Cycle 46   1.086128e-05    0.897932     1.086128e-05 
    Cycle 47   9.757716e-06    0.898395     9.757716e-06 
    Cycle 48   8.770622e-06    0.898840     8.770622e-06 
    Cycle 49   7.887135e-06    0.899267     7.887135e-06 
    Cycle 50   7.095891e-06    0.899679     7.095891e-06 
    Cycle 51   6.386838e-06    0.900076     6.386838e-06 
    Cycle 52   5.751077e-06    0.900458     5.751077e-06 
    Cycle 53   5.180720e-06    0.900826     5.180720e-06 
    Cycle 54   4.668768e-06    0.901181     4.668768e-06 
    Cycle 55   4.209007e-06    0.901524     4.209007e-06 
    Cycle 56   3.795916e-06    0.901855     3.795916e-06 
    Cycle 57   3.424581e-06    0.902175     3.424581e-06 
    Cycle 58   3.090632e-06    0.902484     3.090632e-06 
    Cycle 59   2.790171e-06    0.902783     2.790171e-06 
    Cycle 60   2.519727e-06    0.903073     2.519727e-06 
    Cycle 61   2.276202e-06    0.903353     2.276202e-06 
    Cycle 62   2.056830e-06    0.903624     2.056830e-06 
    Cycle 63   1.859140e-06    0.903886     1.859140e-06 
    Cycle 64   1.680924e-06    0.904140     1.680924e-06 
    Cycle 65   1.520206e-06    0.904387     1.520206e-06 
    Cycle 66   1.375218e-06    0.904626     1.375218e-06 
    Cycle 67   1.244377e-06    0.904858     1.244377e-06 
    Cycle 68   1.126264e-06    0.905083     1.126264e-06 
    Cycle 69   1.019609e-06    0.905302     1.019609e-06 
    Cycle 70   9.232698e-07    0.905514     9.232698e-07 
    Cycle 71   8.362238e-07    0.905720     8.362238e-07 
    Cycle 72   7.575520e-07    0.905920     7.575520e-07 
    Cycle 73   6.864292e-07    0.906115     6.864292e-07 
    Cycle 74   6.221137e-07    0.906304     6.221137e-07 
    Cycle 75   5.639389e-07    0.906488     5.639389e-07 
    Cycle 76   5.113052e-07    0.906668     5.113052e-07 
    Cycle 77   4.636731e-07    0.906842     4.636731e-07 
    Cycle 78   4.205571e-07    0.907012     4.205571e-07 
    Cycle 79   3.815200e-07    0.907178     3.815200e-07 
    Cycle 80   3.461680e-07    0.907339     3.461680e-07 
    Cycle 81   3.141461e-07    0.907496     3.141461e-07 
    Cycle 82   2.851346e-07    0.907649     2.851346e-07 
    Cycle 83   2.588449e-07    0.907799     2.588449e-07 
    Cycle 84   2.350169e-07    0.907945     2.350169e-07 
    Cycle 85   2.134159e-07    0.908087     2.134159e-07 
    Cycle 86   1.938300e-07    0.908227     1.938300e-07 
    Cycle 87   1.760679e-07    0.908362     1.760679e-07 
    Cycle 88   1.599568e-07    0.908495     1.599568e-07 
    Cycle 89   1.453407e-07    0.908625     1.453407e-07 
    Cycle 90   1.320787e-07    0.908752     1.320787e-07 
    Cycle 91   1.200431e-07    0.908876     1.200431e-07 
    Cycle 92   1.091189e-07    0.908997     1.091189e-07 
    Cycle 93   9.920177e-08    0.909116     9.920177e-08 
    Cycle 94   9.019749e-08    0.909233     9.019749e-08 
    Cycle 95   8.202079e-08    0.909347     8.202079e-08 
    Cycle 96   7.459450e-08    0.909458     7.459450e-08 
    Cycle 97   6.784876e-08    0.909568     6.784876e-08 
    Cycle 98   6.172034e-08    0.909675     6.172034e-08 
    Cycle 99   5.615197e-08    0.909781     5.615197e-08 
    Cycle 100   5.109177e-08    0.909884     5.109177e-08 


==============================================
 NOTE: Convergence tolerance was not achieved
      within the allowed 100 V-cycles
==============================================

 Average Convergence Factor = 0.795937

     Complexity:    grid = 1.816909
                operator = 6.818374
                   cycle = 13.636749



=============================================
Solve phase times:
=============================================
BoomerAMG Solve:
  wall clock time = 199.330000 seconds
  wall MFLOPS     = 0.000000
  cpu clock time  = 199.340000 seconds
  cpu MFLOPS      = 0.000000

Running with these driver parameters:
  solver ID    = 0

Reading the mesh....................done.

 Levels 1-3
============

 Levels 4-6
============

 Levels 7-8
============
Creating the ParFESpace.............done.
Assembling the matrix...............done.
Assembling the rhs..................done.
Finalizing the matrix...............done.
Creating the HypreParMatrix.........done.
Creating the RHS HypreParVector.....done.
=============================================
aFEM problem generation times:
=============================================
aFEM problem generation:
  wall clock time = 37.450000 seconds
  wall MFLOPS     = 0.000000
  cpu clock time  = 37.440000 seconds
  cpu MFLOPS      = 0.000000

=============================================
IJ Matrix Setup:
=============================================
Spatial operator:
  wall clock time = 1.070000 seconds
  wall MFLOPS     = 0.000000
  cpu clock time  = 1.070000 seconds
  cpu MFLOPS      = 0.000000

  RHS vector is 0
  Initial guess has unit components
=============================================
IJ Vector Setup:
=============================================
RHS and Initial Guess:
  wall clock time = 0.090000 seconds
  wall MFLOPS     = 0.000000
  cpu clock time  = 0.090000 seconds
  cpu MFLOPS      = 0.000000

Solver:  AMG

Level 0, number of C-points: 2942818
Level 1, number of C-points: 1541980
Level 2, number of C-points: 853052
Level 3, number of C-points: 476485
Level 4, number of C-points: 268188
Level 5, number of C-points: 150885
Level 6, number of C-points: 84264
Level 7, number of C-points: 46564
Level 8, number of C-points: 25170
Level 9, number of C-points: 13318
Level 10, number of C-points: 6859
Level 11, number of C-points: 3580
Level 12, number of C-points: 1813
Level 13, number of C-points: 0
BoomerAMG SETUP PARAMETERS:

 Max levels = 25
 Num levels = 14

 Strength Threshold = 0.250000
 Interpolation Truncation Factor = 0.000000
 Maximum Row Sum Threshold for Dependency Weakening = 1.000000

 Coarsening Type = Compatible Relaxation (CLJP-c Indep. Set)
 Hybrid Coarsening (switch to CLJP when coarsening slows)
 measures are determined locally


Operator Matrix Information:

            nonzero         entries per row        row sums
lev   rows  entries  sparse  min  max   avg       min         max
===================================================================
 0 7847021 104572801  0.000     1   51  13.3  -1.234e-02   4.000e+00
 1 2942818 74614076  0.000     4   87  25.4  -1.299e-02   2.224e-02
 2 1541980 86193936  0.000     4  188  55.9  -1.019e-02   2.290e-02
 3  853052 95247182  0.000     5  345  111.7  -7.101e-03   2.700e-02
 4  476485 92049667  0.000    14  505  193.2  -4.592e-03   2.185e-02
 5  268188 80400790  0.001    28  712  299.8  -3.834e-03   2.003e-02
 6  150885 63975151  0.003    43  948  424.0  -3.176e-03   1.951e-02
 7   84264 46952490  0.007    78 1276  557.2  -3.188e-03   1.691e-02
 8   46564 31860046  0.015    78 1496  684.2  -2.707e-03   1.684e-02
 9   25170 19628586  0.031    69 1565  779.8  -1.936e-04   1.437e-02
10   13318 10820112  0.061   119 1629  812.4   2.309e-06   1.633e-02
11    6859  5200649  0.111   110 1402  758.2   2.600e-05   1.740e-02
12    3580  2310774  0.180   137 1219  645.5   8.692e-05   2.073e-02
13    1813   950089  0.289   195 1004  524.0   2.670e-04   2.226e-02


Interpolation Matrix Information:

                 entries/row    min     max         row sums
lev  rows cols    min max     weight   weight     min       max 
=================================================================
 0 7847021 x 2942818   0  13   2.500e-03 1.060e+00 0.000e+00 1.459e+00
 1 2942818 x 1541980   1  16   2.255e-02 1.275e+00 1.575e-01 1.559e+00
 2 1541980 x 853052   0  18   1.119e-02 1.177e+00 0.000e+00 1.423e+00
 3 853052 x 476485   0  19   7.889e-03 1.374e+00 0.000e+00 1.413e+00
 4 476485 x 268188   0  19   6.051e-03 1.227e+00 0.000e+00 1.325e+00
 5 268188 x 150885   0  21   3.956e-03 1.166e+00 0.000e+00 1.349e+00
 6 150885 x 84264   0  23   4.919e-03 1.027e+00 0.000e+00 1.172e+00
 7 84264 x 46564   0  21   5.152e-03 1.024e+00 0.000e+00 1.057e+00
 8 46564 x 25170   0  22   4.124e-03 1.016e+00 0.000e+00 1.100e+00
 9 25170 x 13318   0  26   5.800e-03 1.000e-00 0.000e+00 1.010e+00
10 13318 x 6859    0  28   2.973e-03 9.996e-01 0.000e+00 1.000e+00
11  6859 x 3580    0  25   4.737e-03 9.928e-01 0.000e+00 1.000e+00
12  3580 x 1813    0  28   6.135e-03 9.691e-01 0.000e+00 1.000e+00


     Complexity:    grid = 1.817505
                operator = 6.835203




BoomerAMG SOLVER PARAMETERS:

  Maximum number of cycles:         100 
  Stopping Tolerance:               1.000000e-100 
  Cycle type (1 = V, 2 = W, etc.):  1

  Relaxation Parameters:
   Visiting Grid:                     fine  down   up  coarse
            Number of partial sweeps:   2     2    2     1 
   Type 0=Jac, 1=GS, 3=Hybrid 9=GE:     3     3    3     9 
   Point types, partial sweeps (1=C, -1=F):
                               Finest grid:   1  -1
                  Pre-CG relaxation (down):   1  -1
                   Post-CG relaxation (up):  -1   1
                             Coarsest grid:   0

=============================================
Setup phase times:
=============================================
BoomerAMG Setup:
  wall clock time = 56.880000 seconds
  wall MFLOPS     = 0.000000
  cpu clock time  = 57.580000 seconds
  cpu MFLOPS      = 0.000000



BoomerAMG SOLVER PARAMETERS:

  Maximum number of cycles:         100 
  Stopping Tolerance:               1.000000e-100 
  Cycle type (1 = V, 2 = W, etc.):  1

  Relaxation Parameters:
   Visiting Grid:                     fine  down   up  coarse
            Number of partial sweeps:   2     2    2     1 
   Type 0=Jac, 1=GS, 3=Hybrid 9=GE:     3     3    3     9 
   Point types, partial sweeps (1=C, -1=F):
                               Finest grid:   1  -1
                  Pre-CG relaxation (down):   1  -1
                   Post-CG relaxation (up):  -1   1
                             Coarsest grid:   0

 Output flag (print_level): 3 


AMG SOLUTION INFO:
                                            relative
               residual        factor       residual
               --------        ------       --------
    Initial    4.173548e+02                 4.173548e+02
    Cycle  1   7.837895e-02    0.000188     7.837895e-02 
    Cycle  2   1.618550e-02    0.206503     1.618550e-02 
    Cycle  3   8.092097e-03    0.499960     8.092097e-03 
    Cycle  4   5.068160e-03    0.626310     5.068160e-03 
    Cycle  5   3.522881e-03    0.695101     3.522881e-03 
    Cycle  6   2.609725e-03    0.740793     2.609725e-03 
    Cycle  7   2.017532e-03    0.773082     2.017532e-03 
    Cycle  8   1.606837e-03    0.796437     1.606837e-03 
    Cycle  9   1.307250e-03    0.813555     1.307250e-03 
    Cycle 10   1.080161e-03    0.826285     1.080161e-03 
    Cycle 11   9.029487e-04    0.835939     9.029487e-04 
    Cycle 12   7.615828e-04    0.843440     7.615828e-04 
    Cycle 13   6.469064e-04    0.849424     6.469064e-04 
    Cycle 14   5.526676e-04    0.854324     5.526676e-04 
    Cycle 15   4.744292e-04    0.858435     4.744292e-04 
    Cycle 16   4.089374e-04    0.861957     4.089374e-04 
    Cycle 17   3.537418e-04    0.865027     3.537418e-04 
    Cycle 18   3.069566e-04    0.867742     3.069566e-04 
    Cycle 19   2.671046e-04    0.870171     2.671046e-04 
    Cycle 20   2.330126e-04    0.872364     2.330126e-04 
    Cycle 21   2.037370e-04    0.874361     2.037370e-04 
    Cycle 22   1.785121e-04    0.876189     1.785121e-04 
    Cycle 23   1.567106e-04    0.877871     1.567106e-04 
    Cycle 24   1.378156e-04    0.879427     1.378156e-04 
    Cycle 25   1.213978e-04    0.880871     1.213978e-04 
    Cycle 26   1.070992e-04    0.882216     1.070992e-04 
    Cycle 27   9.461918e-05    0.883473     9.461918e-05 
    Cycle 28   8.370480e-05    0.884649     8.370480e-05 
    Cycle 29   7.414186e-05    0.885754     7.414186e-05 
    Cycle 30   6.574850e-05    0.886793     6.574850e-05 
    Cycle 31   5.836975e-05    0.887773     5.836975e-05 
    Cycle 32   5.187311e-05    0.888698     5.187311e-05 
    Cycle 33   4.614496e-05    0.889574     4.614496e-05 
    Cycle 34   4.108764e-05    0.890404     4.108764e-05 
    Cycle 35   3.661693e-05    0.891191     3.661693e-05 
    Cycle 36   3.266007e-05    0.891939     3.266007e-05 
    Cycle 37   2.915404e-05    0.892651     2.915404e-05 
    Cycle 38   2.604415e-05    0.893329     2.604415e-05 
    Cycle 39   2.328285e-05    0.893976     2.328285e-05 
    Cycle 40   2.082869e-05    0.894594     2.082869e-05 
    Cycle 41   1.864551e-05    0.895184     1.864551e-05 
    Cycle 42   1.670170e-05    0.895749     1.670170e-05 
    Cycle 43   1.496957e-05    0.896290     1.496957e-05 
    Cycle 44   1.342484e-05    0.896809     1.342484e-05 
    Cycle 45   1.204619e-05    0.897306     1.204619e-05 
    Cycle 46   1.081487e-05    0.897784     1.081487e-05 
    Cycle 47   9.714376e-06    0.898243     9.714376e-06 
    Cycle 48   8.730153e-06    0.898684     8.730153e-06 
    Cycle 49   7.849355e-06    0.899109     7.849355e-06 
    Cycle 50   7.060632e-06    0.899517     7.060632e-06 
    Cycle 51   6.353943e-06    0.899911     6.353943e-06 
    Cycle 52   5.720399e-06    0.900291     5.720399e-06 
    Cycle 53   5.152121e-06    0.900658     5.152121e-06 
    Cycle 54   4.642119e-06    0.901011     4.642119e-06 
    Cycle 55   4.184187e-06    0.901353     4.184187e-06 
    Cycle 56   3.772810e-06    0.901683     3.772810e-06 
    Cycle 57   3.403082e-06    0.902002     3.403082e-06 
    Cycle 58   3.070636e-06    0.902310     3.070636e-06 
    Cycle 59   2.771584e-06    0.902609     2.771584e-06 
    Cycle 60   2.502457e-06    0.902898     2.502457e-06 
    Cycle 61   2.260164e-06    0.903178     2.260164e-06 
    Cycle 62   2.041943e-06    0.903449     2.041943e-06 
    Cycle 63   1.845328e-06    0.903712     1.845328e-06 
    Cycle 64   1.668115e-06    0.903967     1.668115e-06 
    Cycle 65   1.508332e-06    0.904214     1.508332e-06 
    Cycle 66   1.364216e-06    0.904453     1.364216e-06 
    Cycle 67   1.234188e-06    0.904686     1.234188e-06 
    Cycle 68   1.116831e-06    0.904912     1.116831e-06 
    Cycle 69   1.010879e-06    0.905132     1.010879e-06 
    Cycle 70   9.151943e-07    0.905345     9.151943e-07 
    Cycle 71   8.287559e-07    0.905552     8.287559e-07 
    Cycle 72   7.506485e-07    0.905753     7.506485e-07 
    Cycle 73   6.800494e-07    0.905949     6.800494e-07 
    Cycle 74   6.162198e-07    0.906140     6.162198e-07 
    Cycle 75   5.584956e-07    0.906325     5.584956e-07 
    Cycle 76   5.062794e-07    0.906506     5.062794e-07 
    Cycle 77   4.590342e-07    0.906681     4.590342e-07 
    Cycle 78   4.162763e-07    0.906853     4.162763e-07 
    Cycle 79   3.775707e-07    0.907019     3.775707e-07 
    Cycle 80   3.425254e-07    0.907182     3.425254e-07 
    Cycle 81   3.107871e-07    0.907341     3.107871e-07 
    Cycle 82   2.820378e-07    0.907495     2.820378e-07 
    Cycle 83   2.559905e-07    0.907646     2.559905e-07 
    Cycle 84   2.323864e-07    0.907793     2.323864e-07 
    Cycle 85   2.109921e-07    0.907937     2.109921e-07 
    Cycle 86   1.915971e-07    0.908077     1.915971e-07 
    Cycle 87   1.740112e-07    0.908214     1.740112e-07 
    Cycle 88   1.580627e-07    0.908348     1.580627e-07 
    Cycle 89   1.435967e-07    0.908479     1.435967e-07 
    Cycle 90   1.304729e-07    0.908607     1.304729e-07 
    Cycle 91   1.185650e-07    0.908732     1.185650e-07 
    Cycle 92   1.077583e-07    0.908855     1.077583e-07 
    Cycle 93   9.794962e-08    0.908975     9.794962e-08 
    Cycle 94   8.904524e-08    0.909092     8.904524e-08 
    Cycle 95   8.096059e-08    0.909207     8.096059e-08 
    Cycle 96   7.361909e-08    0.909320     7.361909e-08 
    Cycle 97   6.695146e-08    0.909431     6.695146e-08 
    Cycle 98   6.089497e-08    0.909539     6.089497e-08 
    Cycle 99   5.539282e-08    0.909645     5.539282e-08 
    Cycle 100   5.039360e-08    0.909750     5.039360e-08 


==============================================
 NOTE: Convergence tolerance was not achieved
      within the allowed 100 V-cycles
==============================================

 Average Convergence Factor = 0.795827

     Complexity:    grid = 1.817505
                operator = 6.835203
                   cycle = 13.661321



=============================================
Solve phase times:
=============================================
BoomerAMG Solve:
  wall clock time = 3161.180000 seconds
  wall MFLOPS     = 0.000000
  cpu clock time  = -1134.187296 seconds
  cpu MFLOPS      = -0.000000

