Warning: no access to tty (Bad file descriptor).
Thus no job control in this shell.
mcr417
LCRM job id = 1746
Running with these driver parameters:
  solver ID    = 0

Reading the mesh....................done.

 Levels 1-3
============

 Levels 4-5
============
Creating the ParFESpace.............done.
Assembling the matrix...............done.
Assembling the rhs..................done.
Finalizing the matrix...............done.
Creating the HypreParMatrix.........done.
Creating the RHS HypreParVector.....done.
=============================================
aFEM problem generation times:
=============================================
aFEM problem generation:
  wall clock time = 33.000000 seconds
  wall MFLOPS     = 0.000000
  cpu clock time  = 32.970000 seconds
  cpu MFLOPS      = 0.000000

=============================================
IJ Matrix Setup:
=============================================
Spatial operator:
  wall clock time = 1.030000 seconds
  wall MFLOPS     = 0.000000
  cpu clock time  = 1.030000 seconds
  cpu MFLOPS      = 0.000000

  RHS vector is 0
  Initial guess has unit components
=============================================
IJ Vector Setup:
=============================================
RHS and Initial Guess:
  wall clock time = 0.040000 seconds
  wall MFLOPS     = 0.000000
  cpu clock time  = 0.050000 seconds
  cpu MFLOPS      = 0.000000

Solver:  AMG

BoomerAMG SETUP PARAMETERS:

 Max levels = 25
 Num levels = 17

 Strength Threshold = 0.250000
 Interpolation Truncation Factor = 0.000000
 Maximum Row Sum Threshold for Dependency Weakening = 1.000000

 Coarsening Type = Falgout-CLJP 
 Hybrid Coarsening (switch to CLJP when coarsening slows)
 measures are determined locally


Operator Matrix Information:

            nonzero         entries per row        row sums
lev   rows  entries  sparse  min  max   avg       min         max
===================================================================
 0 1046846 13788132  0.000     1   51  13.2  -2.468e-02   3.000e+00
 1  483881 12657605  0.000     2   93  26.2  -2.873e-02   2.002e+00
 2  273097 14212995  0.000     3  183  52.0  -2.243e-02   4.308e-02
 3  156555 15078395  0.001     5  296  96.3  -1.282e-02   4.783e-02
 4   89860 14410168  0.002     7  461  160.4  -9.533e-03   4.214e-02
 5   50794 12353976  0.005    17  593  243.2  -7.281e-03   4.253e-02
 6   27976  9350712  0.012    23  825  334.2  -5.545e-03   4.314e-02
 7   14961  6293303  0.028    57  946  420.6  -5.038e-03   4.450e-02
 8    7673  3667953  0.062    81 1028  478.0  -3.374e-05   4.132e-02
 9    3781  1797515  0.126   107  865  475.4  -1.005e-05   4.512e-02
10    1759   702619  0.227    88  772  399.4   3.301e-04   4.565e-02
11     778   228752  0.378    52  522  294.0   1.423e-03   5.762e-02
12     306    53652  0.573    66  278  175.3   2.905e-03   9.081e-02
13     111     9609  0.780    49  111  86.6   6.767e-03   1.122e-01
14      39     1467  0.964    31   39  37.6   1.163e-02   1.331e-01
15      14      196  1.000    14   14  14.0   2.886e-02   1.375e-01
16       5       25  1.000     5    5   5.0   3.550e-02   7.610e-02


Interpolation Matrix Information:

                 entries/row    min     max         row sums
lev  rows cols    min max     weight   weight     min       max 
=================================================================
 0 1046846 x 483881   0  17   3.621e-03 1.276e+00 0.000e+00 1.423e+00
 1 483881 x 273097   1  14   1.346e-04 1.239e+00 8.999e-04 1.607e+00
 2 273097 x 156555   1  16   9.974e-03 1.352e+00 7.364e-02 1.634e+00
 3 156555 x 89860   1  17   8.704e-03 1.453e+00 4.046e-02 1.687e+00
 4 89860 x 50794   1  19   3.518e-03 1.165e+00 3.491e-02 1.742e+00
 5 50794 x 27976   1  18   5.106e-03 1.167e+00 2.544e-02 1.303e+00
 6 27976 x 14961   1  19   4.205e-03 1.085e+00 3.120e-02 1.213e+00
 7 14961 x 7673    1  19   4.259e-03 1.021e+00 2.479e-02 1.060e+00
 8  7673 x 3781    1  19   2.158e-03 1.000e-00 1.336e-02 1.000e+00
 9  3781 x 1759    1  18   3.336e-03 9.983e-01 1.506e-02 1.000e+00
10  1759 x 778     1  18   7.055e-03 9.853e-01 4.253e-02 1.000e+00
11   778 x 306     1  13   7.084e-03 9.306e-01 3.438e-02 1.000e+00
12   306 x 111     1  11   9.535e-03 7.774e-01 2.265e-02 1.000e+00
13   111 x 39      1   9   7.040e-03 6.963e-01 2.100e-02 1.000e+00
14    39 x 14      1   4   5.676e-04 3.554e-01 2.107e-03 1.000e+00
15    14 x 5       1   3   3.017e-03 1.142e-01 4.448e-03 1.000e+00


     Complexity:    grid = 2.061847
                operator = 7.586747




BoomerAMG SOLVER PARAMETERS:

  Maximum number of cycles:         100 
  Stopping Tolerance:               1.000000e-100 
  Cycle type (1 = V, 2 = W, etc.):  1

  Relaxation Parameters:
   Visiting Grid:                     fine  down   up  coarse
            Number of partial sweeps:   2     2    2     1 
   Type 0=Jac, 1=GS, 3=Hybrid 9=GE:     3     3    3     9 
   Point types, partial sweeps (1=C, -1=F):
                               Finest grid:   1  -1
                  Pre-CG relaxation (down):   1  -1
                   Post-CG relaxation (up):  -1   1
                             Coarsest grid:   0

=============================================
Setup phase times:
=============================================
BoomerAMG Setup:
  wall clock time = 26.770000 seconds
  wall MFLOPS     = 0.000000
  cpu clock time  = 26.870000 seconds
  cpu MFLOPS      = 0.000000



BoomerAMG SOLVER PARAMETERS:

  Maximum number of cycles:         100 
  Stopping Tolerance:               1.000000e-100 
  Cycle type (1 = V, 2 = W, etc.):  1

  Relaxation Parameters:
   Visiting Grid:                     fine  down   up  coarse
            Number of partial sweeps:   2     2    2     1 
   Type 0=Jac, 1=GS, 3=Hybrid 9=GE:     3     3    3     9 
   Point types, partial sweeps (1=C, -1=F):
                               Finest grid:   1  -1
                  Pre-CG relaxation (down):   1  -1
                   Post-CG relaxation (up):  -1   1
                             Coarsest grid:   0

 Output flag (print_level): 3 


AMG SOLUTION INFO:
                                            relative
               residual        factor       residual
               --------        ------       --------
    Initial    2.068205e+02                 2.068205e+02
    Cycle  1   7.212283e-02    0.000349     7.212283e-02 
    Cycle  2   1.443508e-02    0.200146     1.443508e-02 
    Cycle  3   6.202503e-03    0.429683     6.202503e-03 
    Cycle  4   3.509728e-03    0.565857     3.509728e-03 
    Cycle  5   2.269163e-03    0.646535     2.269163e-03 
    Cycle  6   1.574235e-03    0.693751     1.574235e-03 
    Cycle  7   1.137933e-03    0.722848     1.137933e-03 
    Cycle  8   8.449839e-04    0.742560     8.449839e-04 
    Cycle  9   6.397447e-04    0.757109     6.397447e-04 
    Cycle 10   4.916555e-04    0.768518     4.916555e-04 
    Cycle 11   3.824258e-04    0.777833     3.824258e-04 
    Cycle 12   3.004521e-04    0.785648     3.004521e-04 
    Cycle 13   2.380600e-04    0.792339     2.380600e-04 
    Cycle 14   1.900104e-04    0.798162     1.900104e-04 
    Cycle 15   1.526355e-04    0.803301     1.526355e-04 
    Cycle 16   1.233132e-04    0.807893     1.233132e-04 
    Cycle 17   1.001356e-04    0.812043     1.001356e-04 
    Cycle 18   8.169357e-05    0.815829     8.169357e-05 
    Cycle 19   6.693249e-05    0.819312     6.693249e-05 
    Cycle 20   5.505433e-05    0.822535     5.505433e-05 
    Cycle 21   4.544924e-05    0.825534     4.544924e-05 
    Cycle 22   3.764712e-05    0.828333     3.764712e-05 
    Cycle 23   3.128293e-05    0.830952     3.128293e-05 
    Cycle 24   2.607127e-05    0.833403     2.607127e-05 
    Cycle 25   2.178769e-05    0.835697     2.178769e-05 
    Cycle 26   1.825468e-05    0.837844     1.825468e-05 
    Cycle 27   1.533118e-05    0.839850     1.533118e-05 
    Cycle 28   1.290458e-05    0.841721     1.290458e-05 
    Cycle 29   1.088455e-05    0.843464     1.088455e-05 
    Cycle 30   9.198366e-06    0.845085     9.198366e-06 
    Cycle 31   7.787239e-06    0.846589     7.787239e-06 
    Cycle 32   6.603454e-06    0.847984     6.603454e-06 
    Cycle 33   5.608145e-06    0.849275     5.608145e-06 
    Cycle 34   4.769546e-06    0.850468     4.769546e-06 
    Cycle 35   4.061600e-06    0.851570     4.061600e-06 
    Cycle 36   3.462866e-06    0.852587     3.462866e-06 
    Cycle 37   2.955642e-06    0.853525     2.955642e-06 
    Cycle 38   2.525273e-06    0.854390     2.525273e-06 
    Cycle 39   2.159585e-06    0.855189     2.159585e-06 
    Cycle 40   1.848443e-06    0.855925     1.848443e-06 
    Cycle 41   1.583386e-06    0.856605     1.583386e-06 
    Cycle 42   1.357331e-06    0.857233     1.357331e-06 
    Cycle 43   1.164338e-06    0.857814     1.164338e-06 
    Cycle 44   9.994116e-07    0.858352     9.994116e-07 
    Cycle 45   8.583444e-07    0.858850     8.583444e-07 
    Cycle 46   7.375855e-07    0.859312     7.375855e-07 
    Cycle 47   6.341326e-07    0.859741     6.341326e-07 
    Cycle 48   5.454432e-07    0.860141     5.454432e-07 
    Cycle 49   4.693609e-07    0.860513     4.693609e-07 
    Cycle 50   4.040542e-07    0.860860     4.040542e-07 
    Cycle 51   3.479656e-07    0.861185     3.479656e-07 
    Cycle 52   2.997687e-07    0.861490     2.997687e-07 
    Cycle 53   2.583331e-07    0.861775     2.583331e-07 
    Cycle 54   2.226943e-07    0.862043     2.226943e-07 
    Cycle 55   1.920283e-07    0.862296     1.920283e-07 
    Cycle 56   1.656308e-07    0.862534     1.656308e-07 
    Cycle 57   1.428994e-07    0.862758     1.428994e-07 
    Cycle 58   1.233180e-07    0.862971     1.233180e-07 
    Cycle 59   1.064447e-07    0.863172     1.064447e-07 
    Cycle 60   9.190044e-08    0.863363     9.190044e-08 
    Cycle 61   7.936016e-08    0.863545     7.936016e-08 
    Cycle 62   6.854477e-08    0.863718     6.854477e-08 
    Cycle 63   5.921461e-08    0.863882     5.921461e-08 
    Cycle 64   5.116375e-08    0.864039     5.116375e-08 
    Cycle 65   4.421516e-08    0.864189     4.421516e-08 
    Cycle 66   3.821661e-08    0.864333     3.821661e-08 
    Cycle 67   3.303712e-08    0.864470     3.303712e-08 
    Cycle 68   2.856395e-08    0.864602     2.856395e-08 
    Cycle 69   2.470005e-08    0.864728     2.470005e-08 
    Cycle 70   2.136182e-08    0.864849     2.136182e-08 
    Cycle 71   1.847725e-08    0.864966     1.847725e-08 
    Cycle 72   1.598426e-08    0.865078     1.598426e-08 
    Cycle 73   1.382937e-08    0.865186     1.382937e-08 
    Cycle 74   1.196642e-08    0.865290     1.196642e-08 
    Cycle 75   1.035562e-08    0.865391     1.035562e-08 
    Cycle 76   8.962664e-09    0.865488     8.962664e-09 
    Cycle 77   7.757912e-09    0.865581     7.757912e-09 
    Cycle 78   6.715802e-09    0.865671     6.715802e-09 
    Cycle 79   5.814264e-09    0.865759     5.814264e-09 
    Cycle 80   5.034241e-09    0.865843     5.034241e-09 
    Cycle 81   4.359274e-09    0.865925     4.359274e-09 
    Cycle 82   3.775149e-09    0.866004     3.775149e-09 
    Cycle 83   3.269583e-09    0.866081     3.269583e-09 
    Cycle 84   2.831964e-09    0.866155     2.831964e-09 
    Cycle 85   2.453123e-09    0.866227     2.453123e-09 
    Cycle 86   2.125131e-09    0.866296     2.125131e-09 
    Cycle 87   1.841137e-09    0.866364     1.841137e-09 
    Cycle 88   1.595215e-09    0.866429     1.595215e-09 
    Cycle 89   1.382243e-09    0.866493     1.382243e-09 
    Cycle 90   1.197789e-09    0.866555     1.197789e-09 
    Cycle 91   1.038021e-09    0.866615     1.038021e-09 
    Cycle 92   8.996250e-10    0.866673     8.996250e-10 
    Cycle 93   7.797313e-10    0.866729     7.797313e-10 
    Cycle 94   6.758587e-10    0.866784     6.758587e-10 
    Cycle 95   5.858597e-10    0.866837     5.858597e-10 
    Cycle 96   5.078754e-10    0.866889     5.078754e-10 
    Cycle 97   4.402973e-10    0.866940     4.402973e-10 
    Cycle 98   3.817326e-10    0.866988     3.817326e-10 
    Cycle 99   3.309759e-10    0.867036     3.309759e-10 
    Cycle 100   2.869833e-10    0.867082     2.869833e-10 


==============================================
 NOTE: Convergence tolerance was not achieved
      within the allowed 100 V-cycles
==============================================

 Average Convergence Factor = 0.761067

     Complexity:    grid = 2.061847
                operator = 7.586747
                   cycle = 15.173493



=============================================
Solve phase times:
=============================================
BoomerAMG Solve:
  wall clock time = 196.250000 seconds
  wall MFLOPS     = 0.000000
  cpu clock time  = 196.220000 seconds
  cpu MFLOPS      = 0.000000

Running with these driver parameters:
  solver ID    = 0

Reading the mesh....................done.

 Levels 1-3
============

 Levels 4-5
============
Creating the ParFESpace.............done.
Assembling the matrix...............done.
Assembling the rhs..................done.
Finalizing the matrix...............done.
Creating the HypreParMatrix.........done.
Creating the RHS HypreParVector.....done.
=============================================
aFEM problem generation times:
=============================================
aFEM problem generation:
  wall clock time = 32.790000 seconds
  wall MFLOPS     = 0.000000
  cpu clock time  = 32.760000 seconds
  cpu MFLOPS      = 0.000000

=============================================
IJ Matrix Setup:
=============================================
Spatial operator:
  wall clock time = 1.020000 seconds
  wall MFLOPS     = 0.000000
  cpu clock time  = 1.020000 seconds
  cpu MFLOPS      = 0.000000

  RHS vector is 0
  Initial guess has unit components
=============================================
IJ Vector Setup:
=============================================
RHS and Initial Guess:
  wall clock time = 0.070000 seconds
  wall MFLOPS     = 0.000000
  cpu clock time  = 0.070000 seconds
  cpu MFLOPS      = 0.000000

Solver:  AMG

BoomerAMG SETUP PARAMETERS:

 Max levels = 25
 Num levels = 16

 Strength Threshold = 0.250000
 Interpolation Truncation Factor = 0.000000
 Maximum Row Sum Threshold for Dependency Weakening = 1.000000

 Coarsening Type = Cleary-Luby-Jones-Plassman

Operator Matrix Information:

            nonzero         entries per row        row sums
lev   rows  entries  sparse  min  max   avg       min         max
===================================================================
 0 1046846 13788132  0.000     1   51  13.2  -2.468e-02   3.000e+00
 1  417102 10591160  0.000     4   79  25.4  -2.716e-02   2.002e+00
 2  213192 11610854  0.000     4  154  54.5  -1.182e-02   4.326e-02
 3  113345 11813793  0.001     9  258  104.2  -1.039e-02   4.701e-02
 4   61428 10744604  0.003    20  390  174.9  -9.234e-03   3.845e-02
 5   33592  8745164  0.008    34  642  260.3  -4.062e-03   4.168e-02
 6   18166  6337980  0.019    61  768  348.9  -2.440e-03   3.973e-02
 7    9642  4016990  0.043    59  912  416.6  -1.807e-03   4.326e-02
 8    4957  2183105  0.089   101  805  440.4   7.125e-06   4.429e-02
 9    2451   989431  0.165   108  737  403.7   1.262e-04   2.556e-02
10    1140   370850  0.285    96  593  325.3   7.452e-04   3.059e-02
11     483   106305  0.456    86  372  220.1   2.006e-03   4.667e-02
12     183    23201  0.693    63  180  126.8   4.788e-03   5.884e-02
13      63     3679  0.927    38   63  58.4   1.040e-02   6.028e-02
14      20      400  1.000    20   20  20.0   1.803e-02   6.598e-02
15       6       36  1.000     6    6   6.0   2.263e-02   6.497e-02


Interpolation Matrix Information:

                 entries/row    min     max         row sums
lev  rows cols    min max     weight   weight     min       max 
=================================================================
 0 1046846 x 417102   0  15   3.621e-03 1.084e+00 0.000e+00 1.423e+00
 1 417102 x 213192   1  14   1.346e-04 1.143e+00 8.999e-04 1.606e+00
 2 213192 x 113345   1  14   1.061e-02 1.422e+00 8.402e-02 1.805e+00
 3 113345 x 61428   1  15   8.901e-03 2.279e+00 7.565e-02 2.279e+00
 4 61428 x 33592   1  16   9.628e-03 1.181e+00 6.483e-02 1.688e+00
 5 33592 x 18166   1  20   6.861e-03 1.087e+00 6.099e-02 1.178e+00
 6 18166 x 9642    1  21   6.017e-03 1.026e+00 4.643e-02 1.149e+00
 7  9642 x 4957    1  21   7.255e-03 1.010e+00 3.469e-02 1.206e+00
 8  4957 x 2451    1  20   3.788e-03 9.992e-01 4.145e-02 1.000e+00
 9  2451 x 1140    1  20   1.107e-02 9.862e-01 3.774e-02 1.000e+00
10  1140 x 483     1  14   1.083e-02 9.342e-01 5.967e-02 1.000e+00
11   483 x 183     1  11   9.492e-03 8.987e-01 4.441e-02 1.000e+00
12   183 x 63      1   9   1.215e-02 8.305e-01 5.296e-02 1.000e+00
13    63 x 20      1   4   7.423e-03 6.445e-01 1.313e-02 1.000e+00
14    20 x 6       1   2   1.785e-03 1.296e-01 2.035e-03 1.000e+00


     Complexity:    grid = 1.836580
                operator = 5.898238




BoomerAMG SOLVER PARAMETERS:

  Maximum number of cycles:         100 
  Stopping Tolerance:               1.000000e-100 
  Cycle type (1 = V, 2 = W, etc.):  1

  Relaxation Parameters:
   Visiting Grid:                     fine  down   up  coarse
            Number of partial sweeps:   2     2    2     1 
   Type 0=Jac, 1=GS, 3=Hybrid 9=GE:     3     3    3     9 
   Point types, partial sweeps (1=C, -1=F):
                               Finest grid:   1  -1
                  Pre-CG relaxation (down):   1  -1
                   Post-CG relaxation (up):  -1   1
                             Coarsest grid:   0

=============================================
Setup phase times:
=============================================
BoomerAMG Setup:
  wall clock time = 21.380000 seconds
  wall MFLOPS     = 0.000000
  cpu clock time  = 21.380000 seconds
  cpu MFLOPS      = 0.000000



BoomerAMG SOLVER PARAMETERS:

  Maximum number of cycles:         100 
  Stopping Tolerance:               1.000000e-100 
  Cycle type (1 = V, 2 = W, etc.):  1

  Relaxation Parameters:
   Visiting Grid:                     fine  down   up  coarse
            Number of partial sweeps:   2     2    2     1 
   Type 0=Jac, 1=GS, 3=Hybrid 9=GE:     3     3    3     9 
   Point types, partial sweeps (1=C, -1=F):
                               Finest grid:   1  -1
                  Pre-CG relaxation (down):   1  -1
                   Post-CG relaxation (up):  -1   1
                             Coarsest grid:   0

 Output flag (print_level): 3 


AMG SOLUTION INFO:
                                            relative
               residual        factor       residual
               --------        ------       --------
    Initial    2.068205e+02                 2.068205e+02
    Cycle  1   7.118694e-02    0.000344     7.118694e-02 
    Cycle  2   1.416289e-02    0.198953     1.416289e-02 
    Cycle  3   6.074863e-03    0.428928     6.074863e-03 
    Cycle  4   3.381265e-03    0.556599     3.381265e-03 
    Cycle  5   2.150638e-03    0.636045     2.150638e-03 
    Cycle  6   1.474967e-03    0.685828     1.474967e-03 
    Cycle  7   1.058193e-03    0.717435     1.058193e-03 
    Cycle  8   7.814347e-04    0.738462     7.814347e-04 
    Cycle  9   5.886334e-04    0.753273     5.886334e-04 
    Cycle 10   4.498901e-04    0.764296     4.498901e-04 
    Cycle 11   3.477251e-04    0.772911     3.477251e-04 
    Cycle 12   2.712026e-04    0.779934     2.712026e-04 
    Cycle 13   2.131278e-04    0.785862     2.131278e-04 
    Cycle 14   1.685865e-04    0.791011     1.685865e-04 
    Cycle 15   1.341249e-04    0.795585     1.341249e-04 
    Cycle 16   1.072622e-04    0.799719     1.072622e-04 
    Cycle 17   8.618539e-05    0.803502     8.618539e-05 
    Cycle 18   6.955130e-05    0.806996     6.955130e-05 
    Cycle 19   5.635350e-05    0.810244     5.635350e-05 
    Cycle 20   4.583076e-05    0.813273     4.583076e-05 
    Cycle 21   3.740269e-05    0.816104     3.740269e-05 
    Cycle 22   3.062360e-05    0.818754     3.062360e-05 
    Cycle 23   2.514911e-05    0.821233     2.514911e-05 
    Cycle 24   2.071158e-05    0.823551     2.071158e-05 
    Cycle 25   1.710188e-05    0.825716     1.710188e-05 
    Cycle 26   1.415585e-05    0.827736     1.415585e-05 
    Cycle 27   1.174397e-05    0.829619     1.174397e-05 
    Cycle 28   9.763602e-06    0.831372     9.763602e-06 
    Cycle 29   8.133091e-06    0.833001     8.133091e-06 
    Cycle 30   6.787184e-06    0.834515     6.787184e-06 
    Cycle 31   5.673541e-06    0.835920     5.673541e-06 
    Cycle 32   4.750020e-06    0.837223     4.750020e-06 
    Cycle 33   3.982569e-06    0.838432     3.982569e-06 
    Cycle 34   3.343578e-06    0.839553     3.343578e-06 
    Cycle 35   2.810587e-06    0.840593     2.810587e-06 
    Cycle 36   2.365268e-06    0.841557     2.365268e-06 
    Cycle 37   1.992622e-06    0.842451     1.992622e-06 
    Cycle 38   1.680342e-06    0.843281     1.680342e-06 
    Cycle 39   1.418297e-06    0.844053     1.418297e-06 
    Cycle 40   1.198134e-06    0.844770     1.198134e-06 
    Cycle 41   1.012946e-06    0.845437     1.012946e-06 
    Cycle 42   8.570109e-07    0.846058     8.570109e-07 
    Cycle 43   7.255766e-07    0.846636     7.255766e-07 
    Cycle 44   6.146915e-07    0.847176     6.146915e-07 
    Cycle 45   5.210622e-07    0.847681     5.210622e-07 
    Cycle 46   4.419402e-07    0.848152     4.419402e-07 
    Cycle 47   3.750278e-07    0.848594     3.750278e-07 
    Cycle 48   3.184014e-07    0.849008     3.184014e-07 
    Cycle 49   2.704488e-07    0.849396     2.704488e-07 
    Cycle 50   2.298166e-07    0.849760     2.298166e-07 
    Cycle 51   1.953677e-07    0.850103     1.953677e-07 
    Cycle 52   1.661457e-07    0.850425     1.661457e-07 
    Cycle 53   1.413450e-07    0.850729     1.413450e-07 
    Cycle 54   1.202868e-07    0.851016     1.202868e-07 
    Cycle 55   1.023986e-07    0.851287     1.023986e-07 
    Cycle 56   8.719670e-08    0.851542     8.719670e-08 
    Cycle 57   7.427278e-08    0.851784     7.427278e-08 
    Cycle 58   6.328141e-08    0.852013     6.328141e-08 
    Cycle 59   5.393036e-08    0.852231     5.393036e-08 
    Cycle 60   4.597222e-08    0.852437     4.597222e-08 
    Cycle 61   3.919741e-08    0.852632     3.919741e-08 
    Cycle 62   3.342827e-08    0.852818     3.342827e-08 
    Cycle 63   2.851415e-08    0.852995     2.851415e-08 
    Cycle 64   2.432723e-08    0.853163     2.432723e-08 
    Cycle 65   2.075900e-08    0.853324     2.075900e-08 
    Cycle 66   1.771732e-08    0.853477     1.771732e-08 
    Cycle 67   1.512390e-08    0.853622     1.512390e-08 
    Cycle 68   1.291220e-08    0.853761     1.291220e-08 
    Cycle 69   1.102565e-08    0.853894     1.102565e-08 
    Cycle 70   9.416140e-09    0.854021     9.416140e-09 
    Cycle 71   8.042724e-09    0.854142     8.042724e-09 
    Cycle 72   6.870566e-09    0.854259     6.870566e-09 
    Cycle 73   5.870003e-09    0.854370     5.870003e-09 
    Cycle 74   5.015777e-09    0.854476     5.015777e-09 
    Cycle 75   4.286373e-09    0.854578     4.286373e-09 
    Cycle 76   3.663459e-09    0.854676     3.663459e-09 
    Cycle 77   3.131413e-09    0.854770     3.131413e-09 
    Cycle 78   2.676918e-09    0.854859     2.676918e-09 
    Cycle 79   2.288620e-09    0.854946     2.288620e-09 
    Cycle 80   1.956836e-09    0.855029     1.956836e-09 
    Cycle 81   1.673306e-09    0.855108     1.673306e-09 
    Cycle 82   1.430986e-09    0.855185     1.430986e-09 
    Cycle 83   1.223863e-09    0.855258     1.223863e-09 
    Cycle 84   1.046806e-09    0.855329     1.046806e-09 
    Cycle 85   8.954349e-10    0.855397     8.954349e-10 
    Cycle 86   7.660113e-10    0.855463     7.660113e-10 
    Cycle 87   6.553424e-10    0.855526     6.553424e-10 
    Cycle 88   5.607022e-10    0.855587     5.607022e-10 
    Cycle 89   4.797621e-10    0.855645     4.797621e-10 
    Cycle 90   4.105332e-10    0.855702     4.105332e-10 
    Cycle 91   3.513162e-10    0.855756     3.513162e-10 
    Cycle 92   3.006593e-10    0.855808     3.006593e-10 
    Cycle 93   2.573219e-10    0.855859     2.573219e-10 
    Cycle 94   2.202437e-10    0.855908     2.202437e-10 
    Cycle 95   1.885187e-10    0.855955     1.885187e-10 
    Cycle 96   1.613720e-10    0.856000     1.613720e-10 
    Cycle 97   1.381415e-10    0.856044     1.381415e-10 
    Cycle 98   1.182610e-10    0.856086     1.182610e-10 
    Cycle 99   1.012465e-10    0.856127     1.012465e-10 
    Cycle 100   8.668387e-11    0.856167     8.668387e-11 


==============================================
 NOTE: Convergence tolerance was not achieved
      within the allowed 100 V-cycles
==============================================

 Average Convergence Factor = 0.752010

     Complexity:    grid = 1.836580
                operator = 5.898238
                   cycle = 11.796473



=============================================
Solve phase times:
=============================================
BoomerAMG Solve:
  wall clock time = 157.720000 seconds
  wall MFLOPS     = 0.000000
  cpu clock time  = 157.710000 seconds
  cpu MFLOPS      = 0.000000

Running with these driver parameters:
  solver ID    = 0

Reading the mesh....................done.

 Levels 1-3
============

 Levels 4-5
============
Creating the ParFESpace.............done.
Assembling the matrix...............done.
Assembling the rhs..................done.
Finalizing the matrix...............done.
Creating the HypreParMatrix.........done.
Creating the RHS HypreParVector.....done.
=============================================
aFEM problem generation times:
=============================================
aFEM problem generation:
  wall clock time = 32.830000 seconds
  wall MFLOPS     = 0.000000
  cpu clock time  = 32.780000 seconds
  cpu MFLOPS      = 0.000000

=============================================
IJ Matrix Setup:
=============================================
Spatial operator:
  wall clock time = 1.010000 seconds
  wall MFLOPS     = 0.000000
  cpu clock time  = 1.010000 seconds
  cpu MFLOPS      = 0.000000

  RHS vector is 0
  Initial guess has unit components
=============================================
IJ Vector Setup:
=============================================
RHS and Initial Guess:
  wall clock time = 0.060000 seconds
  wall MFLOPS     = 0.000000
  cpu clock time  = 0.060000 seconds
  cpu MFLOPS      = 0.000000

Solver:  AMG

BoomerAMG SETUP PARAMETERS:

 Max levels = 25
 Num levels = 16

 Strength Threshold = 0.250000
 Interpolation Truncation Factor = 0.000000
 Maximum Row Sum Threshold for Dependency Weakening = 1.000000

 Coarsening Type = CLJP-c 
 Hybrid Coarsening (switch to CLJP when coarsening slows)
 measures are determined locally


Operator Matrix Information:

            nonzero         entries per row        row sums
lev   rows  entries  sparse  min  max   avg       min         max
===================================================================
 0 1046846 13788132  0.000     1   51  13.2  -2.468e-02   3.000e+00
 1  418193 10901275  0.000     4   82  26.1  -2.668e-02   2.002e+00
 2  213680 12059598  0.000     4  163  56.4  -1.170e-02   4.283e-02
 3  114276 12397348  0.001     9  274  108.5  -1.075e-02   4.030e-02
 4   62661 11446775  0.003    18  424  182.7  -6.997e-03   4.488e-02
 5   34459  9404275  0.008    28  628  272.9  -6.272e-03   4.950e-02
 6   18873  6901403  0.019    44  813  365.7  -4.361e-03   4.190e-02
 7   10158  4448760  0.043    86  889  438.0  -2.604e-03   3.819e-02
 8    5375  2531259  0.088   114  874  470.9  -4.155e-05   4.066e-02
 9    2716  1169566  0.159   129  752  430.6   7.857e-05   2.939e-02
10    1301   458025  0.271   105  664  352.1   6.899e-04   3.170e-02
11     594   150968  0.428    94  451  254.2   1.913e-03   3.468e-02
12     235    35573  0.644    76  226  151.4   2.908e-03   5.124e-02
13      83     5691  0.826    42   83  68.6   9.823e-03   6.750e-02
14      26      652  0.964    19   26  25.1   1.777e-02   5.898e-02
15       8       64  1.000     8    8   8.0   3.449e-02   6.328e-02


Interpolation Matrix Information:

                 entries/row    min     max         row sums
lev  rows cols    min max     weight   weight     min       max 
=================================================================
 0 1046846 x 418193   0  15   3.621e-03 1.060e+00 0.000e+00 1.423e+00
 1 418193 x 213680   1  14   1.346e-04 1.153e+00 8.999e-04 1.450e+00
 2 213680 x 114276   1  15   1.163e-02 1.173e+00 7.829e-02 1.439e+00
 3 114276 x 62661   1  16   9.244e-03 1.229e+00 5.387e-02 1.419e+00
 4 62661 x 34459   1  17   5.588e-03 1.122e+00 4.466e-02 1.301e+00
 5 34459 x 18873   1  17   3.023e-03 1.075e+00 1.156e-02 1.259e+00
 6 18873 x 10158   1  19   3.232e-03 1.118e+00 2.722e-02 1.118e+00
 7 10158 x 5375    1  19   5.133e-03 1.001e+00 6.587e-02 1.008e+00
 8  5375 x 2716    1  19   7.449e-03 1.006e+00 3.962e-02 1.006e+00
 9  2716 x 1301    1  18   8.248e-03 9.913e-01 2.698e-02 1.000e+00
10  1301 x 594     1  20   1.144e-02 9.511e-01 6.841e-02 1.000e+00
11   594 x 235     1  15   1.092e-02 8.995e-01 6.741e-02 1.000e+00
12   235 x 83      1   7   6.197e-03 8.954e-01 3.297e-02 1.000e+00
13    83 x 26      1   4   9.711e-03 7.142e-01 3.688e-02 1.000e+00
14    26 x 8       1   3   2.175e-03 1.667e-01 9.585e-03 1.000e+00


     Complexity:    grid = 1.843140
                operator = 6.215444




BoomerAMG SOLVER PARAMETERS:

  Maximum number of cycles:         100 
  Stopping Tolerance:               1.000000e-100 
  Cycle type (1 = V, 2 = W, etc.):  1

  Relaxation Parameters:
   Visiting Grid:                     fine  down   up  coarse
            Number of partial sweeps:   2     2    2     1 
   Type 0=Jac, 1=GS, 3=Hybrid 9=GE:     3     3    3     9 
   Point types, partial sweeps (1=C, -1=F):
                               Finest grid:   1  -1
                  Pre-CG relaxation (down):   1  -1
                   Post-CG relaxation (up):  -1   1
                             Coarsest grid:   0

=============================================
Setup phase times:
=============================================
BoomerAMG Setup:
  wall clock time = 23.190000 seconds
  wall MFLOPS     = 0.000000
  cpu clock time  = 23.270000 seconds
  cpu MFLOPS      = 0.000000



BoomerAMG SOLVER PARAMETERS:

  Maximum number of cycles:         100 
  Stopping Tolerance:               1.000000e-100 
  Cycle type (1 = V, 2 = W, etc.):  1

  Relaxation Parameters:
   Visiting Grid:                     fine  down   up  coarse
            Number of partial sweeps:   2     2    2     1 
   Type 0=Jac, 1=GS, 3=Hybrid 9=GE:     3     3    3     9 
   Point types, partial sweeps (1=C, -1=F):
                               Finest grid:   1  -1
                  Pre-CG relaxation (down):   1  -1
                   Post-CG relaxation (up):  -1   1
                             Coarsest grid:   0

 Output flag (print_level): 3 


AMG SOLUTION INFO:
                                            relative
               residual        factor       residual
               --------        ------       --------
    Initial    2.068205e+02                 2.068205e+02
    Cycle  1   7.233578e-02    0.000350     7.233578e-02 
    Cycle  2   1.418881e-02    0.196152     1.418881e-02 
    Cycle  3   6.034002e-03    0.425265     6.034002e-03 
    Cycle  4   3.357509e-03    0.556432     3.357509e-03 
    Cycle  5   2.135107e-03    0.635920     2.135107e-03 
    Cycle  6   1.461504e-03    0.684511     1.461504e-03 
    Cycle  7   1.045394e-03    0.715287     1.045394e-03 
    Cycle  8   7.695595e-04    0.736143     7.695595e-04 
    Cycle  9   5.781390e-04    0.751260     5.781390e-04 
    Cycle 10   4.410305e-04    0.762845     4.410305e-04 
    Cycle 11   3.405339e-04    0.772132     3.405339e-04 
    Cycle 12   2.655660e-04    0.779852     2.655660e-04 
    Cycle 13   2.088573e-04    0.786461     2.088573e-04 
    Cycle 14   1.654685e-04    0.792256     1.654685e-04 
    Cycle 15   1.319502e-04    0.797434     1.319502e-04 
    Cycle 16   1.058413e-04    0.802131     1.058413e-04 
    Cycle 17   8.535447e-05    0.806438     8.535447e-05 
    Cycle 18   6.917287e-05    0.810419     6.917287e-05 
    Cycle 19   5.631483e-05    0.814117     5.631483e-05 
    Cycle 20   4.604097e-05    0.817564     4.604097e-05 
    Cycle 21   3.778945e-05    0.820779     3.778945e-05 
    Cycle 22   3.113011e-05    0.823778     3.113011e-05 
    Cycle 23   2.573128e-05    0.826572     2.573128e-05 
    Cycle 24   2.133564e-05    0.829171     2.133564e-05 
    Cycle 25   1.774236e-05    0.831583     1.774236e-05 
    Cycle 26   1.479389e-05    0.833818     1.479389e-05 
    Cycle 27   1.236595e-05    0.835882     1.236595e-05 
    Cycle 28   1.036001e-05    0.837785     1.036001e-05 
    Cycle 29   8.697613e-06    0.839537     8.697613e-06 
    Cycle 30   7.315967e-06    0.841147     7.315967e-06 
    Cycle 31   6.164605e-06    0.842623     6.164605e-06 
    Cycle 32   5.202787e-06    0.843977     5.202787e-06 
    Cycle 33   4.397485e-06    0.845217     4.397485e-06 
    Cycle 34   3.721825e-06    0.846353     3.721825e-06 
    Cycle 35   3.153848e-06    0.847393     3.153848e-06 
    Cycle 36   2.675552e-06    0.848345     2.675552e-06 
    Cycle 37   2.272127e-06    0.849218     2.272127e-06 
    Cycle 38   1.931350e-06    0.850018     1.931350e-06 
    Cycle 39   1.643102e-06    0.850753     1.643102e-06 
    Cycle 40   1.398984e-06    0.851428     1.398984e-06 
    Cycle 41   1.192004e-06    0.852050     1.192004e-06 
    Cycle 42   1.016328e-06    0.852622     1.016328e-06 
    Cycle 43   8.670807e-07    0.853150     8.670807e-07 
    Cycle 44   7.401733e-07    0.853638     7.401733e-07 
    Cycle 45   6.321748e-07    0.854090     6.321748e-07 
    Cycle 46   5.401994e-07    0.854509     5.401994e-07 
    Cycle 47   4.618158e-07    0.854899     4.618158e-07 
    Cycle 48   3.949731e-07    0.855261     3.949731e-07 
    Cycle 49   3.379386e-07    0.855599     3.379386e-07 
    Cycle 50   2.892465e-07    0.855914     2.892465e-07 
    Cycle 51   2.476555e-07    0.856209     2.476555e-07 
    Cycle 52   2.121134e-07    0.856486     2.121134e-07 
    Cycle 53   1.817271e-07    0.856745     1.817271e-07 
    Cycle 54   1.557380e-07    0.856989     1.557380e-07 
    Cycle 55   1.335014e-07    0.857218     1.335014e-07 
    Cycle 56   1.144687e-07    0.857434     1.144687e-07 
    Cycle 57   9.817267e-08    0.857638     9.817267e-08 
    Cycle 58   8.421554e-08    0.857831     8.421554e-08 
    Cycle 59   7.225804e-08    0.858013     7.225804e-08 
    Cycle 60   6.201083e-08    0.858186     6.201083e-08 
    Cycle 61   5.322699e-08    0.858350     5.322699e-08 
    Cycle 62   4.569566e-08    0.858505     4.569566e-08 
    Cycle 63   3.923672e-08    0.858653     3.923672e-08 
    Cycle 64   3.369626e-08    0.858794     3.369626e-08 
    Cycle 65   2.894265e-08    0.858928     2.894265e-08 
    Cycle 66   2.486334e-08    0.859055     2.486334e-08 
    Cycle 67   2.136201e-08    0.859177     2.136201e-08 
    Cycle 68   1.835623e-08    0.859293     1.835623e-08 
    Cycle 69   1.577542e-08    0.859404     1.577542e-08 
    Cycle 70   1.355913e-08    0.859510     1.355913e-08 
    Cycle 71   1.165558e-08    0.859611     1.165558e-08 
    Cycle 72   1.002040e-08    0.859708     1.002040e-08 
    Cycle 73   8.615555e-09    0.859801     8.615555e-09 
    Cycle 74   7.408431e-09    0.859890     7.408431e-09 
    Cycle 75   6.371069e-09    0.859975     6.371069e-09 
    Cycle 76   5.479484e-09    0.860057     5.479484e-09 
    Cycle 77   4.713099e-09    0.860136     4.713099e-09 
    Cycle 78   4.054258e-09    0.860211     4.054258e-09 
    Cycle 79   3.487809e-09    0.860283     3.487809e-09 
    Cycle 80   3.000745e-09    0.860352     3.000745e-09 
    Cycle 81   2.581897e-09    0.860419     2.581897e-09 
    Cycle 82   2.221678e-09    0.860483     2.221678e-09 
    Cycle 83   1.911853e-09    0.860544     1.911853e-09 
    Cycle 84   1.645347e-09    0.860604     1.645347e-09 
    Cycle 85   1.416085e-09    0.860660     1.416085e-09 
    Cycle 86   1.218846e-09    0.860715     1.218846e-09 
    Cycle 87   1.049143e-09    0.860768     1.049143e-09 
    Cycle 88   9.031220e-10    0.860818     9.031220e-10 
    Cycle 89   7.774681e-10    0.860867     7.774681e-10 
    Cycle 90   6.693333e-10    0.860914     6.693333e-10 
    Cycle 91   5.762688e-10    0.860959     5.762688e-10 
    Cycle 92   4.961691e-10    0.861003     4.961691e-10 
    Cycle 93   4.272239e-10    0.861045     4.272239e-10 
    Cycle 94   3.678762e-10    0.861085     3.678762e-10 
    Cycle 95   3.167872e-10    0.861124     3.167872e-10 
    Cycle 96   2.728050e-10    0.861162     2.728050e-10 
    Cycle 97   2.349392e-10    0.861198     2.349392e-10 
    Cycle 98   2.023374e-10    0.861233     2.023374e-10 
    Cycle 99   1.742664e-10    0.861267     1.742664e-10 
    Cycle 100   1.500955e-10    0.861299     1.500955e-10 


==============================================
 NOTE: Convergence tolerance was not achieved
      within the allowed 100 V-cycles
==============================================

 Average Convergence Factor = 0.756150

     Complexity:    grid = 1.843140
                operator = 6.215444
                   cycle = 12.430884



=============================================
Solve phase times:
=============================================
BoomerAMG Solve:
  wall clock time = 163.460000 seconds
  wall MFLOPS     = 0.000000
  cpu clock time  = 163.450000 seconds
  cpu MFLOPS      = 0.000000

Running with these driver parameters:
  solver ID    = 0

Reading the mesh....................done.

 Levels 1-3
============

 Levels 4-5
============
Creating the ParFESpace.............done.
Assembling the matrix...............done.
Assembling the rhs..................done.
Finalizing the matrix...............done.
Creating the HypreParMatrix.........done.
Creating the RHS HypreParVector.....done.
=============================================
aFEM problem generation times:
=============================================
aFEM problem generation:
  wall clock time = 33.030000 seconds
  wall MFLOPS     = 0.000000
  cpu clock time  = 33.030000 seconds
  cpu MFLOPS      = 0.000000

=============================================
IJ Matrix Setup:
=============================================
Spatial operator:
  wall clock time = 1.020000 seconds
  wall MFLOPS     = 0.000000
  cpu clock time  = 1.010000 seconds
  cpu MFLOPS      = 0.000000

  RHS vector is 0
  Initial guess has unit components
=============================================
IJ Vector Setup:
=============================================
RHS and Initial Guess:
  wall clock time = 0.060000 seconds
  wall MFLOPS     = 0.000000
  cpu clock time  = 0.060000 seconds
  cpu MFLOPS      = 0.000000

Solver:  AMG

Level 0, number of C-points: 418213
Level 1, number of C-points: 213672
Level 2, number of C-points: 114279
Level 3, number of C-points: 62664
Level 4, number of C-points: 34575
Level 5, number of C-points: 18943
Level 6, number of C-points: 10269
Level 7, number of C-points: 5533
Level 8, number of C-points: 2972
Level 9, number of C-points: 1595
Level 10, number of C-points: 753
Level 11, number of C-points: 0
BoomerAMG SETUP PARAMETERS:

 Max levels = 25
 Num levels = 12

 Strength Threshold = 0.250000
 Interpolation Truncation Factor = 0.000000
 Maximum Row Sum Threshold for Dependency Weakening = 1.000000

 Coarsening Type = Compatible Relaxation (CLJP-c Indep. Set)
 Hybrid Coarsening (switch to CLJP when coarsening slows)
 measures are determined locally


Operator Matrix Information:

            nonzero         entries per row        row sums
lev   rows  entries  sparse  min  max   avg       min         max
===================================================================
 0 1046846 13788132  0.000     1   51  13.2  -2.468e-02   3.000e+00
 1  418213 10901593  0.000     4   82  26.1  -2.668e-02   4.171e-02
 2  213672 12056054  0.000     6  164  56.4  -1.179e-02   4.283e-02
 3  114279 12403755  0.001     9  278  108.5  -1.075e-02   4.085e-02
 4   62664 11441038  0.003    15  421  182.6  -7.030e-03   3.844e-02
 5   34575  9413735  0.008    21  612  272.3  -5.537e-03   4.002e-02
 6   18943  6837359  0.019    37  800  360.9  -4.744e-03   3.615e-02
 7   10269  4441549  0.042    80  872  432.5  -4.131e-03   3.747e-02
 8    5533  2584163  0.084    82  886  467.0  -3.722e-03   2.571e-02
 9    2972  1305642  0.148   107  804  439.3  -2.019e-03   2.975e-02
10    1595   610837  0.240   113  703  383.0   5.924e-04   2.680e-02
11     753   231041  0.407    81  576  306.8   1.120e-03   4.531e-02


Interpolation Matrix Information:

                 entries/row    min     max         row sums
lev  rows cols    min max     weight   weight     min       max 
=================================================================
 0 1046846 x 418213   0  15   1.348e-03 1.060e+00 0.000e+00 1.423e+00
 1 418213 x 213672   1  14   1.987e-02 1.153e+00 9.820e-02 1.450e+00
 2 213672 x 114279   0  15   1.163e-02 1.125e+00 0.000e+00 1.439e+00
 3 114279 x 62664   1  16   1.090e-02 1.394e+00 9.241e-02 1.421e+00
 4 62664 x 34575   0  17   6.391e-03 1.208e+00 0.000e+00 1.237e+00
 5 34575 x 18943   0  18   3.358e-03 1.095e+00 0.000e+00 1.149e+00
 6 18943 x 10269   0  22   7.089e-03 1.030e+00 0.000e+00 1.127e+00
 7 10269 x 5533    0  21   6.608e-03 1.000e+00 0.000e+00 1.017e+00
 8  5533 x 2972    0  20   8.795e-03 1.005e+00 0.000e+00 1.005e+00
 9  2972 x 1595    0  18   5.642e-03 9.916e-01 0.000e+00 1.000e+00
10  1595 x 753     0  21   1.051e-02 9.678e-01 0.000e+00 1.000e+00


     Complexity:    grid = 1.843933
                operator = 6.238329




BoomerAMG SOLVER PARAMETERS:

  Maximum number of cycles:         100 
  Stopping Tolerance:               1.000000e-100 
  Cycle type (1 = V, 2 = W, etc.):  1

  Relaxation Parameters:
   Visiting Grid:                     fine  down   up  coarse
            Number of partial sweeps:   2     2    2     1 
   Type 0=Jac, 1=GS, 3=Hybrid 9=GE:     3     3    3     9 
   Point types, partial sweeps (1=C, -1=F):
                               Finest grid:   1  -1
                  Pre-CG relaxation (down):   1  -1
                   Post-CG relaxation (up):  -1   1
                             Coarsest grid:   0

=============================================
Setup phase times:
=============================================
BoomerAMG Setup:
  wall clock time = 28.430000 seconds
  wall MFLOPS     = 0.000000
  cpu clock time  = 28.430000 seconds
  cpu MFLOPS      = 0.000000



BoomerAMG SOLVER PARAMETERS:

  Maximum number of cycles:         100 
  Stopping Tolerance:               1.000000e-100 
  Cycle type (1 = V, 2 = W, etc.):  1

  Relaxation Parameters:
   Visiting Grid:                     fine  down   up  coarse
            Number of partial sweeps:   2     2    2     1 
   Type 0=Jac, 1=GS, 3=Hybrid 9=GE:     3     3    3     9 
   Point types, partial sweeps (1=C, -1=F):
                               Finest grid:   1  -1
                  Pre-CG relaxation (down):   1  -1
                   Post-CG relaxation (up):  -1   1
                             Coarsest grid:   0

 Output flag (print_level): 3 


AMG SOLUTION INFO:
                                            relative
               residual        factor       residual
               --------        ------       --------
    Initial    2.068205e+02                 2.068205e+02
    Cycle  1   7.219560e-02    0.000349     7.219560e-02 
    Cycle  2   1.433495e-02    0.198557     1.433495e-02 
    Cycle  3   6.159575e-03    0.429689     6.159575e-03 
    Cycle  4   3.439210e-03    0.558352     3.439210e-03 
    Cycle  5   2.185908e-03    0.635584     2.185908e-03 
    Cycle  6   1.494040e-03    0.683487     1.494040e-03 
    Cycle  7   1.067372e-03    0.714420     1.067372e-03 
    Cycle  8   7.851833e-04    0.735623     7.851833e-04 
    Cycle  9   5.896884e-04    0.751020     5.896884e-04 
    Cycle 10   4.497960e-04    0.762769     4.497960e-04 
    Cycle 11   3.472956e-04    0.772118     3.472956e-04 
    Cycle 12   2.708306e-04    0.779827     2.708306e-04 
    Cycle 13   2.129751e-04    0.786378     2.129751e-04 
    Cycle 14   1.686941e-04    0.792083     1.686941e-04 
    Cycle 15   1.344753e-04    0.797155     1.344753e-04 
    Cycle 16   1.078134e-04    0.801734     1.078134e-04 
    Cycle 17   8.688908e-05    0.805921     8.688908e-05 
    Cycle 18   7.036119e-05    0.809782     7.036119e-05 
    Cycle 19   5.722932e-05    0.813365     5.722932e-05 
    Cycle 20   4.673933e-05    0.816703     4.673933e-05 
    Cycle 21   3.831775e-05    0.819818     3.831775e-05 
    Cycle 22   3.152509e-05    0.822728     3.152509e-05 
    Cycle 23   2.602222e-05    0.825445     2.602222e-05 
    Cycle 24   2.154584e-05    0.827978     2.154584e-05 
    Cycle 25   1.789030e-05    0.830337     1.789030e-05 
    Cycle 26   1.489418e-05    0.832528     1.489418e-05 
    Cycle 27   1.243011e-05    0.834561     1.243011e-05 
    Cycle 28   1.039707e-05    0.836442     1.039707e-05 
    Cycle 29   8.714622e-06    0.838181     8.714622e-06 
    Cycle 30   7.318402e-06    0.839784     7.318402e-06 
    Cycle 31   6.156690e-06    0.841261     6.156690e-06 
    Cycle 32   5.187755e-06    0.842621     5.187755e-06 
    Cycle 33   4.377795e-06    0.843871     4.377795e-06 
    Cycle 34   3.699323e-06    0.845020     3.699323e-06 
    Cycle 35   3.129905e-06    0.846075     3.129905e-06 
    Cycle 36   2.651170e-06    0.847045     2.651170e-06 
    Cycle 37   2.248023e-06    0.847936     2.248023e-06 
    Cycle 38   1.908023e-06    0.848756     1.908023e-06 
    Cycle 39   1.620884e-06    0.849510     1.620884e-06 
    Cycle 40   1.378083e-06    0.850205     1.378083e-06 
    Cycle 41   1.172536e-06    0.850845     1.172536e-06 
    Cycle 42   9.983393e-07    0.851436     9.983393e-07 
    Cycle 43   8.505678e-07    0.851983     8.505678e-07 
    Cycle 44   7.250991e-07    0.852488     7.250991e-07 
    Cycle 45   6.184784e-07    0.852957     6.184784e-07 
    Cycle 46   5.278045e-07    0.853392     5.278045e-07 
    Cycle 47   4.506377e-07    0.853797     4.506377e-07 
    Cycle 48   3.849227e-07    0.854173     3.849227e-07 
    Cycle 49   3.289259e-07    0.854525     3.289259e-07 
    Cycle 50   2.811831e-07    0.854853     2.811831e-07 
    Cycle 51   2.404565e-07    0.855160     2.404565e-07 
    Cycle 52   2.056978e-07    0.855447     2.056978e-07 
    Cycle 53   1.760192e-07    0.855717     1.760192e-07 
    Cycle 54   1.506673e-07    0.855971     1.506673e-07 
    Cycle 55   1.290028e-07    0.856210     1.290028e-07 
    Cycle 56   1.104825e-07    0.856435     1.104825e-07 
    Cycle 57   9.464450e-08    0.856647     9.464450e-08 
    Cycle 58   8.109593e-08    0.856848     8.109593e-08 
    Cycle 59   6.950226e-08    0.857038     6.950226e-08 
    Cycle 60   5.957856e-08    0.857217     5.957856e-08 
    Cycle 61   5.108194e-08    0.857388     5.108194e-08 
    Cycle 62   4.380531e-08    0.857550     4.380531e-08 
    Cycle 63   3.757198e-08    0.857704     3.757198e-08 
    Cycle 64   3.223113e-08    0.857850     3.223113e-08 
    Cycle 65   2.765397e-08    0.857989     2.765397e-08 
    Cycle 66   2.373048e-08    0.858122     2.373048e-08 
    Cycle 67   2.036665e-08    0.858249     2.036665e-08 
    Cycle 68   1.748212e-08    0.858370     1.748212e-08 
    Cycle 69   1.500813e-08    0.858485     1.500813e-08 
    Cycle 70   1.288591e-08    0.858595     1.288591e-08 
    Cycle 71   1.106514e-08    0.858701     1.106514e-08 
    Cycle 72   9.502759e-09    0.858802     9.502759e-09 
    Cycle 73   8.161902e-09    0.858898     8.161902e-09 
    Cycle 74   7.010998e-09    0.858991     7.010998e-09 
    Cycle 75   6.023004e-09    0.859079     6.023004e-09 
    Cycle 76   5.174752e-09    0.859164     5.174752e-09 
    Cycle 77   4.446385e-09    0.859246     4.446385e-09 
    Cycle 78   3.820887e-09    0.859324     3.820887e-09 
    Cycle 79   3.283669e-09    0.859400     3.283669e-09 
    Cycle 80   2.822221e-09    0.859472     2.822221e-09 
    Cycle 81   2.425815e-09    0.859541     2.425815e-09 
    Cycle 82   2.085249e-09    0.859608     2.085249e-09 
    Cycle 83   1.792630e-09    0.859672     1.792630e-09 
    Cycle 84   1.541184e-09    0.859734     1.541184e-09 
    Cycle 85   1.325099e-09    0.859793     1.325099e-09 
    Cycle 86   1.139386e-09    0.859850     1.139386e-09 
    Cycle 87   9.797638e-10    0.859905     9.797638e-10 
    Cycle 88   8.425554e-10    0.859958     8.425554e-10 
    Cycle 89   7.246048e-10    0.860008     7.246048e-10 
    Cycle 90   6.232018e-10    0.860057     6.232018e-10 
    Cycle 91   5.360187e-10    0.860105     5.360187e-10 
    Cycle 92   4.610566e-10    0.860150     4.610566e-10 
    Cycle 93   3.965981e-10    0.860194     3.965981e-10 
    Cycle 94   3.411680e-10    0.860236     3.411680e-10 
    Cycle 95   2.934989e-10    0.860277     2.934989e-10 
    Cycle 96   2.525018e-10    0.860316     2.525018e-10 
    Cycle 97   2.172409e-10    0.860354     2.172409e-10 
    Cycle 98   1.869120e-10    0.860390     1.869120e-10 
    Cycle 99   1.608239e-10    0.860425     1.608239e-10 
    Cycle 100   1.383824e-10    0.860459     1.383824e-10 


==============================================
 NOTE: Convergence tolerance was not achieved
      within the allowed 100 V-cycles
==============================================

 Average Convergence Factor = 0.755535

     Complexity:    grid = 1.843933
                operator = 6.238329
                   cycle = 12.459901



=============================================
Solve phase times:
=============================================
BoomerAMG Solve:
  wall clock time = 430.850000 seconds
  wall MFLOPS     = 0.000000
  cpu clock time  = 430.840000 seconds
  cpu MFLOPS      = 0.000000

